#! /usr/bin/vvp
:ivl_version "11.0 (stable)";
:ivl_delay_selection "TYPICAL";
:vpi_time_precision + 0;
:vpi_module "/usr/lib/x86_64-linux-gnu/ivl/system.vpi";
:vpi_module "/usr/lib/x86_64-linux-gnu/ivl/vhdl_sys.vpi";
:vpi_module "/usr/lib/x86_64-linux-gnu/ivl/vhdl_textio.vpi";
:vpi_module "/usr/lib/x86_64-linux-gnu/ivl/v2005_math.vpi";
:vpi_module "/usr/lib/x86_64-linux-gnu/ivl/va_math.vpi";
S_0x5601e42c5360 .scope module, "ControlUnit" "ControlUnit" 2 168;
 .timescale 0 0;
    .port_info 0 /INPUT 7 "opcode";
    .port_info 1 /OUTPUT 1 "Branch";
    .port_info 2 /OUTPUT 1 "MemRead";
    .port_info 3 /OUTPUT 1 "MemtoReg";
    .port_info 4 /OUTPUT 2 "ALUOp";
    .port_info 5 /OUTPUT 1 "MemWrite";
    .port_info 6 /OUTPUT 1 "ALUSrc";
    .port_info 7 /OUTPUT 1 "RegWrite";
L_0x5601e430dfb0 .functor BUFZ 1, v0x5601e430b5f0_0, C4<0>, C4<0>, C4<0>;
L_0x5601e430e040 .functor BUFZ 1, v0x5601e430b770_0, C4<0>, C4<0>, C4<0>;
L_0x5601e430e110 .functor BUFZ 1, v0x5601e430ba70_0, C4<0>, C4<0>, C4<0>;
L_0x5601e430e1e0 .functor BUFZ 2, v0x5601e430b2f0_0, C4<00>, C4<00>, C4<00>;
L_0x5601e430e2e0 .functor BUFZ 1, v0x5601e430b8f0_0, C4<0>, C4<0>, C4<0>;
L_0x5601e430e3b0 .functor BUFZ 1, v0x5601e430b470_0, C4<0>, C4<0>, C4<0>;
L_0x5601e430e4c0 .functor BUFZ 1, v0x5601e430bbf0_0, C4<0>, C4<0>, C4<0>;
v0x5601e42d9d50_0 .net "ALUOp", 1 0, L_0x5601e430e1e0;  1 drivers
v0x5601e430b2f0_0 .var "ALUOp_reg", 1 0;
v0x5601e430b3d0_0 .net "ALUSrc", 0 0, L_0x5601e430e3b0;  1 drivers
v0x5601e430b470_0 .var "ALUSrc_reg", 0 0;
v0x5601e430b530_0 .net "Branch", 0 0, L_0x5601e430dfb0;  1 drivers
v0x5601e430b5f0_0 .var "Branch_reg", 0 0;
v0x5601e430b6b0_0 .net "MemRead", 0 0, L_0x5601e430e040;  1 drivers
v0x5601e430b770_0 .var "MemRead_reg", 0 0;
v0x5601e430b830_0 .net "MemWrite", 0 0, L_0x5601e430e2e0;  1 drivers
v0x5601e430b8f0_0 .var "MemWrite_reg", 0 0;
v0x5601e430b9b0_0 .net "MemtoReg", 0 0, L_0x5601e430e110;  1 drivers
v0x5601e430ba70_0 .var "MemtoReg_reg", 0 0;
v0x5601e430bb30_0 .net "RegWrite", 0 0, L_0x5601e430e4c0;  1 drivers
v0x5601e430bbf0_0 .var "RegWrite_reg", 0 0;
o0x7f71147542b8 .functor BUFZ 7, C4<zzzzzzz>; HiZ drive
v0x5601e430bcb0_0 .net "opcode", 6 0, o0x7f71147542b8;  0 drivers
E_0x5601e42df640 .event edge, v0x5601e430bcb0_0;
S_0x5601e42c4b90 .scope module, "ImmGen" "ImmGen" 2 127;
 .timescale 0 0;
    .port_info 0 /INPUT 32 "instruction";
    .port_info 1 /INPUT 7 "opcode";
    .port_info 2 /OUTPUT 64 "imm";
L_0x5601e430e560 .functor BUFZ 64, v0x5601e430bfd0_0, C4<0000000000000000000000000000000000000000000000000000000000000000>, C4<0000000000000000000000000000000000000000000000000000000000000000>, C4<0000000000000000000000000000000000000000000000000000000000000000>;
v0x5601e430bed0_0 .net "imm", 63 0, L_0x5601e430e560;  1 drivers
v0x5601e430bfd0_0 .var "imm_reg", 63 0;
o0x7f71147544c8 .functor BUFZ 32, C4<zzzzzzzzzzzzzzzzzzzzzzzzzzzzzzzz>; HiZ drive
v0x5601e430c0b0_0 .net "instruction", 31 0, o0x7f71147544c8;  0 drivers
o0x7f71147544f8 .functor BUFZ 7, C4<zzzzzzz>; HiZ drive
v0x5601e430c170_0 .net "opcode", 6 0, o0x7f71147544f8;  0 drivers
E_0x5601e42b49b0 .event edge, v0x5601e430c170_0, v0x5601e430c0b0_0;
S_0x5601e42c4f70 .scope module, "InstructionDecoder" "InstructionDecoder" 2 1;
 .timescale 0 0;
    .port_info 0 /INPUT 32 "instruction";
    .port_info 1 /OUTPUT 7 "opcode";
    .port_info 2 /OUTPUT 5 "rs1";
    .port_info 3 /OUTPUT 5 "rs2";
    .port_info 4 /OUTPUT 5 "rd";
L_0x5601e430e630 .functor BUFZ 7, v0x5601e430c650_0, C4<0000000>, C4<0000000>, C4<0000000>;
L_0x5601e430e700 .functor BUFZ 5, v0x5601e430c9d0_0, C4<00000>, C4<00000>, C4<00000>;
L_0x5601e430e7d0 .functor BUFZ 5, v0x5601e430cc20_0, C4<00000>, C4<00000>, C4<00000>;
L_0x5601e430e8a0 .functor BUFZ 5, v0x5601e430c810_0, C4<00000>, C4<00000>, C4<00000>;
v0x5601e430c2f0_0 .net "imm", 0 0, L_0x5601e430e9a0;  1 drivers
v0x5601e430c3d0_0 .var "imm_reg", 31 0;
o0x7f7114754618 .functor BUFZ 32, C4<zzzzzzzzzzzzzzzzzzzzzzzzzzzzzzzz>; HiZ drive
v0x5601e430c4b0_0 .net "instruction", 31 0, o0x7f7114754618;  0 drivers
v0x5601e430c570_0 .net "opcode", 6 0, L_0x5601e430e630;  1 drivers
v0x5601e430c650_0 .var "opcode_reg", 6 0;
v0x5601e430c730_0 .net "rd", 4 0, L_0x5601e430e8a0;  1 drivers
v0x5601e430c810_0 .var "rd_reg", 4 0;
v0x5601e430c8f0_0 .net "rs1", 4 0, L_0x5601e430e700;  1 drivers
v0x5601e430c9d0_0 .var "rs1_reg", 4 0;
v0x5601e430cb40_0 .net "rs2", 4 0, L_0x5601e430e7d0;  1 drivers
v0x5601e430cc20_0 .var "rs2_reg", 4 0;
E_0x5601e42eb910 .event edge, v0x5601e430c4b0_0, v0x5601e430c650_0;
L_0x5601e430e9a0 .part v0x5601e430c3d0_0, 0, 1;
S_0x5601e42d9ae0 .scope module, "RegisterFile" "RegisterFile" 2 87;
 .timescale 0 0;
    .port_info 0 /INPUT 1 "clk";
    .port_info 1 /INPUT 1 "reset";
    .port_info 2 /INPUT 1 "regWrite";
    .port_info 3 /INPUT 5 "rs1";
    .port_info 4 /INPUT 5 "rs2";
    .port_info 5 /INPUT 5 "rd";
    .port_info 6 /INPUT 64 "writeData";
    .port_info 7 /OUTPUT 64 "readData1";
    .port_info 8 /OUTPUT 64 "readData2";
L_0x5601e430eaa0 .functor BUFZ 64, v0x5601e430d280_0, C4<0000000000000000000000000000000000000000000000000000000000000000>, C4<0000000000000000000000000000000000000000000000000000000000000000>, C4<0000000000000000000000000000000000000000000000000000000000000000>;
L_0x5601e430eb70 .functor BUFZ 64, v0x5601e430d440_0, C4<0000000000000000000000000000000000000000000000000000000000000000>, C4<0000000000000000000000000000000000000000000000000000000000000000>, C4<0000000000000000000000000000000000000000000000000000000000000000>;
o0x7f71147548b8 .functor BUFZ 1, C4<z>; HiZ drive
v0x5601e430cf20_0 .net "clk", 0 0, o0x7f71147548b8;  0 drivers
v0x5601e430d000_0 .var/i "i", 31 0;
o0x7f7114754918 .functor BUFZ 5, C4<zzzzz>; HiZ drive
v0x5601e430d0e0_0 .net "rd", 4 0, o0x7f7114754918;  0 drivers
v0x5601e430d1a0_0 .net "readData1", 63 0, L_0x5601e430eaa0;  1 drivers
v0x5601e430d280_0 .var "readData1_reg", 63 0;
v0x5601e430d360_0 .net "readData2", 63 0, L_0x5601e430eb70;  1 drivers
v0x5601e430d440_0 .var "readData2_reg", 63 0;
o0x7f7114754a08 .functor BUFZ 1, C4<z>; HiZ drive
v0x5601e430d520_0 .net "regWrite", 0 0, o0x7f7114754a08;  0 drivers
v0x5601e430d5e0 .array "registers", 31 0, 63 0;
o0x7f7114755038 .functor BUFZ 1, C4<z>; HiZ drive
v0x5601e430db30_0 .net "reset", 0 0, o0x7f7114755038;  0 drivers
o0x7f7114755068 .functor BUFZ 5, C4<zzzzz>; HiZ drive
v0x5601e430dbf0_0 .net "rs1", 4 0, o0x7f7114755068;  0 drivers
o0x7f7114755098 .functor BUFZ 5, C4<zzzzz>; HiZ drive
v0x5601e430dcd0_0 .net "rs2", 4 0, o0x7f7114755098;  0 drivers
o0x7f71147550c8 .functor BUFZ 64, C4<zzzzzzzzzzzzzzzzzzzzzzzzzzzzzzzzzzzzzzzzzzzzzzzzzzzzzzzzzzzzzzzz>; HiZ drive
v0x5601e430ddb0_0 .net "writeData", 63 0, o0x7f71147550c8;  0 drivers
E_0x5601e42edd20 .event posedge, v0x5601e430cf20_0;
v0x5601e430d5e0_0 .array/port v0x5601e430d5e0, 0;
v0x5601e430d5e0_1 .array/port v0x5601e430d5e0, 1;
v0x5601e430d5e0_2 .array/port v0x5601e430d5e0, 2;
E_0x5601e42ee060/0 .event edge, v0x5601e430dbf0_0, v0x5601e430d5e0_0, v0x5601e430d5e0_1, v0x5601e430d5e0_2;
v0x5601e430d5e0_3 .array/port v0x5601e430d5e0, 3;
v0x5601e430d5e0_4 .array/port v0x5601e430d5e0, 4;
v0x5601e430d5e0_5 .array/port v0x5601e430d5e0, 5;
v0x5601e430d5e0_6 .array/port v0x5601e430d5e0, 6;
E_0x5601e42ee060/1 .event edge, v0x5601e430d5e0_3, v0x5601e430d5e0_4, v0x5601e430d5e0_5, v0x5601e430d5e0_6;
v0x5601e430d5e0_7 .array/port v0x5601e430d5e0, 7;
v0x5601e430d5e0_8 .array/port v0x5601e430d5e0, 8;
v0x5601e430d5e0_9 .array/port v0x5601e430d5e0, 9;
v0x5601e430d5e0_10 .array/port v0x5601e430d5e0, 10;
E_0x5601e42ee060/2 .event edge, v0x5601e430d5e0_7, v0x5601e430d5e0_8, v0x5601e430d5e0_9, v0x5601e430d5e0_10;
v0x5601e430d5e0_11 .array/port v0x5601e430d5e0, 11;
v0x5601e430d5e0_12 .array/port v0x5601e430d5e0, 12;
v0x5601e430d5e0_13 .array/port v0x5601e430d5e0, 13;
v0x5601e430d5e0_14 .array/port v0x5601e430d5e0, 14;
E_0x5601e42ee060/3 .event edge, v0x5601e430d5e0_11, v0x5601e430d5e0_12, v0x5601e430d5e0_13, v0x5601e430d5e0_14;
v0x5601e430d5e0_15 .array/port v0x5601e430d5e0, 15;
v0x5601e430d5e0_16 .array/port v0x5601e430d5e0, 16;
v0x5601e430d5e0_17 .array/port v0x5601e430d5e0, 17;
v0x5601e430d5e0_18 .array/port v0x5601e430d5e0, 18;
E_0x5601e42ee060/4 .event edge, v0x5601e430d5e0_15, v0x5601e430d5e0_16, v0x5601e430d5e0_17, v0x5601e430d5e0_18;
v0x5601e430d5e0_19 .array/port v0x5601e430d5e0, 19;
v0x5601e430d5e0_20 .array/port v0x5601e430d5e0, 20;
v0x5601e430d5e0_21 .array/port v0x5601e430d5e0, 21;
v0x5601e430d5e0_22 .array/port v0x5601e430d5e0, 22;
E_0x5601e42ee060/5 .event edge, v0x5601e430d5e0_19, v0x5601e430d5e0_20, v0x5601e430d5e0_21, v0x5601e430d5e0_22;
v0x5601e430d5e0_23 .array/port v0x5601e430d5e0, 23;
v0x5601e430d5e0_24 .array/port v0x5601e430d5e0, 24;
v0x5601e430d5e0_25 .array/port v0x5601e430d5e0, 25;
v0x5601e430d5e0_26 .array/port v0x5601e430d5e0, 26;
E_0x5601e42ee060/6 .event edge, v0x5601e430d5e0_23, v0x5601e430d5e0_24, v0x5601e430d5e0_25, v0x5601e430d5e0_26;
v0x5601e430d5e0_27 .array/port v0x5601e430d5e0, 27;
v0x5601e430d5e0_28 .array/port v0x5601e430d5e0, 28;
v0x5601e430d5e0_29 .array/port v0x5601e430d5e0, 29;
v0x5601e430d5e0_30 .array/port v0x5601e430d5e0, 30;
E_0x5601e42ee060/7 .event edge, v0x5601e430d5e0_27, v0x5601e430d5e0_28, v0x5601e430d5e0_29, v0x5601e430d5e0_30;
v0x5601e430d5e0_31 .array/port v0x5601e430d5e0, 31;
E_0x5601e42ee060/8 .event edge, v0x5601e430d5e0_31, v0x5601e430dcd0_0;
E_0x5601e42ee060 .event/or E_0x5601e42ee060/0, E_0x5601e42ee060/1, E_0x5601e42ee060/2, E_0x5601e42ee060/3, E_0x5601e42ee060/4, E_0x5601e42ee060/5, E_0x5601e42ee060/6, E_0x5601e42ee060/7, E_0x5601e42ee060/8;
E_0x5601e42ee0a0 .event posedge, v0x5601e430db30_0;
    .scope S_0x5601e42c5360;
T_0 ;
    %wait E_0x5601e42df640;
    %pushi/vec4 0, 0, 1;
    %store/vec4 v0x5601e430b5f0_0, 0, 1;
    %pushi/vec4 0, 0, 1;
    %store/vec4 v0x5601e430b770_0, 0, 1;
    %pushi/vec4 0, 0, 1;
    %store/vec4 v0x5601e430ba70_0, 0, 1;
    %pushi/vec4 0, 0, 2;
    %store/vec4 v0x5601e430b2f0_0, 0, 2;
    %pushi/vec4 0, 0, 1;
    %store/vec4 v0x5601e430b8f0_0, 0, 1;
    %pushi/vec4 0, 0, 1;
    %store/vec4 v0x5601e430b470_0, 0, 1;
    %pushi/vec4 0, 0, 1;
    %store/vec4 v0x5601e430bbf0_0, 0, 1;
    %load/vec4 v0x5601e430bcb0_0;
    %dup/vec4;
    %pushi/vec4 51, 0, 7;
    %cmp/u;
    %jmp/1 T_0.0, 6;
    %dup/vec4;
    %pushi/vec4 19, 0, 7;
    %cmp/u;
    %jmp/1 T_0.1, 6;
    %dup/vec4;
    %pushi/vec4 3, 0, 7;
    %cmp/u;
    %jmp/1 T_0.2, 6;
    %dup/vec4;
    %pushi/vec4 35, 0, 7;
    %cmp/u;
    %jmp/1 T_0.3, 6;
    %dup/vec4;
    %pushi/vec4 99, 0, 7;
    %cmp/u;
    %jmp/1 T_0.4, 6;
    %dup/vec4;
    %pushi/vec4 111, 0, 7;
    %cmp/u;
    %jmp/1 T_0.5, 6;
    %dup/vec4;
    %pushi/vec4 103, 0, 7;
    %cmp/u;
    %jmp/1 T_0.6, 6;
    %dup/vec4;
    %pushi/vec4 55, 0, 7;
    %cmp/u;
    %jmp/1 T_0.7, 6;
    %dup/vec4;
    %pushi/vec4 23, 0, 7;
    %cmp/u;
    %jmp/1 T_0.8, 6;
    %jmp T_0.10;
T_0.0 ;
    %pushi/vec4 1, 0, 1;
    %store/vec4 v0x5601e430bbf0_0, 0, 1;
    %pushi/vec4 2, 0, 2;
    %store/vec4 v0x5601e430b2f0_0, 0, 2;
    %jmp T_0.10;
T_0.1 ;
    %pushi/vec4 1, 0, 1;
    %store/vec4 v0x5601e430bbf0_0, 0, 1;
    %pushi/vec4 1, 0, 1;
    %store/vec4 v0x5601e430b470_0, 0, 1;
    %load/vec4 v0x5601e430bcb0_0;
    %cmpi/e 3, 0, 7;
    %flag_mov 8, 4;
    %jmp/0 T_0.11, 8;
    %pushi/vec4 1, 0, 2;
    %jmp/1 T_0.12, 8;
T_0.11 ; End of true expr.
    %pushi/vec4 0, 0, 2;
    %jmp/0 T_0.12, 8;
 ; End of false expr.
    %blend;
T_0.12;
    %pad/s 1;
    %store/vec4 v0x5601e430b770_0, 0, 1;
    %load/vec4 v0x5601e430bcb0_0;
    %cmpi/e 3, 0, 7;
    %flag_mov 8, 4;
    %jmp/0 T_0.13, 8;
    %pushi/vec4 1, 0, 2;
    %jmp/1 T_0.14, 8;
T_0.13 ; End of true expr.
    %pushi/vec4 0, 0, 2;
    %jmp/0 T_0.14, 8;
 ; End of false expr.
    %blend;
T_0.14;
    %pad/s 1;
    %store/vec4 v0x5601e430ba70_0, 0, 1;
    %pushi/vec4 0, 0, 2;
    %store/vec4 v0x5601e430b2f0_0, 0, 2;
    %jmp T_0.10;
T_0.2 ;
    %pushi/vec4 1, 0, 1;
    %store/vec4 v0x5601e430bbf0_0, 0, 1;
    %pushi/vec4 1, 0, 1;
    %store/vec4 v0x5601e430b470_0, 0, 1;
    %load/vec4 v0x5601e430bcb0_0;
    %cmpi/e 3, 0, 7;
    %flag_mov 8, 4;
    %jmp/0 T_0.15, 8;
    %pushi/vec4 1, 0, 2;
    %jmp/1 T_0.16, 8;
T_0.15 ; End of true expr.
    %pushi/vec4 0, 0, 2;
    %jmp/0 T_0.16, 8;
 ; End of false expr.
    %blend;
T_0.16;
    %pad/s 1;
    %store/vec4 v0x5601e430b770_0, 0, 1;
    %load/vec4 v0x5601e430bcb0_0;
    %cmpi/e 3, 0, 7;
    %flag_mov 8, 4;
    %jmp/0 T_0.17, 8;
    %pushi/vec4 1, 0, 2;
    %jmp/1 T_0.18, 8;
T_0.17 ; End of true expr.
    %pushi/vec4 0, 0, 2;
    %jmp/0 T_0.18, 8;
 ; End of false expr.
    %blend;
T_0.18;
    %pad/s 1;
    %store/vec4 v0x5601e430ba70_0, 0, 1;
    %pushi/vec4 0, 0, 2;
    %store/vec4 v0x5601e430b2f0_0, 0, 2;
    %jmp T_0.10;
T_0.3 ;
    %pushi/vec4 1, 0, 1;
    %store/vec4 v0x5601e430b8f0_0, 0, 1;
    %pushi/vec4 1, 0, 1;
    %store/vec4 v0x5601e430b470_0, 0, 1;
    %pushi/vec4 0, 0, 2;
    %store/vec4 v0x5601e430b2f0_0, 0, 2;
    %jmp T_0.10;
T_0.4 ;
    %pushi/vec4 1, 0, 1;
    %store/vec4 v0x5601e430b5f0_0, 0, 1;
    %pushi/vec4 1, 0, 2;
    %store/vec4 v0x5601e430b2f0_0, 0, 2;
    %jmp T_0.10;
T_0.5 ;
    %pushi/vec4 1, 0, 1;
    %store/vec4 v0x5601e430bbf0_0, 0, 1;
    %pushi/vec4 1, 0, 1;
    %store/vec4 v0x5601e430b470_0, 0, 1;
    %pushi/vec4 0, 0, 2;
    %store/vec4 v0x5601e430b2f0_0, 0, 2;
    %jmp T_0.10;
T_0.6 ;
    %pushi/vec4 1, 0, 1;
    %store/vec4 v0x5601e430bbf0_0, 0, 1;
    %pushi/vec4 1, 0, 1;
    %store/vec4 v0x5601e430b470_0, 0, 1;
    %pushi/vec4 0, 0, 2;
    %store/vec4 v0x5601e430b2f0_0, 0, 2;
    %jmp T_0.10;
T_0.7 ;
    %pushi/vec4 1, 0, 1;
    %store/vec4 v0x5601e430bbf0_0, 0, 1;
    %pushi/vec4 1, 0, 1;
    %store/vec4 v0x5601e430b470_0, 0, 1;
    %pushi/vec4 0, 0, 2;
    %store/vec4 v0x5601e430b2f0_0, 0, 2;
    %jmp T_0.10;
T_0.8 ;
    %pushi/vec4 1, 0, 1;
    %store/vec4 v0x5601e430bbf0_0, 0, 1;
    %pushi/vec4 1, 0, 1;
    %store/vec4 v0x5601e430b470_0, 0, 1;
    %pushi/vec4 0, 0, 2;
    %store/vec4 v0x5601e430b2f0_0, 0, 2;
    %jmp T_0.10;
T_0.10 ;
    %pop/vec4 1;
    %jmp T_0;
    .thread T_0, $push;
    .scope S_0x5601e42c4b90;
T_1 ;
    %wait E_0x5601e42b49b0;
    %load/vec4 v0x5601e430c170_0;
    %dup/vec4;
    %pushi/vec4 19, 0, 7;
    %cmp/u;
    %jmp/1 T_1.0, 6;
    %dup/vec4;
    %pushi/vec4 3, 0, 7;
    %cmp/u;
    %jmp/1 T_1.1, 6;
    %dup/vec4;
    %pushi/vec4 103, 0, 7;
    %cmp/u;
    %jmp/1 T_1.2, 6;
    %dup/vec4;
    %pushi/vec4 35, 0, 7;
    %cmp/u;
    %jmp/1 T_1.3, 6;
    %dup/vec4;
    %pushi/vec4 99, 0, 7;
    %cmp/u;
    %jmp/1 T_1.4, 6;
    %dup/vec4;
    %pushi/vec4 55, 0, 7;
    %cmp/u;
    %jmp/1 T_1.5, 6;
    %dup/vec4;
    %pushi/vec4 23, 0, 7;
    %cmp/u;
    %jmp/1 T_1.6, 6;
    %dup/vec4;
    %pushi/vec4 111, 0, 7;
    %cmp/u;
    %jmp/1 T_1.7, 6;
    %pushi/vec4 0, 0, 64;
    %store/vec4 v0x5601e430bfd0_0, 0, 64;
    %jmp T_1.9;
T_1.0 ;
    %load/vec4 v0x5601e430c0b0_0;
    %parti/s 1, 31, 6;
    %replicate 52;
    %load/vec4 v0x5601e430c0b0_0;
    %parti/s 12, 20, 6;
    %concat/vec4; draw_concat_vec4
    %store/vec4 v0x5601e430bfd0_0, 0, 64;
    %jmp T_1.9;
T_1.1 ;
    %load/vec4 v0x5601e430c0b0_0;
    %parti/s 1, 31, 6;
    %replicate 52;
    %load/vec4 v0x5601e430c0b0_0;
    %parti/s 12, 20, 6;
    %concat/vec4; draw_concat_vec4
    %store/vec4 v0x5601e430bfd0_0, 0, 64;
    %jmp T_1.9;
T_1.2 ;
    %load/vec4 v0x5601e430c0b0_0;
    %parti/s 1, 31, 6;
    %replicate 52;
    %load/vec4 v0x5601e430c0b0_0;
    %parti/s 12, 20, 6;
    %concat/vec4; draw_concat_vec4
    %store/vec4 v0x5601e430bfd0_0, 0, 64;
    %jmp T_1.9;
T_1.3 ;
    %load/vec4 v0x5601e430c0b0_0;
    %parti/s 1, 31, 6;
    %replicate 52;
    %load/vec4 v0x5601e430c0b0_0;
    %parti/s 7, 25, 6;
    %concat/vec4; draw_concat_vec4
    %load/vec4 v0x5601e430c0b0_0;
    %parti/s 5, 7, 4;
    %concat/vec4; draw_concat_vec4
    %store/vec4 v0x5601e430bfd0_0, 0, 64;
    %jmp T_1.9;
T_1.4 ;
    %load/vec4 v0x5601e430c0b0_0;
    %parti/s 1, 31, 6;
    %replicate 51;
    %load/vec4 v0x5601e430c0b0_0;
    %parti/s 1, 31, 6;
    %concat/vec4; draw_concat_vec4
    %load/vec4 v0x5601e430c0b0_0;
    %parti/s 1, 7, 4;
    %concat/vec4; draw_concat_vec4
    %load/vec4 v0x5601e430c0b0_0;
    %parti/s 6, 25, 6;
    %concat/vec4; draw_concat_vec4
    %load/vec4 v0x5601e430c0b0_0;
    %parti/s 4, 8, 5;
    %concat/vec4; draw_concat_vec4
    %concati/vec4 0, 0, 1;
    %store/vec4 v0x5601e430bfd0_0, 0, 64;
    %jmp T_1.9;
T_1.5 ;
    %load/vec4 v0x5601e430c0b0_0;
    %parti/s 1, 31, 6;
    %replicate 32;
    %load/vec4 v0x5601e430c0b0_0;
    %parti/s 20, 12, 5;
    %concat/vec4; draw_concat_vec4
    %concati/vec4 0, 0, 12;
    %store/vec4 v0x5601e430bfd0_0, 0, 64;
    %jmp T_1.9;
T_1.6 ;
    %load/vec4 v0x5601e430c0b0_0;
    %parti/s 1, 31, 6;
    %replicate 32;
    %load/vec4 v0x5601e430c0b0_0;
    %parti/s 20, 12, 5;
    %concat/vec4; draw_concat_vec4
    %concati/vec4 0, 0, 12;
    %store/vec4 v0x5601e430bfd0_0, 0, 64;
    %jmp T_1.9;
T_1.7 ;
    %load/vec4 v0x5601e430c0b0_0;
    %parti/s 1, 31, 6;
    %replicate 43;
    %load/vec4 v0x5601e430c0b0_0;
    %parti/s 1, 31, 6;
    %concat/vec4; draw_concat_vec4
    %load/vec4 v0x5601e430c0b0_0;
    %parti/s 8, 12, 5;
    %concat/vec4; draw_concat_vec4
    %load/vec4 v0x5601e430c0b0_0;
    %parti/s 1, 20, 6;
    %concat/vec4; draw_concat_vec4
    %load/vec4 v0x5601e430c0b0_0;
    %parti/s 10, 21, 6;
    %concat/vec4; draw_concat_vec4
    %concati/vec4 0, 0, 1;
    %store/vec4 v0x5601e430bfd0_0, 0, 64;
    %jmp T_1.9;
T_1.9 ;
    %pop/vec4 1;
    %jmp T_1;
    .thread T_1, $push;
    .scope S_0x5601e42c4f70;
T_2 ;
    %wait E_0x5601e42eb910;
    %load/vec4 v0x5601e430c4b0_0;
    %parti/s 7, 0, 2;
    %store/vec4 v0x5601e430c650_0, 0, 7;
    %pushi/vec4 0, 0, 5;
    %store/vec4 v0x5601e430c9d0_0, 0, 5;
    %pushi/vec4 0, 0, 5;
    %store/vec4 v0x5601e430cc20_0, 0, 5;
    %pushi/vec4 0, 0, 5;
    %store/vec4 v0x5601e430c810_0, 0, 5;
    %pushi/vec4 0, 0, 32;
    %store/vec4 v0x5601e430c3d0_0, 0, 32;
    %load/vec4 v0x5601e430c650_0;
    %dup/vec4;
    %pushi/vec4 51, 0, 7;
    %cmp/u;
    %jmp/1 T_2.0, 6;
    %dup/vec4;
    %pushi/vec4 19, 0, 7;
    %cmp/u;
    %jmp/1 T_2.1, 6;
    %dup/vec4;
    %pushi/vec4 3, 0, 7;
    %cmp/u;
    %jmp/1 T_2.2, 6;
    %dup/vec4;
    %pushi/vec4 103, 0, 7;
    %cmp/u;
    %jmp/1 T_2.3, 6;
    %dup/vec4;
    %pushi/vec4 35, 0, 7;
    %cmp/u;
    %jmp/1 T_2.4, 6;
    %dup/vec4;
    %pushi/vec4 99, 0, 7;
    %cmp/u;
    %jmp/1 T_2.5, 6;
    %dup/vec4;
    %pushi/vec4 55, 0, 7;
    %cmp/u;
    %jmp/1 T_2.6, 6;
    %dup/vec4;
    %pushi/vec4 23, 0, 7;
    %cmp/u;
    %jmp/1 T_2.7, 6;
    %dup/vec4;
    %pushi/vec4 111, 0, 7;
    %cmp/u;
    %jmp/1 T_2.8, 6;
    %jmp T_2.10;
T_2.0 ;
    %load/vec4 v0x5601e430c4b0_0;
    %parti/s 5, 7, 4;
    %store/vec4 v0x5601e430c810_0, 0, 5;
    %load/vec4 v0x5601e430c4b0_0;
    %parti/s 5, 15, 5;
    %store/vec4 v0x5601e430c9d0_0, 0, 5;
    %load/vec4 v0x5601e430c4b0_0;
    %parti/s 5, 20, 6;
    %store/vec4 v0x5601e430cc20_0, 0, 5;
    %jmp T_2.10;
T_2.1 ;
    %load/vec4 v0x5601e430c4b0_0;
    %parti/s 5, 7, 4;
    %store/vec4 v0x5601e430c810_0, 0, 5;
    %load/vec4 v0x5601e430c4b0_0;
    %parti/s 5, 15, 5;
    %store/vec4 v0x5601e430c9d0_0, 0, 5;
    %load/vec4 v0x5601e430c4b0_0;
    %parti/s 1, 31, 6;
    %replicate 20;
    %load/vec4 v0x5601e430c4b0_0;
    %parti/s 12, 20, 6;
    %concat/vec4; draw_concat_vec4
    %store/vec4 v0x5601e430c3d0_0, 0, 32;
    %jmp T_2.10;
T_2.2 ;
    %load/vec4 v0x5601e430c4b0_0;
    %parti/s 5, 7, 4;
    %store/vec4 v0x5601e430c810_0, 0, 5;
    %load/vec4 v0x5601e430c4b0_0;
    %parti/s 5, 15, 5;
    %store/vec4 v0x5601e430c9d0_0, 0, 5;
    %load/vec4 v0x5601e430c4b0_0;
    %parti/s 1, 31, 6;
    %replicate 20;
    %load/vec4 v0x5601e430c4b0_0;
    %parti/s 12, 20, 6;
    %concat/vec4; draw_concat_vec4
    %store/vec4 v0x5601e430c3d0_0, 0, 32;
    %jmp T_2.10;
T_2.3 ;
    %load/vec4 v0x5601e430c4b0_0;
    %parti/s 5, 7, 4;
    %store/vec4 v0x5601e430c810_0, 0, 5;
    %load/vec4 v0x5601e430c4b0_0;
    %parti/s 5, 15, 5;
    %store/vec4 v0x5601e430c9d0_0, 0, 5;
    %load/vec4 v0x5601e430c4b0_0;
    %parti/s 1, 31, 6;
    %replicate 20;
    %load/vec4 v0x5601e430c4b0_0;
    %parti/s 12, 20, 6;
    %concat/vec4; draw_concat_vec4
    %store/vec4 v0x5601e430c3d0_0, 0, 32;
    %jmp T_2.10;
T_2.4 ;
    %load/vec4 v0x5601e430c4b0_0;
    %parti/s 5, 15, 5;
    %store/vec4 v0x5601e430c9d0_0, 0, 5;
    %load/vec4 v0x5601e430c4b0_0;
    %parti/s 5, 20, 6;
    %store/vec4 v0x5601e430cc20_0, 0, 5;
    %load/vec4 v0x5601e430c4b0_0;
    %parti/s 1, 31, 6;
    %replicate 20;
    %load/vec4 v0x5601e430c4b0_0;
    %parti/s 7, 25, 6;
    %concat/vec4; draw_concat_vec4
    %load/vec4 v0x5601e430c4b0_0;
    %parti/s 5, 7, 4;
    %concat/vec4; draw_concat_vec4
    %store/vec4 v0x5601e430c3d0_0, 0, 32;
    %jmp T_2.10;
T_2.5 ;
    %load/vec4 v0x5601e430c4b0_0;
    %parti/s 5, 15, 5;
    %store/vec4 v0x5601e430c9d0_0, 0, 5;
    %load/vec4 v0x5601e430c4b0_0;
    %parti/s 5, 20, 6;
    %store/vec4 v0x5601e430cc20_0, 0, 5;
    %load/vec4 v0x5601e430c4b0_0;
    %parti/s 1, 31, 6;
    %replicate 19;
    %load/vec4 v0x5601e430c4b0_0;
    %parti/s 1, 31, 6;
    %concat/vec4; draw_concat_vec4
    %load/vec4 v0x5601e430c4b0_0;
    %parti/s 1, 7, 4;
    %concat/vec4; draw_concat_vec4
    %load/vec4 v0x5601e430c4b0_0;
    %parti/s 6, 25, 6;
    %concat/vec4; draw_concat_vec4
    %load/vec4 v0x5601e430c4b0_0;
    %parti/s 4, 8, 5;
    %concat/vec4; draw_concat_vec4
    %concati/vec4 0, 0, 1;
    %store/vec4 v0x5601e430c3d0_0, 0, 32;
    %jmp T_2.10;
T_2.6 ;
    %load/vec4 v0x5601e430c4b0_0;
    %parti/s 5, 7, 4;
    %store/vec4 v0x5601e430c810_0, 0, 5;
    %load/vec4 v0x5601e430c4b0_0;
    %parti/s 20, 12, 5;
    %concati/vec4 0, 0, 12;
    %store/vec4 v0x5601e430c3d0_0, 0, 32;
    %jmp T_2.10;
T_2.7 ;
    %load/vec4 v0x5601e430c4b0_0;
    %parti/s 5, 7, 4;
    %store/vec4 v0x5601e430c810_0, 0, 5;
    %load/vec4 v0x5601e430c4b0_0;
    %parti/s 20, 12, 5;
    %concati/vec4 0, 0, 12;
    %store/vec4 v0x5601e430c3d0_0, 0, 32;
    %jmp T_2.10;
T_2.8 ;
    %load/vec4 v0x5601e430c4b0_0;
    %parti/s 5, 7, 4;
    %store/vec4 v0x5601e430c810_0, 0, 5;
    %load/vec4 v0x5601e430c4b0_0;
    %parti/s 1, 31, 6;
    %replicate 11;
    %load/vec4 v0x5601e430c4b0_0;
    %parti/s 1, 31, 6;
    %concat/vec4; draw_concat_vec4
    %load/vec4 v0x5601e430c4b0_0;
    %parti/s 8, 12, 5;
    %concat/vec4; draw_concat_vec4
    %load/vec4 v0x5601e430c4b0_0;
    %parti/s 1, 20, 6;
    %concat/vec4; draw_concat_vec4
    %load/vec4 v0x5601e430c4b0_0;
    %parti/s 10, 21, 6;
    %concat/vec4; draw_concat_vec4
    %concati/vec4 0, 0, 1;
    %store/vec4 v0x5601e430c3d0_0, 0, 32;
    %jmp T_2.10;
T_2.10 ;
    %pop/vec4 1;
    %jmp T_2;
    .thread T_2, $push;
    .scope S_0x5601e42d9ae0;
T_3 ;
    %wait E_0x5601e42ee0a0;
    %pushi/vec4 0, 0, 32;
    %store/vec4 v0x5601e430d000_0, 0, 32;
T_3.0 ;
    %load/vec4 v0x5601e430d000_0;
    %cmpi/s 32, 0, 32;
    %jmp/0xz T_3.1, 5;
    %pushi/vec4 0, 0, 64;
    %ix/getv/s 3, v0x5601e430d000_0;
    %ix/load 4, 0, 0; Constant delay
    %assign/vec4/a/d v0x5601e430d5e0, 0, 4;
    %load/vec4 v0x5601e430d000_0;
    %addi 1, 0, 32;
    %store/vec4 v0x5601e430d000_0, 0, 32;
    %jmp T_3.0;
T_3.1 ;
    %jmp T_3;
    .thread T_3;
    .scope S_0x5601e42d9ae0;
T_4 ;
    %wait E_0x5601e42ee060;
    %load/vec4 v0x5601e430dbf0_0;
    %cmpi/e 0, 0, 5;
    %flag_mov 8, 4;
    %jmp/0 T_4.0, 8;
    %pushi/vec4 0, 0, 64;
    %jmp/1 T_4.1, 8;
T_4.0 ; End of true expr.
    %load/vec4 v0x5601e430dbf0_0;
    %pad/u 7;
    %ix/vec4 4;
    %load/vec4a v0x5601e430d5e0, 4;
    %jmp/0 T_4.1, 8;
 ; End of false expr.
    %blend;
T_4.1;
    %store/vec4 v0x5601e430d280_0, 0, 64;
    %load/vec4 v0x5601e430dcd0_0;
    %cmpi/e 0, 0, 5;
    %flag_mov 8, 4;
    %jmp/0 T_4.2, 8;
    %pushi/vec4 0, 0, 64;
    %jmp/1 T_4.3, 8;
T_4.2 ; End of true expr.
    %load/vec4 v0x5601e430dcd0_0;
    %pad/u 7;
    %ix/vec4 4;
    %load/vec4a v0x5601e430d5e0, 4;
    %jmp/0 T_4.3, 8;
 ; End of false expr.
    %blend;
T_4.3;
    %store/vec4 v0x5601e430d440_0, 0, 64;
    %jmp T_4;
    .thread T_4, $push;
    .scope S_0x5601e42d9ae0;
T_5 ;
    %wait E_0x5601e42edd20;
    %load/vec4 v0x5601e430d520_0;
    %load/vec4 v0x5601e430d0e0_0;
    %pushi/vec4 0, 0, 5;
    %cmp/ne;
    %flag_get/vec4 4;
    %and;
    %flag_set/vec4 8;
    %jmp/0xz  T_5.0, 8;
    %load/vec4 v0x5601e430ddb0_0;
    %load/vec4 v0x5601e430d0e0_0;
    %pad/u 7;
    %ix/vec4 3;
    %ix/load 4, 0, 0; Constant delay
    %assign/vec4/a/d v0x5601e430d5e0, 0, 4;
T_5.0 ;
    %jmp T_5;
    .thread T_5;
# The file index is used to find the file name in the following table.
:file_names 3;
    "N/A";
    "<interactive>";
    "instruction_decode.v";
