#! /usr/bin/vvp
:ivl_version "11.0 (stable)";
:ivl_delay_selection "TYPICAL";
:vpi_time_precision + 0;
:vpi_module "/usr/lib/x86_64-linux-gnu/ivl/system.vpi";
:vpi_module "/usr/lib/x86_64-linux-gnu/ivl/vhdl_sys.vpi";
:vpi_module "/usr/lib/x86_64-linux-gnu/ivl/vhdl_textio.vpi";
:vpi_module "/usr/lib/x86_64-linux-gnu/ivl/v2005_math.vpi";
:vpi_module "/usr/lib/x86_64-linux-gnu/ivl/va_math.vpi";
S_0x55e30bd8ab70 .scope module, "DataMemory" "DataMemory" 2 1;
 .timescale 0 0;
    .port_info 0 /INPUT 1 "clk";
    .port_info 1 /INPUT 1 "reset";
    .port_info 2 /INPUT 64 "address";
    .port_info 3 /INPUT 64 "writeData";
    .port_info 4 /INPUT 1 "MemWrite";
    .port_info 5 /INPUT 1 "MemRead";
    .port_info 6 /OUTPUT 64 "readData";
o0x7f77aced4018 .functor BUFZ 1, C4<z>; HiZ drive
v0x55e30bd8adf0_0 .net "MemRead", 0 0, o0x7f77aced4018;  0 drivers
o0x7f77aced4048 .functor BUFZ 1, C4<z>; HiZ drive
v0x55e30bdb08c0_0 .net "MemWrite", 0 0, o0x7f77aced4048;  0 drivers
L_0x7f77ace8b018 .functor BUFT 1, C4<0000000000000000000000000000000000000000000000000010000000000000>, C4<0>, C4<0>, C4<0>;
v0x55e30bdb0980_0 .net/2u *"_ivl_0", 63 0, L_0x7f77ace8b018;  1 drivers
o0x7f77aced40a8 .functor BUFZ 64, C4<zzzzzzzzzzzzzzzzzzzzzzzzzzzzzzzzzzzzzzzzzzzzzzzzzzzzzzzzzzzzzzzz>; HiZ drive
v0x55e30bdb0a40_0 .net "address", 63 0, o0x7f77aced40a8;  0 drivers
o0x7f77aced40d8 .functor BUFZ 1, C4<z>; HiZ drive
v0x55e30bdb0b20_0 .net "clk", 0 0, o0x7f77aced40d8;  0 drivers
v0x55e30bdb0c30_0 .var/i "i", 31 0;
v0x55e30bdb0d10 .array "memory", 1023 0, 63 0;
v0x55e30bdb0dd0_0 .var "readData", 63 0;
o0x7f77aced4168 .functor BUFZ 1, C4<z>; HiZ drive
v0x55e30bdb0eb0_0 .net "reset", 0 0, o0x7f77aced4168;  0 drivers
v0x55e30bdb0f70_0 .net "valid_address", 0 0, L_0x55e30bdc1200;  1 drivers
o0x7f77aced41c8 .functor BUFZ 64, C4<zzzzzzzzzzzzzzzzzzzzzzzzzzzzzzzzzzzzzzzzzzzzzzzzzzzzzzzzzzzzzzzz>; HiZ drive
v0x55e30bdb1030_0 .net "writeData", 63 0, o0x7f77aced41c8;  0 drivers
E_0x55e30bd9c780 .event posedge, v0x55e30bdb0b20_0;
E_0x55e30bd869b0 .event posedge, v0x55e30bdb0eb0_0, v0x55e30bdb0b20_0;
L_0x55e30bdc1200 .cmp/gt 64, L_0x7f77ace8b018, o0x7f77aced40a8;
    .scope S_0x55e30bd8ab70;
T_0 ;
    %wait E_0x55e30bd869b0;
    %load/vec4 v0x55e30bdb0eb0_0;
    %flag_set/vec4 8;
    %jmp/0xz  T_0.0, 8;
    %pushi/vec4 0, 0, 32;
    %store/vec4 v0x55e30bdb0c30_0, 0, 32;
T_0.2 ;
    %load/vec4 v0x55e30bdb0c30_0;
    %cmpi/s 1024, 0, 32;
    %jmp/0xz T_0.3, 5;
    %pushi/vec4 0, 0, 64;
    %ix/getv/s 3, v0x55e30bdb0c30_0;
    %ix/load 4, 0, 0; Constant delay
    %assign/vec4/a/d v0x55e30bdb0d10, 0, 4;
    %load/vec4 v0x55e30bdb0c30_0;
    %addi 1, 0, 32;
    %store/vec4 v0x55e30bdb0c30_0, 0, 32;
    %jmp T_0.2;
T_0.3 ;
    %jmp T_0.1;
T_0.0 ;
    %load/vec4 v0x55e30bdb08c0_0;
    %load/vec4 v0x55e30bdb0f70_0;
    %and;
    %flag_set/vec4 8;
    %jmp/0xz  T_0.4, 8;
    %load/vec4 v0x55e30bdb1030_0;
    %load/vec4 v0x55e30bdb0a40_0;
    %parti/s 10, 3, 3;
    %pad/u 12;
    %ix/vec4 3;
    %ix/load 4, 0, 0; Constant delay
    %assign/vec4/a/d v0x55e30bdb0d10, 0, 4;
T_0.4 ;
T_0.1 ;
    %jmp T_0;
    .thread T_0;
    .scope S_0x55e30bd8ab70;
T_1 ;
    %wait E_0x55e30bd9c780;
    %load/vec4 v0x55e30bd8adf0_0;
    %load/vec4 v0x55e30bdb0f70_0;
    %and;
    %flag_set/vec4 8;
    %jmp/0xz  T_1.0, 8;
    %load/vec4 v0x55e30bdb0a40_0;
    %parti/s 10, 3, 3;
    %pad/u 12;
    %ix/vec4 4;
    %load/vec4a v0x55e30bdb0d10, 4;
    %assign/vec4 v0x55e30bdb0dd0_0, 0;
    %jmp T_1.1;
T_1.0 ;
    %pushi/vec4 0, 0, 64;
    %assign/vec4 v0x55e30bdb0dd0_0, 0;
T_1.1 ;
    %jmp T_1;
    .thread T_1;
# The file index is used to find the file name in the following table.
:file_names 3;
    "N/A";
    "<interactive>";
    "mem.v";
