#! /usr/bin/vvp
:ivl_version "11.0 (stable)";
:ivl_delay_selection "TYPICAL";
:vpi_time_precision - 12;
:vpi_module "/usr/lib/x86_64-linux-gnu/ivl/system.vpi";
:vpi_module "/usr/lib/x86_64-linux-gnu/ivl/vhdl_sys.vpi";
:vpi_module "/usr/lib/x86_64-linux-gnu/ivl/vhdl_textio.vpi";
:vpi_module "/usr/lib/x86_64-linux-gnu/ivl/v2005_math.vpi";
:vpi_module "/usr/lib/x86_64-linux-gnu/ivl/va_math.vpi";
S_0x55c0785e9e10 .scope module, "write_back" "write_back" 2 3;
 .timescale -9 -12;
    .port_info 0 /INPUT 1 "clk";
    .port_info 1 /INPUT 1 "MemtoReg";
    .port_info 2 /INPUT 64 "alu_result";
    .port_info 3 /INPUT 64 "mem_data";
    .port_info 4 /OUTPUT 64 "write_data";
    .port_info 5 /INPUT 5 "rd";
o0x7f4551a2b018 .functor BUFZ 1, C4<z>; HiZ drive
v0x55c0785e9fc0_0 .net "MemtoReg", 0 0, o0x7f4551a2b018;  0 drivers
o0x7f4551a2b048 .functor BUFZ 64, C4<zzzzzzzzzzzzzzzzzzzzzzzzzzzzzzzzzzzzzzzzzzzzzzzzzzzzzzzzzzzzzzzz>; HiZ drive
v0x55c078631c80_0 .net "alu_result", 63 0, o0x7f4551a2b048;  0 drivers
o0x7f4551a2b078 .functor BUFZ 1, C4<z>; HiZ drive
v0x55c078631d60_0 .net "clk", 0 0, o0x7f4551a2b078;  0 drivers
o0x7f4551a2b0a8 .functor BUFZ 64, C4<zzzzzzzzzzzzzzzzzzzzzzzzzzzzzzzzzzzzzzzzzzzzzzzzzzzzzzzzzzzzzzzz>; HiZ drive
v0x55c078631e00_0 .net "mem_data", 63 0, o0x7f4551a2b0a8;  0 drivers
o0x7f4551a2b0d8 .functor BUFZ 5, C4<zzzzz>; HiZ drive
v0x55c078631ee0_0 .net "rd", 4 0, o0x7f4551a2b0d8;  0 drivers
v0x55c078631fc0_0 .var "write_data", 63 0;
E_0x55c0786237e0 .event posedge, v0x55c078631d60_0;
    .scope S_0x55c0785e9e10;
T_0 ;
    %wait E_0x55c0786237e0;
    %load/vec4 v0x55c0785e9fc0_0;
    %flag_set/vec4 8;
    %jmp/0xz  T_0.0, 8;
    %load/vec4 v0x55c078631e00_0;
    %assign/vec4 v0x55c078631fc0_0, 0;
    %jmp T_0.1;
T_0.0 ;
    %load/vec4 v0x55c078631c80_0;
    %assign/vec4 v0x55c078631fc0_0, 0;
T_0.1 ;
    %jmp T_0;
    .thread T_0;
# The file index is used to find the file name in the following table.
:file_names 3;
    "N/A";
    "<interactive>";
    "write_back.v";
