#! /c/Source/iverilog-install/bin/vvp
:ivl_version "12.0 (devel)" "(s20150603-1539-g2693dd32b)";
:ivl_delay_selection "TYPICAL";
:vpi_time_precision - 12;
:vpi_module "C:\iverilog\lib\ivl\system.vpi";
:vpi_module "C:\iverilog\lib\ivl\vhdl_sys.vpi";
:vpi_module "C:\iverilog\lib\ivl\vhdl_textio.vpi";
:vpi_module "C:\iverilog\lib\ivl\v2005_math.vpi";
:vpi_module "C:\iverilog\lib\ivl\va_math.vpi";
S_00000258e664fa90 .scope module, "instruction_fetch_tb" "instruction_fetch_tb" 2 62;
 .timescale -9 -12;
v00000258e66c73e0_0 .var "clk", 0 0;
v00000258e66c6bc0_0 .var "rst", 0 0;
S_00000258e664bd70 .scope module, "uut" "instruction_fetch" 2 73, 2 10 0, S_00000258e664fa90;
 .timescale -9 -12;
    .port_info 0 /INPUT 1 "clk";
    .port_info 1 /INPUT 1 "rst";
L_00000258e6710118 .functor BUFT 1, C4<00000000000000000000000000000000>, C4<0>, C4<0>, C4<0>;
v00000258e66c6c60_0 .net/2u *"_ivl_0", 31 0, L_00000258e6710118;  1 drivers
v00000258e66c6d00_0 .net "clk", 0 0, v00000258e66c73e0_0;  1 drivers
v00000258e66c6f80_0 .net "current_pc", 63 0, v00000258e66c6ee0_0;  1 drivers
v00000258e66c6580_0 .net "instruction", 31 0, L_00000258e66679a0;  1 drivers
v00000258e66c6620_0 .net "mux_output", 63 0, L_00000258e66c6800;  1 drivers
v00000258e66c6a80_0 .net "next_pc", 63 0, L_00000258e66c6760;  1 drivers
v00000258e66c7340_0 .net "rst", 0 0, v00000258e66c6bc0_0;  1 drivers
v00000258e66c6da0_0 .var "select_signal", 0 0;
L_00000258e66d9250 .concat [ 32 32 0 0], L_00000258e66679a0, L_00000258e6710118;
S_00000258e66541c0 .scope module, "adder_module" "adder" 2 38, 3 2 0, S_00000258e664bd70;
 .timescale -9 -12;
    .port_info 0 /INPUT 64 "current_pc";
    .port_info 1 /OUTPUT 64 "next_pc";
L_00000258e67100d0 .functor BUFT 1, C4<0000000000000000000000000000000000000000000000000000000000000100>, C4<0>, C4<0>, C4<0>;
v00000258e6654350_0 .net/2u *"_ivl_0", 63 0, L_00000258e67100d0;  1 drivers
v00000258e664dd80_0 .net "current_pc", 63 0, v00000258e66c6ee0_0;  alias, 1 drivers
v00000258e6654620_0 .net "next_pc", 63 0, L_00000258e66c6760;  alias, 1 drivers
L_00000258e66c6760 .arith/sum 64, v00000258e66c6ee0_0, L_00000258e67100d0;
S_00000258e6409580 .scope module, "instruction_memory_module" "instruction_memory" 2 32, 4 3 0, S_00000258e664bd70;
 .timescale -9 -12;
    .port_info 0 /INPUT 64 "address";
    .port_info 1 /OUTPUT 32 "data";
L_00000258e66679a0 .functor BUFZ 32, L_00000258e66c7480, C4<00000000000000000000000000000000>, C4<00000000000000000000000000000000>, C4<00000000000000000000000000000000>;
v00000258e664a0f0_0 .net *"_ivl_0", 31 0, L_00000258e66c7480;  1 drivers
v00000258e664a190_0 .net *"_ivl_3", 5 0, L_00000258e66c68a0;  1 drivers
v00000258e664ae50_0 .net *"_ivl_4", 9 0, L_00000258e66c66c0;  1 drivers
L_00000258e6710088 .functor BUFT 1, C4<0000>, C4<0>, C4<0>, C4<0>;
v00000258e664aef0_0 .net *"_ivl_7", 3 0, L_00000258e6710088;  1 drivers
v00000258e66587d0_0 .net "address", 63 0, v00000258e66c6ee0_0;  alias, 1 drivers
v00000258e66c6b20_0 .net "data", 31 0, L_00000258e66679a0;  alias, 1 drivers
v00000258e66c72a0 .array "instruction_memory", 255 0, 31 0;
L_00000258e66c7480 .array/port v00000258e66c72a0, L_00000258e66c66c0;
L_00000258e66c68a0 .part v00000258e66c6ee0_0, 2, 6;
L_00000258e66c66c0 .concat [ 6 4 0 0], L_00000258e66c68a0, L_00000258e6710088;
S_00000258e6658640 .scope begin, "$ivl_for_loop0" "$ivl_for_loop0" 4 28, 4 28 0, S_00000258e6409580;
 .timescale -9 -12;
v00000258e6409710_0 .var/i "i", 31 0;
S_00000258e6658870 .scope module, "mux_module" "mux" 2 44, 5 2 0, S_00000258e664bd70;
 .timescale -9 -12;
    .port_info 0 /INPUT 64 "input_0";
    .port_info 1 /INPUT 64 "input_1";
    .port_info 2 /INPUT 1 "select";
    .port_info 3 /OUTPUT 64 "output_";
v00000258e66c7160_0 .net "input_0", 63 0, L_00000258e66d9250;  1 drivers
v00000258e66c6940_0 .net "input_1", 63 0, L_00000258e66c6760;  alias, 1 drivers
v00000258e66c70c0_0 .net "output_", 63 0, L_00000258e66c6800;  alias, 1 drivers
v00000258e66c7020_0 .net "select", 0 0, v00000258e66c6da0_0;  1 drivers
L_00000258e66c6800 .functor MUXZ 64, L_00000258e66d9250, L_00000258e66c6760, v00000258e66c6da0_0, C4<>;
S_00000258e6657fc0 .scope module, "pc_module" "program_counter" 2 24, 6 2 0, S_00000258e664bd70;
 .timescale -9 -12;
    .port_info 0 /INPUT 1 "clk";
    .port_info 1 /INPUT 1 "rst";
    .port_info 2 /INPUT 64 "next_pc";
    .port_info 3 /OUTPUT 64 "current_pc";
v00000258e66c7200_0 .net "clk", 0 0, v00000258e66c73e0_0;  alias, 1 drivers
v00000258e66c6ee0_0 .var "current_pc", 63 0;
v00000258e66c69e0_0 .net "next_pc", 63 0, L_00000258e66c6800;  alias, 1 drivers
v00000258e66c6e40_0 .net "rst", 0 0, v00000258e66c6bc0_0;  alias, 1 drivers
E_00000258e6652400 .event posedge, v00000258e66c6e40_0, v00000258e66c7200_0;
    .scope S_00000258e6657fc0;
T_0 ;
    %wait E_00000258e6652400;
    %load/vec4 v00000258e66c6e40_0;
    %flag_set/vec4 8;
    %jmp/0xz  T_0.0, 8;
    %pushi/vec4 0, 0, 64;
    %assign/vec4 v00000258e66c6ee0_0, 0;
    %jmp T_0.1;
T_0.0 ;
    %load/vec4 v00000258e66c69e0_0;
    %assign/vec4 v00000258e66c6ee0_0, 0;
T_0.1 ;
    %jmp T_0;
    .thread T_0;
    .scope S_00000258e6409580;
T_1 ;
    %pushi/vec4 1006702593, 0, 32;
    %ix/load 4, 0, 0;
    %flag_set/imm 4, 0;
    %store/vec4a v00000258e66c72a0, 4, 0;
    %pushi/vec4 875036672, 0, 32;
    %ix/load 4, 1, 0;
    %flag_set/imm 4, 0;
    %store/vec4a v00000258e66c72a0, 4, 0;
    %pushi/vec4 1006702593, 0, 32;
    %ix/load 4, 2, 0;
    %flag_set/imm 4, 0;
    %store/vec4a v00000258e66c72a0, 4, 0;
    %pushi/vec4 875364400, 0, 32;
    %ix/load 4, 3, 0;
    %flag_set/imm 4, 0;
    %store/vec4a v00000258e66c72a0, 4, 0;
    %pushi/vec4 286064642, 0, 32;
    %ix/load 4, 4, 0;
    %flag_set/imm 4, 0;
    %store/vec4a v00000258e66c72a0, 4, 0;
    %pushi/vec4 134217736, 0, 32;
    %ix/load 4, 5, 0;
    %flag_set/imm 4, 0;
    %store/vec4a v00000258e66c72a0, 4, 0;
    %pushi/vec4 537526273, 0, 32;
    %ix/load 4, 6, 0;
    %flag_set/imm 4, 0;
    %store/vec4a v00000258e66c72a0, 4, 0;
    %fork t_1, S_00000258e6658640;
    %jmp t_0;
    .scope S_00000258e6658640;
t_1 ;
    %pushi/vec4 7, 0, 32;
    %store/vec4 v00000258e6409710_0, 0, 32;
T_1.0 ;
    %load/vec4 v00000258e6409710_0;
    %cmpi/s 256, 0, 32;
    %jmp/0xz T_1.1, 5;
    %pushi/vec4 19, 0, 32;
    %ix/getv/s 4, v00000258e6409710_0;
    %store/vec4a v00000258e66c72a0, 4, 0;
    %load/vec4 v00000258e6409710_0;
    %addi 1, 0, 32;
    %store/vec4 v00000258e6409710_0, 0, 32;
    %jmp T_1.0;
T_1.1 ;
    %end;
    .scope S_00000258e6409580;
t_0 %join;
    %end;
    .thread T_1;
    .scope S_00000258e664bd70;
T_2 ;
    %wait E_00000258e6652400;
    %load/vec4 v00000258e66c7340_0;
    %flag_set/vec4 8;
    %jmp/0xz  T_2.0, 8;
    %pushi/vec4 1, 0, 1;
    %assign/vec4 v00000258e66c6da0_0, 0;
T_2.0 ;
    %jmp T_2;
    .thread T_2;
    .scope S_00000258e664fa90;
T_3 ;
    %pushi/vec4 0, 0, 1;
    %store/vec4 v00000258e66c73e0_0, 0, 1;
T_3.0 ;
    %delay 5000, 0;
    %load/vec4 v00000258e66c73e0_0;
    %inv;
    %store/vec4 v00000258e66c73e0_0, 0, 1;
    %jmp T_3.0;
    %end;
    .thread T_3;
    .scope S_00000258e664fa90;
T_4 ;
    %pushi/vec4 1, 0, 1;
    %store/vec4 v00000258e66c6bc0_0, 0, 1;
    %delay 20000, 0;
    %pushi/vec4 0, 0, 1;
    %store/vec4 v00000258e66c6bc0_0, 0, 1;
    %vpi_call 2 92 "$display", "Test 1: Sequential Execution (Before Branch)" {0 0 0};
    %delay 10000, 0;
    %load/vec4 v00000258e66c6ee0_0;
    %cmpi/ne 0, 0, 64;
    %jmp/1 T_4.2, 6;
    %flag_mov 8, 6;
    %load/vec4 v00000258e66c6b20_0;
    %cmpi/ne 1006702593, 0, 32;
    %flag_or 6, 8;
T_4.2;
    %jmp/0xz  T_4.0, 6;
    %vpi_call 2 95 "$display", "Error: Test 1 Failed - Expected PC = 0x0000000000000000, Instruction = 0x3c011001" {0 0 0};
    %vpi_call 2 96 "$finish" {0 0 0};
T_4.0 ;
    %delay 10000, 0;
    %load/vec4 v00000258e66c6ee0_0;
    %cmpi/ne 4, 0, 64;
    %jmp/1 T_4.5, 6;
    %flag_mov 8, 6;
    %load/vec4 v00000258e66c6b20_0;
    %cmpi/ne 875036672, 0, 32;
    %flag_or 6, 8;
T_4.5;
    %jmp/0xz  T_4.3, 6;
    %vpi_call 2 101 "$display", "Error: Test 1 Failed - Expected PC = 0x0000000000000004, Instruction = 0x34280000" {0 0 0};
    %vpi_call 2 102 "$finish" {0 0 0};
T_4.3 ;
    %delay 10000, 0;
    %load/vec4 v00000258e66c6ee0_0;
    %cmpi/ne 8, 0, 64;
    %jmp/1 T_4.8, 6;
    %flag_mov 8, 6;
    %load/vec4 v00000258e66c6b20_0;
    %cmpi/ne 1006702593, 0, 32;
    %flag_or 6, 8;
T_4.8;
    %jmp/0xz  T_4.6, 6;
    %vpi_call 2 107 "$display", "Error: Test 1 Failed - Expected PC = 0x0000000000000008, Instruction = 0x3c011001" {0 0 0};
    %vpi_call 2 108 "$finish" {0 0 0};
T_4.6 ;
    %delay 10000, 0;
    %load/vec4 v00000258e66c6ee0_0;
    %cmpi/ne 12, 0, 64;
    %jmp/1 T_4.11, 6;
    %flag_mov 8, 6;
    %load/vec4 v00000258e66c6b20_0;
    %cmpi/ne 875364400, 0, 32;
    %flag_or 6, 8;
T_4.11;
    %jmp/0xz  T_4.9, 6;
    %vpi_call 2 113 "$display", "Error: Test 1 Failed - Expected PC = 0x000000000000000C, Instruction = 0x342d0030" {0 0 0};
    %vpi_call 2 114 "$finish" {0 0 0};
T_4.9 ;
    %vpi_call 2 117 "$display", "Test 1 Passed: Sequential Execution Verified" {0 0 0};
    %vpi_call 2 120 "$display", "Test 2: Branch Instruction (BEQ)" {0 0 0};
    %delay 10000, 0;
    %load/vec4 v00000258e66c6ee0_0;
    %cmpi/ne 16, 0, 64;
    %jmp/1 T_4.14, 6;
    %flag_mov 8, 6;
    %load/vec4 v00000258e66c6b20_0;
    %cmpi/ne 286064642, 0, 32;
    %flag_or 6, 8;
T_4.14;
    %jmp/0xz  T_4.12, 6;
    %vpi_call 2 123 "$display", "Error: Test 2 Failed - Expected PC = 0x0000000000000010, Instruction = 0x110d0002" {0 0 0};
    %vpi_call 2 124 "$finish" {0 0 0};
T_4.12 ;
    %delay 10000, 0;
    %load/vec4 v00000258e66c6ee0_0;
    %cmpi/ne 24, 0, 64;
    %jmp/0xz  T_4.15, 6;
    %vpi_call 2 132 "$display", "Error: Test 2 Failed - Expected PC = 0x0000000000000018 (Branch Taken)" {0 0 0};
    %vpi_call 2 133 "$finish" {0 0 0};
T_4.15 ;
    %vpi_call 2 136 "$display", "Test 2 Passed: Branch Instruction Verified" {0 0 0};
    %vpi_call 2 139 "$display", "Test 3: Sequential Execution (After Branch)" {0 0 0};
    %delay 10000, 0;
    %load/vec4 v00000258e66c6ee0_0;
    %cmpi/ne 24, 0, 64;
    %jmp/1 T_4.19, 6;
    %flag_mov 8, 6;
    %load/vec4 v00000258e66c6b20_0;
    %cmpi/ne 537526273, 0, 32;
    %flag_or 6, 8;
T_4.19;
    %jmp/0xz  T_4.17, 6;
    %vpi_call 2 142 "$display", "Error: Test 3 Failed - Expected PC = 0x0000000000000018, Instruction = 0x200a0001" {0 0 0};
    %vpi_call 2 143 "$finish" {0 0 0};
T_4.17 ;
    %delay 10000, 0;
    %load/vec4 v00000258e66c6ee0_0;
    %cmpi/ne 28, 0, 64;
    %jmp/1 T_4.22, 6;
    %flag_mov 8, 6;
    %load/vec4 v00000258e66c6b20_0;
    %cmpi/ne 19, 0, 32;
    %flag_or 6, 8;
T_4.22;
    %jmp/0xz  T_4.20, 6;
    %vpi_call 2 148 "$display", "Error: Test 3 Failed - Expected PC = 0x000000000000001C, Instruction = 0x00000013" {0 0 0};
    %vpi_call 2 149 "$finish" {0 0 0};
T_4.20 ;
    %vpi_call 2 152 "$display", "Test 3 Passed: Sequential Execution After Branch Verified" {0 0 0};
    %vpi_call 2 155 "$display", "All Tests Passed!" {0 0 0};
    %vpi_call 2 156 "$finish" {0 0 0};
    %end;
    .thread T_4;
# The file index is used to find the file name in the following table.
:file_names 7;
    "N/A";
    "<interactive>";
    "instruction_fetch.v";
    "./adder.v";
    "./instruction_memory.v";
    "./mux.v";
    "./program_counter.v";
