#! /usr/bin/vvp
:ivl_version "11.0 (stable)";
:ivl_delay_selection "TYPICAL";
:vpi_time_precision - 12;
:vpi_module "/usr/lib/x86_64-linux-gnu/ivl/system.vpi";
:vpi_module "/usr/lib/x86_64-linux-gnu/ivl/vhdl_sys.vpi";
:vpi_module "/usr/lib/x86_64-linux-gnu/ivl/vhdl_textio.vpi";
:vpi_module "/usr/lib/x86_64-linux-gnu/ivl/v2005_math.vpi";
:vpi_module "/usr/lib/x86_64-linux-gnu/ivl/va_math.vpi";
S_0x562d075df200 .scope module, "ID_tb" "ID_tb" 2 5;
 .timescale -9 -12;
v0x562d07643980_0 .net "ALUOp", 1 0, L_0x562d076454d0;  1 drivers
v0x562d07643a90_0 .net "ALUSrc", 0 0, L_0x562d07645680;  1 drivers
v0x562d07643b60_0 .net "Branch", 0 0, L_0x562d07645290;  1 drivers
v0x562d07643c60_0 .net "MemRead", 0 0, L_0x562d07645350;  1 drivers
v0x562d07643d30_0 .net "MemWrite", 0 0, L_0x562d076455c0;  1 drivers
v0x562d07643dd0_0 .net "MemtoReg", 0 0, L_0x562d07645410;  1 drivers
v0x562d07643ea0_0 .net "RegWrite_cu", 0 0, L_0x562d07645780;  1 drivers
v0x562d07643f70_0 .var "clk", 0 0;
v0x562d07644040_0 .net "funct3", 2 0, L_0x562d07644e20;  1 drivers
v0x562d076441a0_0 .net "funct7", 6 0, L_0x562d07644e90;  1 drivers
v0x562d07644270_0 .net "id_imm", 31 0, L_0x562d07644f90;  1 drivers
v0x562d07644340_0 .net "imm", 63 0, L_0x562d076451d0;  1 drivers
v0x562d07644410_0 .var "instruction", 31 0;
v0x562d076444b0_0 .net "opcode", 6 0, L_0x562d07644ba0;  1 drivers
v0x562d07644550_0 .net "rd", 4 0, L_0x562d07644d50;  1 drivers
v0x562d07644640_0 .net "readData1", 63 0, L_0x562d07645050;  1 drivers
v0x562d076446e0_0 .net "readData2", 63 0, L_0x562d07645110;  1 drivers
v0x562d07644780_0 .var "regWrite", 0 0;
v0x562d07644850_0 .var "reset", 0 0;
v0x562d07644920_0 .net "rs1", 4 0, L_0x562d07644c10;  1 drivers
v0x562d07644a10_0 .net "rs2", 4 0, L_0x562d07644cb0;  1 drivers
v0x562d07644b00_0 .var "writeData", 63 0;
S_0x562d075de310 .scope module, "cu" "ControlUnit" 2 61, 3 182 0, S_0x562d075df200;
 .timescale 0 0;
    .port_info 0 /INPUT 7 "opcode";
    .port_info 1 /OUTPUT 1 "Branch";
    .port_info 2 /OUTPUT 1 "MemRead";
    .port_info 3 /OUTPUT 1 "MemtoReg";
    .port_info 4 /OUTPUT 2 "ALUOp";
    .port_info 5 /OUTPUT 1 "MemWrite";
    .port_info 6 /OUTPUT 1 "ALUSrc";
    .port_info 7 /OUTPUT 1 "RegWrite";
L_0x562d07645290 .functor BUFZ 1, v0x562d07640790_0, C4<0>, C4<0>, C4<0>;
L_0x562d07645350 .functor BUFZ 1, v0x562d07640910_0, C4<0>, C4<0>, C4<0>;
L_0x562d07645410 .functor BUFZ 1, v0x562d07640c10_0, C4<0>, C4<0>, C4<0>;
L_0x562d076454d0 .functor BUFZ 2, v0x562d07640490_0, C4<00>, C4<00>, C4<00>;
L_0x562d076455c0 .functor BUFZ 1, v0x562d07640a90_0, C4<0>, C4<0>, C4<0>;
L_0x562d07645680 .functor BUFZ 1, v0x562d07640610_0, C4<0>, C4<0>, C4<0>;
L_0x562d07645780 .functor BUFZ 1, v0x562d07640d90_0, C4<0>, C4<0>, C4<0>;
v0x562d07619230_0 .net "ALUOp", 1 0, L_0x562d076454d0;  alias, 1 drivers
v0x562d07640490_0 .var "ALUOp_reg", 1 0;
v0x562d07640570_0 .net "ALUSrc", 0 0, L_0x562d07645680;  alias, 1 drivers
v0x562d07640610_0 .var "ALUSrc_reg", 0 0;
v0x562d076406d0_0 .net "Branch", 0 0, L_0x562d07645290;  alias, 1 drivers
v0x562d07640790_0 .var "Branch_reg", 0 0;
v0x562d07640850_0 .net "MemRead", 0 0, L_0x562d07645350;  alias, 1 drivers
v0x562d07640910_0 .var "MemRead_reg", 0 0;
v0x562d076409d0_0 .net "MemWrite", 0 0, L_0x562d076455c0;  alias, 1 drivers
v0x562d07640a90_0 .var "MemWrite_reg", 0 0;
v0x562d07640b50_0 .net "MemtoReg", 0 0, L_0x562d07645410;  alias, 1 drivers
v0x562d07640c10_0 .var "MemtoReg_reg", 0 0;
v0x562d07640cd0_0 .net "RegWrite", 0 0, L_0x562d07645780;  alias, 1 drivers
v0x562d07640d90_0 .var "RegWrite_reg", 0 0;
v0x562d07640e50_0 .net "opcode", 6 0, L_0x562d07644ba0;  alias, 1 drivers
E_0x562d075fbf80 .event edge, v0x562d07640e50_0;
S_0x562d075df5e0 .scope task, "display_instruction_info" "display_instruction_info" 2 79, 2 79 0, S_0x562d075df200;
 .timescale -9 -12;
v0x562d07641050_0 .var "instr", 31 0;
v0x562d07641130_0 .var "instruction_type", 7 0;
TD_ID_tb.display_instruction_info ;
    %vpi_call 2 83 "$display", "----------------------------------------" {0 0 0};
    %vpi_call 2 84 "$display", "Instruction Type: %s (0x%h)", v0x562d07641130_0, v0x562d07641050_0 {0 0 0};
    %vpi_call 2 85 "$display", "----------------------------------------" {0 0 0};
    %vpi_call 2 86 "$display", "Instruction Decoder Outputs:" {0 0 0};
    %vpi_call 2 87 "$display", "  Opcode  = 0b%b (0x%h)", v0x562d076444b0_0, v0x562d076444b0_0 {0 0 0};
    %vpi_call 2 88 "$display", "  rs1     = %d (x%0d)", v0x562d07644920_0, v0x562d07644920_0 {0 0 0};
    %vpi_call 2 89 "$display", "  rs2     = %d (x%0d)", v0x562d07644a10_0, v0x562d07644a10_0 {0 0 0};
    %vpi_call 2 90 "$display", "  rd      = %d (x%0d)", v0x562d07644550_0, v0x562d07644550_0 {0 0 0};
    %vpi_call 2 91 "$display", "  funct3  = 0b%b", v0x562d07644040_0 {0 0 0};
    %vpi_call 2 92 "$display", "  funct7  = 0b%b", v0x562d076441a0_0 {0 0 0};
    %vpi_call 2 93 "$display", "  ID Imm  = 0x%h", v0x562d07644270_0 {0 0 0};
    %vpi_call 2 95 "$display", "\012ImmGen Output:" {0 0 0};
    %vpi_call 2 96 "$display", "  64-bit Imm = 0x%h", v0x562d07644340_0 {0 0 0};
    %vpi_call 2 98 "$display", "\012Register File Outputs:" {0 0 0};
    %vpi_call 2 99 "$display", "  readData1 = 0x%h", v0x562d07644640_0 {0 0 0};
    %vpi_call 2 100 "$display", "  readData2 = 0x%h", v0x562d076446e0_0 {0 0 0};
    %vpi_call 2 102 "$display", "\012Control Unit Outputs:" {0 0 0};
    %vpi_call 2 103 "$display", "  Branch   = %b", v0x562d07643b60_0 {0 0 0};
    %vpi_call 2 104 "$display", "  MemRead  = %b", v0x562d07643c60_0 {0 0 0};
    %vpi_call 2 105 "$display", "  MemtoReg = %b", v0x562d07643dd0_0 {0 0 0};
    %vpi_call 2 106 "$display", "  ALUOp    = %b", v0x562d07643980_0 {0 0 0};
    %vpi_call 2 107 "$display", "  MemWrite = %b", v0x562d07643d30_0 {0 0 0};
    %vpi_call 2 108 "$display", "  ALUSrc   = %b", v0x562d07643a90_0 {0 0 0};
    %vpi_call 2 109 "$display", "  RegWrite = %b", v0x562d07643ea0_0 {0 0 0};
    %vpi_call 2 110 "$display", "\012" {0 0 0};
    %end;
S_0x562d075df9c0 .scope module, "id" "InstructionDecoder" 2 32, 3 1 0, S_0x562d075df200;
 .timescale 0 0;
    .port_info 0 /INPUT 32 "instruction";
    .port_info 1 /OUTPUT 7 "opcode";
    .port_info 2 /OUTPUT 5 "rs1";
    .port_info 3 /OUTPUT 5 "rs2";
    .port_info 4 /OUTPUT 5 "rd";
    .port_info 5 /OUTPUT 3 "funct3";
    .port_info 6 /OUTPUT 7 "funct7";
    .port_info 7 /OUTPUT 32 "imm";
L_0x562d07644ba0 .functor BUFZ 7, v0x562d07641a00_0, C4<0000000>, C4<0000000>, C4<0000000>;
L_0x562d07644c10 .functor BUFZ 5, v0x562d07641df0_0, C4<00000>, C4<00000>, C4<00000>;
L_0x562d07644cb0 .functor BUFZ 5, v0x562d07641fb0_0, C4<00000>, C4<00000>, C4<00000>;
L_0x562d07644d50 .functor BUFZ 5, v0x562d07641c30_0, C4<00000>, C4<00000>, C4<00000>;
L_0x562d07644e20 .functor BUFZ 3, v0x562d076413d0_0, C4<000>, C4<000>, C4<000>;
L_0x562d07644e90 .functor BUFZ 7, v0x562d07641570_0, C4<0000000>, C4<0000000>, C4<0000000>;
L_0x562d07644f90 .functor BUFZ 32, v0x562d07641780_0, C4<00000000000000000000000000000000>, C4<00000000000000000000000000000000>, C4<00000000000000000000000000000000>;
v0x562d076412d0_0 .net "funct3", 2 0, L_0x562d07644e20;  alias, 1 drivers
v0x562d076413d0_0 .var "funct3_reg", 2 0;
v0x562d076414b0_0 .net "funct7", 6 0, L_0x562d07644e90;  alias, 1 drivers
v0x562d07641570_0 .var "funct7_reg", 6 0;
v0x562d07641650_0 .net "imm", 31 0, L_0x562d07644f90;  alias, 1 drivers
v0x562d07641780_0 .var "imm_reg", 31 0;
v0x562d07641860_0 .net "instruction", 31 0, v0x562d07644410_0;  1 drivers
v0x562d07641940_0 .net "opcode", 6 0, L_0x562d07644ba0;  alias, 1 drivers
v0x562d07641a00_0 .var "opcode_reg", 6 0;
v0x562d07641b50_0 .net "rd", 4 0, L_0x562d07644d50;  alias, 1 drivers
v0x562d07641c30_0 .var "rd_reg", 4 0;
v0x562d07641d10_0 .net "rs1", 4 0, L_0x562d07644c10;  alias, 1 drivers
v0x562d07641df0_0 .var "rs1_reg", 4 0;
v0x562d07641ed0_0 .net "rs2", 4 0, L_0x562d07644cb0;  alias, 1 drivers
v0x562d07641fb0_0 .var "rs2_reg", 4 0;
E_0x562d075f9fc0 .event edge, v0x562d07641860_0, v0x562d07641a00_0;
S_0x562d075de660 .scope module, "ig" "ImmGen" 2 55, 3 141 0, S_0x562d075df200;
 .timescale 0 0;
    .port_info 0 /INPUT 32 "instruction";
    .port_info 1 /INPUT 7 "opcode";
    .port_info 2 /OUTPUT 64 "imm";
L_0x562d076451d0 .functor BUFZ 64, v0x562d07642340_0, C4<0000000000000000000000000000000000000000000000000000000000000000>, C4<0000000000000000000000000000000000000000000000000000000000000000>, C4<0000000000000000000000000000000000000000000000000000000000000000>;
v0x562d07642240_0 .net "imm", 63 0, L_0x562d076451d0;  alias, 1 drivers
v0x562d07642340_0 .var "imm_reg", 63 0;
v0x562d07642420_0 .net "instruction", 31 0, v0x562d07644410_0;  alias, 1 drivers
v0x562d076424c0_0 .net "opcode", 6 0, L_0x562d07644ba0;  alias, 1 drivers
E_0x562d075cca70 .event edge, v0x562d07640e50_0, v0x562d07641860_0;
S_0x562d075dea40 .scope module, "rf" "RegisterFile" 2 43, 3 101 0, S_0x562d075df200;
 .timescale 0 0;
    .port_info 0 /INPUT 1 "clk";
    .port_info 1 /INPUT 1 "reset";
    .port_info 2 /INPUT 1 "regWrite";
    .port_info 3 /INPUT 5 "rs1";
    .port_info 4 /INPUT 5 "rs2";
    .port_info 5 /INPUT 5 "rd";
    .port_info 6 /INPUT 64 "writeData";
    .port_info 7 /OUTPUT 64 "readData1";
    .port_info 8 /OUTPUT 64 "readData2";
L_0x562d07645050 .functor BUFZ 64, v0x562d07642c80_0, C4<0000000000000000000000000000000000000000000000000000000000000000>, C4<0000000000000000000000000000000000000000000000000000000000000000>, C4<0000000000000000000000000000000000000000000000000000000000000000>;
L_0x562d07645110 .functor BUFZ 64, v0x562d07642e90_0, C4<0000000000000000000000000000000000000000000000000000000000000000>, C4<0000000000000000000000000000000000000000000000000000000000000000>, C4<0000000000000000000000000000000000000000000000000000000000000000>;
v0x562d07642960_0 .net "clk", 0 0, v0x562d07643f70_0;  1 drivers
v0x562d07642a40_0 .var/i "i", 31 0;
v0x562d07642b20_0 .net "rd", 4 0, L_0x562d07644d50;  alias, 1 drivers
v0x562d07642bc0_0 .net "readData1", 63 0, L_0x562d07645050;  alias, 1 drivers
v0x562d07642c80_0 .var "readData1_reg", 63 0;
v0x562d07642db0_0 .net "readData2", 63 0, L_0x562d07645110;  alias, 1 drivers
v0x562d07642e90_0 .var "readData2_reg", 63 0;
v0x562d07642f70_0 .net "regWrite", 0 0, v0x562d07644780_0;  1 drivers
v0x562d07643030 .array "registers", 31 0, 63 0;
v0x562d07643580_0 .net "reset", 0 0, v0x562d07644850_0;  1 drivers
v0x562d07643640_0 .net "rs1", 4 0, L_0x562d07644c10;  alias, 1 drivers
v0x562d07643700_0 .net "rs2", 4 0, L_0x562d07644cb0;  alias, 1 drivers
v0x562d076437a0_0 .net "writeData", 63 0, v0x562d07644b00_0;  1 drivers
E_0x562d07621530 .event posedge, v0x562d07642960_0;
v0x562d07643030_0 .array/port v0x562d07643030, 0;
v0x562d07643030_1 .array/port v0x562d07643030, 1;
v0x562d07643030_2 .array/port v0x562d07643030, 2;
E_0x562d076242c0/0 .event edge, v0x562d07641d10_0, v0x562d07643030_0, v0x562d07643030_1, v0x562d07643030_2;
v0x562d07643030_3 .array/port v0x562d07643030, 3;
v0x562d07643030_4 .array/port v0x562d07643030, 4;
v0x562d07643030_5 .array/port v0x562d07643030, 5;
v0x562d07643030_6 .array/port v0x562d07643030, 6;
E_0x562d076242c0/1 .event edge, v0x562d07643030_3, v0x562d07643030_4, v0x562d07643030_5, v0x562d07643030_6;
v0x562d07643030_7 .array/port v0x562d07643030, 7;
v0x562d07643030_8 .array/port v0x562d07643030, 8;
v0x562d07643030_9 .array/port v0x562d07643030, 9;
v0x562d07643030_10 .array/port v0x562d07643030, 10;
E_0x562d076242c0/2 .event edge, v0x562d07643030_7, v0x562d07643030_8, v0x562d07643030_9, v0x562d07643030_10;
v0x562d07643030_11 .array/port v0x562d07643030, 11;
v0x562d07643030_12 .array/port v0x562d07643030, 12;
v0x562d07643030_13 .array/port v0x562d07643030, 13;
v0x562d07643030_14 .array/port v0x562d07643030, 14;
E_0x562d076242c0/3 .event edge, v0x562d07643030_11, v0x562d07643030_12, v0x562d07643030_13, v0x562d07643030_14;
v0x562d07643030_15 .array/port v0x562d07643030, 15;
v0x562d07643030_16 .array/port v0x562d07643030, 16;
v0x562d07643030_17 .array/port v0x562d07643030, 17;
v0x562d07643030_18 .array/port v0x562d07643030, 18;
E_0x562d076242c0/4 .event edge, v0x562d07643030_15, v0x562d07643030_16, v0x562d07643030_17, v0x562d07643030_18;
v0x562d07643030_19 .array/port v0x562d07643030, 19;
v0x562d07643030_20 .array/port v0x562d07643030, 20;
v0x562d07643030_21 .array/port v0x562d07643030, 21;
v0x562d07643030_22 .array/port v0x562d07643030, 22;
E_0x562d076242c0/5 .event edge, v0x562d07643030_19, v0x562d07643030_20, v0x562d07643030_21, v0x562d07643030_22;
v0x562d07643030_23 .array/port v0x562d07643030, 23;
v0x562d07643030_24 .array/port v0x562d07643030, 24;
v0x562d07643030_25 .array/port v0x562d07643030, 25;
v0x562d07643030_26 .array/port v0x562d07643030, 26;
E_0x562d076242c0/6 .event edge, v0x562d07643030_23, v0x562d07643030_24, v0x562d07643030_25, v0x562d07643030_26;
v0x562d07643030_27 .array/port v0x562d07643030, 27;
v0x562d07643030_28 .array/port v0x562d07643030, 28;
v0x562d07643030_29 .array/port v0x562d07643030, 29;
v0x562d07643030_30 .array/port v0x562d07643030, 30;
E_0x562d076242c0/7 .event edge, v0x562d07643030_27, v0x562d07643030_28, v0x562d07643030_29, v0x562d07643030_30;
v0x562d07643030_31 .array/port v0x562d07643030, 31;
E_0x562d076242c0/8 .event edge, v0x562d07643030_31, v0x562d07641ed0_0;
E_0x562d076242c0 .event/or E_0x562d076242c0/0, E_0x562d076242c0/1, E_0x562d076242c0/2, E_0x562d076242c0/3, E_0x562d076242c0/4, E_0x562d076242c0/5, E_0x562d076242c0/6, E_0x562d076242c0/7, E_0x562d076242c0/8;
E_0x562d07624300 .event posedge, v0x562d07643580_0;
    .scope S_0x562d075df9c0;
T_1 ;
    %wait E_0x562d075f9fc0;
    %load/vec4 v0x562d07641860_0;
    %parti/s 7, 0, 2;
    %store/vec4 v0x562d07641a00_0, 0, 7;
    %pushi/vec4 0, 0, 5;
    %store/vec4 v0x562d07641df0_0, 0, 5;
    %pushi/vec4 0, 0, 5;
    %store/vec4 v0x562d07641fb0_0, 0, 5;
    %pushi/vec4 0, 0, 5;
    %store/vec4 v0x562d07641c30_0, 0, 5;
    %pushi/vec4 0, 0, 3;
    %store/vec4 v0x562d076413d0_0, 0, 3;
    %pushi/vec4 0, 0, 7;
    %store/vec4 v0x562d07641570_0, 0, 7;
    %pushi/vec4 0, 0, 32;
    %store/vec4 v0x562d07641780_0, 0, 32;
    %load/vec4 v0x562d07641a00_0;
    %dup/vec4;
    %pushi/vec4 51, 0, 7;
    %cmp/u;
    %jmp/1 T_1.0, 6;
    %dup/vec4;
    %pushi/vec4 19, 0, 7;
    %cmp/u;
    %jmp/1 T_1.1, 6;
    %dup/vec4;
    %pushi/vec4 3, 0, 7;
    %cmp/u;
    %jmp/1 T_1.2, 6;
    %dup/vec4;
    %pushi/vec4 103, 0, 7;
    %cmp/u;
    %jmp/1 T_1.3, 6;
    %dup/vec4;
    %pushi/vec4 35, 0, 7;
    %cmp/u;
    %jmp/1 T_1.4, 6;
    %dup/vec4;
    %pushi/vec4 99, 0, 7;
    %cmp/u;
    %jmp/1 T_1.5, 6;
    %dup/vec4;
    %pushi/vec4 55, 0, 7;
    %cmp/u;
    %jmp/1 T_1.6, 6;
    %dup/vec4;
    %pushi/vec4 23, 0, 7;
    %cmp/u;
    %jmp/1 T_1.7, 6;
    %dup/vec4;
    %pushi/vec4 111, 0, 7;
    %cmp/u;
    %jmp/1 T_1.8, 6;
    %jmp T_1.10;
T_1.0 ;
    %load/vec4 v0x562d07641860_0;
    %parti/s 5, 7, 4;
    %store/vec4 v0x562d07641c30_0, 0, 5;
    %load/vec4 v0x562d07641860_0;
    %parti/s 5, 15, 5;
    %store/vec4 v0x562d07641df0_0, 0, 5;
    %load/vec4 v0x562d07641860_0;
    %parti/s 5, 20, 6;
    %store/vec4 v0x562d07641fb0_0, 0, 5;
    %load/vec4 v0x562d07641860_0;
    %parti/s 3, 12, 5;
    %store/vec4 v0x562d076413d0_0, 0, 3;
    %load/vec4 v0x562d07641860_0;
    %parti/s 7, 25, 6;
    %store/vec4 v0x562d07641570_0, 0, 7;
    %jmp T_1.10;
T_1.1 ;
    %load/vec4 v0x562d07641860_0;
    %parti/s 5, 7, 4;
    %store/vec4 v0x562d07641c30_0, 0, 5;
    %load/vec4 v0x562d07641860_0;
    %parti/s 5, 15, 5;
    %store/vec4 v0x562d07641df0_0, 0, 5;
    %load/vec4 v0x562d07641860_0;
    %parti/s 3, 12, 5;
    %store/vec4 v0x562d076413d0_0, 0, 3;
    %load/vec4 v0x562d07641860_0;
    %parti/s 1, 31, 6;
    %replicate 20;
    %load/vec4 v0x562d07641860_0;
    %parti/s 12, 20, 6;
    %concat/vec4; draw_concat_vec4
    %store/vec4 v0x562d07641780_0, 0, 32;
    %jmp T_1.10;
T_1.2 ;
    %load/vec4 v0x562d07641860_0;
    %parti/s 5, 7, 4;
    %store/vec4 v0x562d07641c30_0, 0, 5;
    %load/vec4 v0x562d07641860_0;
    %parti/s 5, 15, 5;
    %store/vec4 v0x562d07641df0_0, 0, 5;
    %load/vec4 v0x562d07641860_0;
    %parti/s 3, 12, 5;
    %store/vec4 v0x562d076413d0_0, 0, 3;
    %load/vec4 v0x562d07641860_0;
    %parti/s 1, 31, 6;
    %replicate 20;
    %load/vec4 v0x562d07641860_0;
    %parti/s 12, 20, 6;
    %concat/vec4; draw_concat_vec4
    %store/vec4 v0x562d07641780_0, 0, 32;
    %jmp T_1.10;
T_1.3 ;
    %load/vec4 v0x562d07641860_0;
    %parti/s 5, 7, 4;
    %store/vec4 v0x562d07641c30_0, 0, 5;
    %load/vec4 v0x562d07641860_0;
    %parti/s 5, 15, 5;
    %store/vec4 v0x562d07641df0_0, 0, 5;
    %load/vec4 v0x562d07641860_0;
    %parti/s 3, 12, 5;
    %store/vec4 v0x562d076413d0_0, 0, 3;
    %load/vec4 v0x562d07641860_0;
    %parti/s 1, 31, 6;
    %replicate 20;
    %load/vec4 v0x562d07641860_0;
    %parti/s 12, 20, 6;
    %concat/vec4; draw_concat_vec4
    %store/vec4 v0x562d07641780_0, 0, 32;
    %jmp T_1.10;
T_1.4 ;
    %load/vec4 v0x562d07641860_0;
    %parti/s 5, 15, 5;
    %store/vec4 v0x562d07641df0_0, 0, 5;
    %load/vec4 v0x562d07641860_0;
    %parti/s 5, 20, 6;
    %store/vec4 v0x562d07641fb0_0, 0, 5;
    %load/vec4 v0x562d07641860_0;
    %parti/s 3, 12, 5;
    %store/vec4 v0x562d076413d0_0, 0, 3;
    %load/vec4 v0x562d07641860_0;
    %parti/s 1, 31, 6;
    %replicate 20;
    %load/vec4 v0x562d07641860_0;
    %parti/s 7, 25, 6;
    %concat/vec4; draw_concat_vec4
    %load/vec4 v0x562d07641860_0;
    %parti/s 5, 7, 4;
    %concat/vec4; draw_concat_vec4
    %store/vec4 v0x562d07641780_0, 0, 32;
    %jmp T_1.10;
T_1.5 ;
    %load/vec4 v0x562d07641860_0;
    %parti/s 5, 15, 5;
    %store/vec4 v0x562d07641df0_0, 0, 5;
    %load/vec4 v0x562d07641860_0;
    %parti/s 5, 20, 6;
    %store/vec4 v0x562d07641fb0_0, 0, 5;
    %load/vec4 v0x562d07641860_0;
    %parti/s 3, 12, 5;
    %store/vec4 v0x562d076413d0_0, 0, 3;
    %load/vec4 v0x562d07641860_0;
    %parti/s 1, 31, 6;
    %replicate 19;
    %load/vec4 v0x562d07641860_0;
    %parti/s 1, 31, 6;
    %concat/vec4; draw_concat_vec4
    %load/vec4 v0x562d07641860_0;
    %parti/s 1, 7, 4;
    %concat/vec4; draw_concat_vec4
    %load/vec4 v0x562d07641860_0;
    %parti/s 6, 25, 6;
    %concat/vec4; draw_concat_vec4
    %load/vec4 v0x562d07641860_0;
    %parti/s 4, 8, 5;
    %concat/vec4; draw_concat_vec4
    %concati/vec4 0, 0, 1;
    %store/vec4 v0x562d07641780_0, 0, 32;
    %jmp T_1.10;
T_1.6 ;
    %load/vec4 v0x562d07641860_0;
    %parti/s 5, 7, 4;
    %store/vec4 v0x562d07641c30_0, 0, 5;
    %load/vec4 v0x562d07641860_0;
    %parti/s 20, 12, 5;
    %concati/vec4 0, 0, 12;
    %store/vec4 v0x562d07641780_0, 0, 32;
    %jmp T_1.10;
T_1.7 ;
    %load/vec4 v0x562d07641860_0;
    %parti/s 5, 7, 4;
    %store/vec4 v0x562d07641c30_0, 0, 5;
    %load/vec4 v0x562d07641860_0;
    %parti/s 20, 12, 5;
    %concati/vec4 0, 0, 12;
    %store/vec4 v0x562d07641780_0, 0, 32;
    %jmp T_1.10;
T_1.8 ;
    %load/vec4 v0x562d07641860_0;
    %parti/s 5, 7, 4;
    %store/vec4 v0x562d07641c30_0, 0, 5;
    %load/vec4 v0x562d07641860_0;
    %parti/s 1, 31, 6;
    %replicate 11;
    %load/vec4 v0x562d07641860_0;
    %parti/s 1, 31, 6;
    %concat/vec4; draw_concat_vec4
    %load/vec4 v0x562d07641860_0;
    %parti/s 8, 12, 5;
    %concat/vec4; draw_concat_vec4
    %load/vec4 v0x562d07641860_0;
    %parti/s 1, 20, 6;
    %concat/vec4; draw_concat_vec4
    %load/vec4 v0x562d07641860_0;
    %parti/s 10, 21, 6;
    %concat/vec4; draw_concat_vec4
    %concati/vec4 0, 0, 1;
    %store/vec4 v0x562d07641780_0, 0, 32;
    %jmp T_1.10;
T_1.10 ;
    %pop/vec4 1;
    %jmp T_1;
    .thread T_1, $push;
    .scope S_0x562d075dea40;
T_2 ;
    %wait E_0x562d07624300;
    %pushi/vec4 0, 0, 32;
    %store/vec4 v0x562d07642a40_0, 0, 32;
T_2.0 ;
    %load/vec4 v0x562d07642a40_0;
    %cmpi/s 32, 0, 32;
    %jmp/0xz T_2.1, 5;
    %load/vec4 v0x562d07642a40_0;
    %pad/s 64;
    %ix/getv/s 3, v0x562d07642a40_0;
    %ix/load 4, 0, 0; Constant delay
    %assign/vec4/a/d v0x562d07643030, 0, 4;
    %load/vec4 v0x562d07642a40_0;
    %addi 1, 0, 32;
    %store/vec4 v0x562d07642a40_0, 0, 32;
    %jmp T_2.0;
T_2.1 ;
    %jmp T_2;
    .thread T_2;
    .scope S_0x562d075dea40;
T_3 ;
    %wait E_0x562d076242c0;
    %load/vec4 v0x562d07643640_0;
    %cmpi/e 0, 0, 5;
    %flag_mov 8, 4;
    %jmp/0 T_3.0, 8;
    %pushi/vec4 0, 0, 64;
    %jmp/1 T_3.1, 8;
T_3.0 ; End of true expr.
    %load/vec4 v0x562d07643640_0;
    %pad/u 7;
    %ix/vec4 4;
    %load/vec4a v0x562d07643030, 4;
    %jmp/0 T_3.1, 8;
 ; End of false expr.
    %blend;
T_3.1;
    %store/vec4 v0x562d07642c80_0, 0, 64;
    %load/vec4 v0x562d07643700_0;
    %cmpi/e 0, 0, 5;
    %flag_mov 8, 4;
    %jmp/0 T_3.2, 8;
    %pushi/vec4 0, 0, 64;
    %jmp/1 T_3.3, 8;
T_3.2 ; End of true expr.
    %load/vec4 v0x562d07643700_0;
    %pad/u 7;
    %ix/vec4 4;
    %load/vec4a v0x562d07643030, 4;
    %jmp/0 T_3.3, 8;
 ; End of false expr.
    %blend;
T_3.3;
    %store/vec4 v0x562d07642e90_0, 0, 64;
    %jmp T_3;
    .thread T_3, $push;
    .scope S_0x562d075dea40;
T_4 ;
    %wait E_0x562d07621530;
    %load/vec4 v0x562d07642f70_0;
    %load/vec4 v0x562d07642b20_0;
    %pushi/vec4 0, 0, 5;
    %cmp/ne;
    %flag_get/vec4 4;
    %and;
    %flag_set/vec4 8;
    %jmp/0xz  T_4.0, 8;
    %load/vec4 v0x562d076437a0_0;
    %load/vec4 v0x562d07642b20_0;
    %pad/u 7;
    %ix/vec4 3;
    %ix/load 4, 0, 0; Constant delay
    %assign/vec4/a/d v0x562d07643030, 0, 4;
T_4.0 ;
    %jmp T_4;
    .thread T_4;
    .scope S_0x562d075de660;
T_5 ;
    %wait E_0x562d075cca70;
    %load/vec4 v0x562d076424c0_0;
    %dup/vec4;
    %pushi/vec4 19, 0, 7;
    %cmp/u;
    %jmp/1 T_5.0, 6;
    %dup/vec4;
    %pushi/vec4 3, 0, 7;
    %cmp/u;
    %jmp/1 T_5.1, 6;
    %dup/vec4;
    %pushi/vec4 103, 0, 7;
    %cmp/u;
    %jmp/1 T_5.2, 6;
    %dup/vec4;
    %pushi/vec4 35, 0, 7;
    %cmp/u;
    %jmp/1 T_5.3, 6;
    %dup/vec4;
    %pushi/vec4 99, 0, 7;
    %cmp/u;
    %jmp/1 T_5.4, 6;
    %dup/vec4;
    %pushi/vec4 55, 0, 7;
    %cmp/u;
    %jmp/1 T_5.5, 6;
    %dup/vec4;
    %pushi/vec4 23, 0, 7;
    %cmp/u;
    %jmp/1 T_5.6, 6;
    %dup/vec4;
    %pushi/vec4 111, 0, 7;
    %cmp/u;
    %jmp/1 T_5.7, 6;
    %pushi/vec4 0, 0, 64;
    %store/vec4 v0x562d07642340_0, 0, 64;
    %jmp T_5.9;
T_5.0 ;
    %load/vec4 v0x562d07642420_0;
    %parti/s 1, 31, 6;
    %replicate 52;
    %load/vec4 v0x562d07642420_0;
    %parti/s 12, 20, 6;
    %concat/vec4; draw_concat_vec4
    %store/vec4 v0x562d07642340_0, 0, 64;
    %jmp T_5.9;
T_5.1 ;
    %load/vec4 v0x562d07642420_0;
    %parti/s 1, 31, 6;
    %replicate 52;
    %load/vec4 v0x562d07642420_0;
    %parti/s 12, 20, 6;
    %concat/vec4; draw_concat_vec4
    %store/vec4 v0x562d07642340_0, 0, 64;
    %jmp T_5.9;
T_5.2 ;
    %load/vec4 v0x562d07642420_0;
    %parti/s 1, 31, 6;
    %replicate 52;
    %load/vec4 v0x562d07642420_0;
    %parti/s 12, 20, 6;
    %concat/vec4; draw_concat_vec4
    %store/vec4 v0x562d07642340_0, 0, 64;
    %jmp T_5.9;
T_5.3 ;
    %load/vec4 v0x562d07642420_0;
    %parti/s 1, 31, 6;
    %replicate 52;
    %load/vec4 v0x562d07642420_0;
    %parti/s 7, 25, 6;
    %concat/vec4; draw_concat_vec4
    %load/vec4 v0x562d07642420_0;
    %parti/s 5, 7, 4;
    %concat/vec4; draw_concat_vec4
    %store/vec4 v0x562d07642340_0, 0, 64;
    %jmp T_5.9;
T_5.4 ;
    %load/vec4 v0x562d07642420_0;
    %parti/s 1, 31, 6;
    %replicate 51;
    %load/vec4 v0x562d07642420_0;
    %parti/s 1, 31, 6;
    %concat/vec4; draw_concat_vec4
    %load/vec4 v0x562d07642420_0;
    %parti/s 1, 7, 4;
    %concat/vec4; draw_concat_vec4
    %load/vec4 v0x562d07642420_0;
    %parti/s 6, 25, 6;
    %concat/vec4; draw_concat_vec4
    %load/vec4 v0x562d07642420_0;
    %parti/s 4, 8, 5;
    %concat/vec4; draw_concat_vec4
    %concati/vec4 0, 0, 1;
    %store/vec4 v0x562d07642340_0, 0, 64;
    %jmp T_5.9;
T_5.5 ;
    %load/vec4 v0x562d07642420_0;
    %parti/s 1, 31, 6;
    %replicate 32;
    %load/vec4 v0x562d07642420_0;
    %parti/s 20, 12, 5;
    %concat/vec4; draw_concat_vec4
    %concati/vec4 0, 0, 12;
    %store/vec4 v0x562d07642340_0, 0, 64;
    %jmp T_5.9;
T_5.6 ;
    %load/vec4 v0x562d07642420_0;
    %parti/s 1, 31, 6;
    %replicate 32;
    %load/vec4 v0x562d07642420_0;
    %parti/s 20, 12, 5;
    %concat/vec4; draw_concat_vec4
    %concati/vec4 0, 0, 12;
    %store/vec4 v0x562d07642340_0, 0, 64;
    %jmp T_5.9;
T_5.7 ;
    %load/vec4 v0x562d07642420_0;
    %parti/s 1, 31, 6;
    %replicate 43;
    %load/vec4 v0x562d07642420_0;
    %parti/s 1, 31, 6;
    %concat/vec4; draw_concat_vec4
    %load/vec4 v0x562d07642420_0;
    %parti/s 8, 12, 5;
    %concat/vec4; draw_concat_vec4
    %load/vec4 v0x562d07642420_0;
    %parti/s 1, 20, 6;
    %concat/vec4; draw_concat_vec4
    %load/vec4 v0x562d07642420_0;
    %parti/s 10, 21, 6;
    %concat/vec4; draw_concat_vec4
    %concati/vec4 0, 0, 1;
    %store/vec4 v0x562d07642340_0, 0, 64;
    %jmp T_5.9;
T_5.9 ;
    %pop/vec4 1;
    %jmp T_5;
    .thread T_5, $push;
    .scope S_0x562d075de310;
T_6 ;
    %wait E_0x562d075fbf80;
    %pushi/vec4 0, 0, 1;
    %store/vec4 v0x562d07640790_0, 0, 1;
    %pushi/vec4 0, 0, 1;
    %store/vec4 v0x562d07640910_0, 0, 1;
    %pushi/vec4 0, 0, 1;
    %store/vec4 v0x562d07640c10_0, 0, 1;
    %pushi/vec4 0, 0, 2;
    %store/vec4 v0x562d07640490_0, 0, 2;
    %pushi/vec4 0, 0, 1;
    %store/vec4 v0x562d07640a90_0, 0, 1;
    %pushi/vec4 0, 0, 1;
    %store/vec4 v0x562d07640610_0, 0, 1;
    %pushi/vec4 0, 0, 1;
    %store/vec4 v0x562d07640d90_0, 0, 1;
    %load/vec4 v0x562d07640e50_0;
    %dup/vec4;
    %pushi/vec4 51, 0, 7;
    %cmp/u;
    %jmp/1 T_6.0, 6;
    %dup/vec4;
    %pushi/vec4 19, 0, 7;
    %cmp/u;
    %jmp/1 T_6.1, 6;
    %dup/vec4;
    %pushi/vec4 3, 0, 7;
    %cmp/u;
    %jmp/1 T_6.2, 6;
    %dup/vec4;
    %pushi/vec4 35, 0, 7;
    %cmp/u;
    %jmp/1 T_6.3, 6;
    %dup/vec4;
    %pushi/vec4 99, 0, 7;
    %cmp/u;
    %jmp/1 T_6.4, 6;
    %dup/vec4;
    %pushi/vec4 111, 0, 7;
    %cmp/u;
    %jmp/1 T_6.5, 6;
    %dup/vec4;
    %pushi/vec4 103, 0, 7;
    %cmp/u;
    %jmp/1 T_6.6, 6;
    %dup/vec4;
    %pushi/vec4 55, 0, 7;
    %cmp/u;
    %jmp/1 T_6.7, 6;
    %dup/vec4;
    %pushi/vec4 23, 0, 7;
    %cmp/u;
    %jmp/1 T_6.8, 6;
    %jmp T_6.10;
T_6.0 ;
    %pushi/vec4 1, 0, 1;
    %store/vec4 v0x562d07640d90_0, 0, 1;
    %pushi/vec4 2, 0, 2;
    %store/vec4 v0x562d07640490_0, 0, 2;
    %jmp T_6.10;
T_6.1 ;
    %pushi/vec4 1, 0, 1;
    %store/vec4 v0x562d07640d90_0, 0, 1;
    %pushi/vec4 1, 0, 1;
    %store/vec4 v0x562d07640610_0, 0, 1;
    %load/vec4 v0x562d07640e50_0;
    %cmpi/e 3, 0, 7;
    %flag_mov 8, 4;
    %jmp/0 T_6.11, 8;
    %pushi/vec4 1, 0, 2;
    %jmp/1 T_6.12, 8;
T_6.11 ; End of true expr.
    %pushi/vec4 0, 0, 2;
    %jmp/0 T_6.12, 8;
 ; End of false expr.
    %blend;
T_6.12;
    %pad/s 1;
    %store/vec4 v0x562d07640910_0, 0, 1;
    %load/vec4 v0x562d07640e50_0;
    %cmpi/e 3, 0, 7;
    %flag_mov 8, 4;
    %jmp/0 T_6.13, 8;
    %pushi/vec4 1, 0, 2;
    %jmp/1 T_6.14, 8;
T_6.13 ; End of true expr.
    %pushi/vec4 0, 0, 2;
    %jmp/0 T_6.14, 8;
 ; End of false expr.
    %blend;
T_6.14;
    %pad/s 1;
    %store/vec4 v0x562d07640c10_0, 0, 1;
    %pushi/vec4 0, 0, 2;
    %store/vec4 v0x562d07640490_0, 0, 2;
    %jmp T_6.10;
T_6.2 ;
    %pushi/vec4 1, 0, 1;
    %store/vec4 v0x562d07640d90_0, 0, 1;
    %pushi/vec4 1, 0, 1;
    %store/vec4 v0x562d07640610_0, 0, 1;
    %load/vec4 v0x562d07640e50_0;
    %cmpi/e 3, 0, 7;
    %flag_mov 8, 4;
    %jmp/0 T_6.15, 8;
    %pushi/vec4 1, 0, 2;
    %jmp/1 T_6.16, 8;
T_6.15 ; End of true expr.
    %pushi/vec4 0, 0, 2;
    %jmp/0 T_6.16, 8;
 ; End of false expr.
    %blend;
T_6.16;
    %pad/s 1;
    %store/vec4 v0x562d07640910_0, 0, 1;
    %load/vec4 v0x562d07640e50_0;
    %cmpi/e 3, 0, 7;
    %flag_mov 8, 4;
    %jmp/0 T_6.17, 8;
    %pushi/vec4 1, 0, 2;
    %jmp/1 T_6.18, 8;
T_6.17 ; End of true expr.
    %pushi/vec4 0, 0, 2;
    %jmp/0 T_6.18, 8;
 ; End of false expr.
    %blend;
T_6.18;
    %pad/s 1;
    %store/vec4 v0x562d07640c10_0, 0, 1;
    %pushi/vec4 0, 0, 2;
    %store/vec4 v0x562d07640490_0, 0, 2;
    %jmp T_6.10;
T_6.3 ;
    %pushi/vec4 1, 0, 1;
    %store/vec4 v0x562d07640a90_0, 0, 1;
    %pushi/vec4 1, 0, 1;
    %store/vec4 v0x562d07640610_0, 0, 1;
    %pushi/vec4 0, 0, 2;
    %store/vec4 v0x562d07640490_0, 0, 2;
    %jmp T_6.10;
T_6.4 ;
    %pushi/vec4 1, 0, 1;
    %store/vec4 v0x562d07640790_0, 0, 1;
    %pushi/vec4 1, 0, 2;
    %store/vec4 v0x562d07640490_0, 0, 2;
    %jmp T_6.10;
T_6.5 ;
    %pushi/vec4 1, 0, 1;
    %store/vec4 v0x562d07640d90_0, 0, 1;
    %pushi/vec4 1, 0, 1;
    %store/vec4 v0x562d07640610_0, 0, 1;
    %pushi/vec4 0, 0, 2;
    %store/vec4 v0x562d07640490_0, 0, 2;
    %jmp T_6.10;
T_6.6 ;
    %pushi/vec4 1, 0, 1;
    %store/vec4 v0x562d07640d90_0, 0, 1;
    %pushi/vec4 1, 0, 1;
    %store/vec4 v0x562d07640610_0, 0, 1;
    %pushi/vec4 0, 0, 2;
    %store/vec4 v0x562d07640490_0, 0, 2;
    %jmp T_6.10;
T_6.7 ;
    %pushi/vec4 1, 0, 1;
    %store/vec4 v0x562d07640d90_0, 0, 1;
    %pushi/vec4 1, 0, 1;
    %store/vec4 v0x562d07640610_0, 0, 1;
    %pushi/vec4 0, 0, 2;
    %store/vec4 v0x562d07640490_0, 0, 2;
    %jmp T_6.10;
T_6.8 ;
    %pushi/vec4 1, 0, 1;
    %store/vec4 v0x562d07640d90_0, 0, 1;
    %pushi/vec4 1, 0, 1;
    %store/vec4 v0x562d07640610_0, 0, 1;
    %pushi/vec4 0, 0, 2;
    %store/vec4 v0x562d07640490_0, 0, 2;
    %jmp T_6.10;
T_6.10 ;
    %pop/vec4 1;
    %jmp T_6;
    .thread T_6, $push;
    .scope S_0x562d075df200;
T_7 ;
    %pushi/vec4 0, 0, 1;
    %store/vec4 v0x562d07643f70_0, 0, 1;
T_7.0 ;
    %delay 5000, 0;
    %load/vec4 v0x562d07643f70_0;
    %inv;
    %store/vec4 v0x562d07643f70_0, 0, 1;
    %jmp T_7.0;
    %end;
    .thread T_7;
    .scope S_0x562d075df200;
T_8 ;
    %pushi/vec4 1, 0, 1;
    %store/vec4 v0x562d07644850_0, 0, 1;
    %pushi/vec4 0, 0, 1;
    %store/vec4 v0x562d07644780_0, 0, 1;
    %pushi/vec4 0, 0, 64;
    %store/vec4 v0x562d07644b00_0, 0, 64;
    %pushi/vec4 0, 0, 32;
    %store/vec4 v0x562d07644410_0, 0, 32;
    %delay 10000, 0;
    %pushi/vec4 0, 0, 1;
    %store/vec4 v0x562d07644850_0, 0, 1;
    %delay 10000, 0;
    %pushi/vec4 2130355, 0, 32;
    %store/vec4 v0x562d07644410_0, 0, 32;
    %delay 10000, 0;
    %pushi/vec4 1415139397, 0, 32;
    %store/vec4 v0x562d07641050_0, 0, 32;
    %load/vec4 v0x562d07644410_0;
    %pad/u 8;
    %store/vec4 v0x562d07641130_0, 0, 8;
    %fork TD_ID_tb.display_instruction_info, S_0x562d075df5e0;
    %join;
    %delay 10000, 0;
    %pushi/vec4 1075872307, 0, 32;
    %store/vec4 v0x562d07644410_0, 0, 32;
    %delay 10000, 0;
    %pushi/vec4 1415139397, 0, 32;
    %store/vec4 v0x562d07641050_0, 0, 32;
    %load/vec4 v0x562d07644410_0;
    %pad/u 8;
    %store/vec4 v0x562d07641130_0, 0, 8;
    %fork TD_ID_tb.display_instruction_info, S_0x562d075df5e0;
    %join;
    %delay 10000, 0;
    %pushi/vec4 2155187, 0, 32;
    %store/vec4 v0x562d07644410_0, 0, 32;
    %delay 10000, 0;
    %pushi/vec4 1415139397, 0, 32;
    %store/vec4 v0x562d07641050_0, 0, 32;
    %load/vec4 v0x562d07644410_0;
    %pad/u 8;
    %store/vec4 v0x562d07641130_0, 0, 8;
    %fork TD_ID_tb.display_instruction_info, S_0x562d075df5e0;
    %join;
    %delay 10000, 0;
    %pushi/vec4 8426243, 0, 32;
    %store/vec4 v0x562d07644410_0, 0, 32;
    %delay 10000, 0;
    %pushi/vec4 1415139397, 0, 32;
    %store/vec4 v0x562d07641050_0, 0, 32;
    %load/vec4 v0x562d07644410_0;
    %pad/u 8;
    %store/vec4 v0x562d07641130_0, 0, 8;
    %fork TD_ID_tb.display_instruction_info, S_0x562d075df5e0;
    %join;
    %delay 10000, 0;
    %pushi/vec4 2135075, 0, 32;
    %store/vec4 v0x562d07644410_0, 0, 32;
    %delay 10000, 0;
    %pushi/vec4 1415139397, 0, 32;
    %store/vec4 v0x562d07641050_0, 0, 32;
    %load/vec4 v0x562d07644410_0;
    %pad/u 8;
    %store/vec4 v0x562d07641130_0, 0, 8;
    %fork TD_ID_tb.display_instruction_info, S_0x562d075df5e0;
    %join;
    %delay 10000, 0;
    %pushi/vec4 2131555, 0, 32;
    %store/vec4 v0x562d07644410_0, 0, 32;
    %delay 10000, 0;
    %pushi/vec4 1415139397, 0, 32;
    %store/vec4 v0x562d07641050_0, 0, 32;
    %load/vec4 v0x562d07644410_0;
    %pad/u 8;
    %store/vec4 v0x562d07641130_0, 0, 8;
    %fork TD_ID_tb.display_instruction_info, S_0x562d075df5e0;
    %join;
    %vpi_call 2 156 "$finish" {0 0 0};
    %end;
    .thread T_8;
# The file index is used to find the file name in the following table.
:file_names 4;
    "N/A";
    "<interactive>";
    "ID_tb.v";
    "./instruction_decode.v";
