#! /usr/bin/vvp
:ivl_version "12.0 (stable)";
:ivl_delay_selection "TYPICAL";
:vpi_time_precision + 0;
:vpi_module "/usr/lib/x86_64-linux-gnu/ivl/system.vpi";
:vpi_module "/usr/lib/x86_64-linux-gnu/ivl/vhdl_sys.vpi";
:vpi_module "/usr/lib/x86_64-linux-gnu/ivl/vhdl_textio.vpi";
:vpi_module "/usr/lib/x86_64-linux-gnu/ivl/v2005_math.vpi";
:vpi_module "/usr/lib/x86_64-linux-gnu/ivl/va_math.vpi";
S_0x5bc20bf148b0 .scope module, "ConcatenateExample_tb" "ConcatenateExample_tb" 2 11;
 .timescale 0 0;
v0x5bc20bf26820_0 .net "concatenated", 63 0, L_0x5bc20bf26ae0;  1 drivers
v0x5bc20bf26910_0 .var "reg1", 31 0;
v0x5bc20bf269e0_0 .var "reg2", 31 0;
S_0x5bc20bf14a40 .scope module, "uut" "ConcatenateExample" 2 19, 2 1 0, S_0x5bc20bf148b0;
 .timescale 0 0;
    .port_info 0 /INPUT 32 "reg1";
    .port_info 1 /INPUT 32 "reg2";
    .port_info 2 /OUTPUT 64 "concatenated";
v0x5bc20bf14c70_0 .net "concatenated", 63 0, L_0x5bc20bf26ae0;  alias, 1 drivers
v0x5bc20bf26600_0 .net "reg1", 31 0, v0x5bc20bf26910_0;  1 drivers
v0x5bc20bf266e0_0 .net "reg2", 31 0, v0x5bc20bf269e0_0;  1 drivers
L_0x5bc20bf26ae0 .concat [ 32 32 0 0], v0x5bc20bf269e0_0, v0x5bc20bf26910_0;
    .scope S_0x5bc20bf148b0;
T_0 ;
    %pushi/vec4 305419896, 0, 32;
    %store/vec4 v0x5bc20bf26910_0, 0, 32;
    %pushi/vec4 2596069104, 0, 32;
    %store/vec4 v0x5bc20bf269e0_0, 0, 32;
    %delay 10, 0;
    %vpi_call 2 32 "$display", "reg1 = %h, reg2 = %h, concatenated = %h", v0x5bc20bf26910_0, v0x5bc20bf269e0_0, v0x5bc20bf26820_0 {0 0 0};
    %pushi/vec4 4294967295, 0, 32;
    %store/vec4 v0x5bc20bf26910_0, 0, 32;
    %pushi/vec4 0, 0, 32;
    %store/vec4 v0x5bc20bf269e0_0, 0, 32;
    %delay 10, 0;
    %vpi_call 2 40 "$display", "reg1 = %h, reg2 = %h, concatenated = %h", v0x5bc20bf26910_0, v0x5bc20bf269e0_0, v0x5bc20bf26820_0 {0 0 0};
    %delay 10, 0;
    %vpi_call 2 44 "$finish" {0 0 0};
    %end;
    .thread T_0;
# The file index is used to find the file name in the following table.
:file_names 3;
    "N/A";
    "<interactive>";
    "cocnatenate.v";
