#! /usr/bin/vvp
:ivl_version "12.0 (stable)";
:ivl_delay_selection "TYPICAL";
:vpi_time_precision + 0;
:vpi_module "/usr/lib/x86_64-linux-gnu/ivl/system.vpi";
:vpi_module "/usr/lib/x86_64-linux-gnu/ivl/vhdl_sys.vpi";
:vpi_module "/usr/lib/x86_64-linux-gnu/ivl/vhdl_textio.vpi";
:vpi_module "/usr/lib/x86_64-linux-gnu/ivl/v2005_math.vpi";
:vpi_module "/usr/lib/x86_64-linux-gnu/ivl/va_math.vpi";
S_0x58cbbefe1570 .scope module, "ControlUnit" "ControlUnit" 2 184;
 .timescale 0 0;
    .port_info 0 /INPUT 7 "opcode";
    .port_info 1 /OUTPUT 1 "Branch";
    .port_info 2 /OUTPUT 1 "MemRead";
    .port_info 3 /OUTPUT 1 "MemtoReg";
    .port_info 4 /OUTPUT 2 "ALUOp";
    .port_info 5 /OUTPUT 1 "MemWrite";
    .port_info 6 /OUTPUT 1 "ALUSrc";
    .port_info 7 /OUTPUT 1 "RegWrite";
L_0x58cbbf02dc00 .functor BUFZ 1, v0x58cbbf02ae40_0, C4<0>, C4<0>, C4<0>;
L_0x58cbbf02dc90 .functor BUFZ 1, v0x58cbbf02afc0_0, C4<0>, C4<0>, C4<0>;
L_0x58cbbf02dd30 .functor BUFZ 1, v0x58cbbf02b2c0_0, C4<0>, C4<0>, C4<0>;
L_0x58cbbf02de00 .functor BUFZ 2, v0x58cbbeffef60_0, C4<00>, C4<00>, C4<00>;
L_0x58cbbf02df00 .functor BUFZ 1, v0x58cbbf02b140_0, C4<0>, C4<0>, C4<0>;
L_0x58cbbf02dfd0 .functor BUFZ 1, v0x58cbbf02ac70_0, C4<0>, C4<0>, C4<0>;
L_0x58cbbf02e0e0 .functor BUFZ 1, v0x58cbbf02b440_0, C4<0>, C4<0>, C4<0>;
v0x58cbbefe83b0_0 .net "ALUOp", 1 0, L_0x58cbbf02de00;  1 drivers
v0x58cbbeffef60_0 .var "ALUOp_reg", 1 0;
v0x58cbbeff8db0_0 .net "ALUSrc", 0 0, L_0x58cbbf02dfd0;  1 drivers
v0x58cbbf02ac70_0 .var "ALUSrc_reg", 0 0;
v0x58cbbf02ad30_0 .net "Branch", 0 0, L_0x58cbbf02dc00;  1 drivers
v0x58cbbf02ae40_0 .var "Branch_reg", 0 0;
v0x58cbbf02af00_0 .net "MemRead", 0 0, L_0x58cbbf02dc90;  1 drivers
v0x58cbbf02afc0_0 .var "MemRead_reg", 0 0;
v0x58cbbf02b080_0 .net "MemWrite", 0 0, L_0x58cbbf02df00;  1 drivers
v0x58cbbf02b140_0 .var "MemWrite_reg", 0 0;
v0x58cbbf02b200_0 .net "MemtoReg", 0 0, L_0x58cbbf02dd30;  1 drivers
v0x58cbbf02b2c0_0 .var "MemtoReg_reg", 0 0;
v0x58cbbf02b380_0 .net "RegWrite", 0 0, L_0x58cbbf02e0e0;  1 drivers
v0x58cbbf02b440_0 .var "RegWrite_reg", 0 0;
o0x7152146e62b8 .functor BUFZ 7, C4<zzzzzzz>; HiZ drive
v0x58cbbf02b500_0 .net "opcode", 6 0, o0x7152146e62b8;  0 drivers
E_0x58cbbefff500 .event anyedge, v0x58cbbf02b500_0;
S_0x58cbbefe1950 .scope module, "ImmGen" "ImmGen" 2 143;
 .timescale 0 0;
    .port_info 0 /INPUT 32 "instruction";
    .port_info 1 /INPUT 7 "opcode";
    .port_info 2 /OUTPUT 64 "imm";
L_0x58cbbf02e180 .functor BUFZ 64, v0x58cbbf02b820_0, C4<0000000000000000000000000000000000000000000000000000000000000000>, C4<0000000000000000000000000000000000000000000000000000000000000000>, C4<0000000000000000000000000000000000000000000000000000000000000000>;
v0x58cbbf02b720_0 .net "imm", 63 0, L_0x58cbbf02e180;  1 drivers
v0x58cbbf02b820_0 .var "imm_reg", 63 0;
o0x7152146e64c8 .functor BUFZ 32, C4<zzzzzzzzzzzzzzzzzzzzzzzzzzzzzzzz>; HiZ drive
v0x58cbbf02b900_0 .net "instruction", 31 0, o0x7152146e64c8;  0 drivers
o0x7152146e64f8 .functor BUFZ 7, C4<zzzzzzz>; HiZ drive
v0x58cbbf02b9c0_0 .net "opcode", 6 0, o0x7152146e64f8;  0 drivers
E_0x58cbbeffd3b0 .event anyedge, v0x58cbbf02b9c0_0, v0x58cbbf02b900_0;
S_0x58cbbefe1d30 .scope module, "InstructionDecoder" "InstructionDecoder" 2 1;
 .timescale 0 0;
    .port_info 0 /INPUT 32 "instruction";
    .port_info 1 /OUTPUT 7 "opcode";
    .port_info 2 /OUTPUT 5 "rs1";
    .port_info 3 /OUTPUT 5 "rs2";
    .port_info 4 /OUTPUT 5 "rd";
    .port_info 5 /OUTPUT 3 "funct3";
    .port_info 6 /OUTPUT 7 "funct7";
    .port_info 7 /OUTPUT 32 "imm";
L_0x58cbbf02e250 .functor BUFZ 7, v0x58cbbf02c240_0, C4<0000000>, C4<0000000>, C4<0000000>;
L_0x58cbbf02e320 .functor BUFZ 5, v0x58cbbf02c650_0, C4<00000>, C4<00000>, C4<00000>;
L_0x58cbbf02e3f0 .functor BUFZ 5, v0x58cbbf02c810_0, C4<00000>, C4<00000>, C4<00000>;
L_0x58cbbf02e4c0 .functor BUFZ 5, v0x58cbbf02c490_0, C4<00000>, C4<00000>, C4<00000>;
L_0x58cbbf02e5c0 .functor BUFZ 3, v0x58cbbf02bc40_0, C4<000>, C4<000>, C4<000>;
L_0x58cbbf02e690 .functor BUFZ 7, v0x58cbbf02bde0_0, C4<0000000>, C4<0000000>, C4<0000000>;
L_0x58cbbf02e7a0 .functor BUFZ 32, v0x58cbbf02bfa0_0, C4<00000000000000000000000000000000>, C4<00000000000000000000000000000000>, C4<00000000000000000000000000000000>;
v0x58cbbf02bb40_0 .net "funct3", 2 0, L_0x58cbbf02e5c0;  1 drivers
v0x58cbbf02bc40_0 .var "funct3_reg", 2 0;
v0x58cbbf02bd20_0 .net "funct7", 6 0, L_0x58cbbf02e690;  1 drivers
v0x58cbbf02bde0_0 .var "funct7_reg", 6 0;
v0x58cbbf02bec0_0 .net "imm", 31 0, L_0x58cbbf02e7a0;  1 drivers
v0x58cbbf02bfa0_0 .var "imm_reg", 31 0;
o0x7152146e66d8 .functor BUFZ 32, C4<zzzzzzzzzzzzzzzzzzzzzzzzzzzzzzzz>; HiZ drive
v0x58cbbf02c080_0 .net "instruction", 31 0, o0x7152146e66d8;  0 drivers
v0x58cbbf02c160_0 .net "opcode", 6 0, L_0x58cbbf02e250;  1 drivers
v0x58cbbf02c240_0 .var "opcode_reg", 6 0;
v0x58cbbf02c3b0_0 .net "rd", 4 0, L_0x58cbbf02e4c0;  1 drivers
v0x58cbbf02c490_0 .var "rd_reg", 4 0;
v0x58cbbf02c570_0 .net "rs1", 4 0, L_0x58cbbf02e320;  1 drivers
v0x58cbbf02c650_0 .var "rs1_reg", 4 0;
v0x58cbbf02c730_0 .net "rs2", 4 0, L_0x58cbbf02e3f0;  1 drivers
v0x58cbbf02c810_0 .var "rs2_reg", 4 0;
E_0x58cbbefd01d0 .event anyedge, v0x58cbbf02c080_0, v0x58cbbf02c240_0;
S_0x58cbbefe0db0 .scope module, "RegisterFile" "RegisterFile" 2 103;
 .timescale 0 0;
    .port_info 0 /INPUT 1 "clk";
    .port_info 1 /INPUT 1 "reset";
    .port_info 2 /INPUT 1 "regWrite";
    .port_info 3 /INPUT 5 "rs1";
    .port_info 4 /INPUT 5 "rs2";
    .port_info 5 /INPUT 5 "rd";
    .port_info 6 /INPUT 64 "writeData";
    .port_info 7 /OUTPUT 64 "readData1";
    .port_info 8 /OUTPUT 64 "readData2";
L_0x58cbbf02e840 .functor BUFZ 64, v0x58cbbf02ced0_0, C4<0000000000000000000000000000000000000000000000000000000000000000>, C4<0000000000000000000000000000000000000000000000000000000000000000>, C4<0000000000000000000000000000000000000000000000000000000000000000>;
L_0x58cbbf02e910 .functor BUFZ 64, v0x58cbbf02d090_0, C4<0000000000000000000000000000000000000000000000000000000000000000>, C4<0000000000000000000000000000000000000000000000000000000000000000>, C4<0000000000000000000000000000000000000000000000000000000000000000>;
o0x7152146e6a08 .functor BUFZ 1, C4<z>; HiZ drive
v0x58cbbf02cb70_0 .net "clk", 0 0, o0x7152146e6a08;  0 drivers
v0x58cbbf02cc50_0 .var/i "i", 31 0;
o0x7152146e6a68 .functor BUFZ 5, C4<zzzzz>; HiZ drive
v0x58cbbf02cd30_0 .net "rd", 4 0, o0x7152146e6a68;  0 drivers
v0x58cbbf02cdf0_0 .net "readData1", 63 0, L_0x58cbbf02e840;  1 drivers
v0x58cbbf02ced0_0 .var "readData1_reg", 63 0;
v0x58cbbf02cfb0_0 .net "readData2", 63 0, L_0x58cbbf02e910;  1 drivers
v0x58cbbf02d090_0 .var "readData2_reg", 63 0;
o0x7152146e6b58 .functor BUFZ 1, C4<z>; HiZ drive
v0x58cbbf02d170_0 .net "regWrite", 0 0, o0x7152146e6b58;  0 drivers
v0x58cbbf02d230 .array "registers", 31 0, 63 0;
o0x7152146e7188 .functor BUFZ 1, C4<z>; HiZ drive
v0x58cbbf02d780_0 .net "reset", 0 0, o0x7152146e7188;  0 drivers
o0x7152146e71b8 .functor BUFZ 5, C4<zzzzz>; HiZ drive
v0x58cbbf02d840_0 .net "rs1", 4 0, o0x7152146e71b8;  0 drivers
o0x7152146e71e8 .functor BUFZ 5, C4<zzzzz>; HiZ drive
v0x58cbbf02d920_0 .net "rs2", 4 0, o0x7152146e71e8;  0 drivers
o0x7152146e7218 .functor BUFZ 64, C4<zzzzzzzzzzzzzzzzzzzzzzzzzzzzzzzzzzzzzzzzzzzzzzzzzzzzzzzzzzzzzzzz>; HiZ drive
v0x58cbbf02da00_0 .net "writeData", 63 0, o0x7152146e7218;  0 drivers
E_0x58cbbf00d840 .event posedge, v0x58cbbf02cb70_0;
v0x58cbbf02d230_0 .array/port v0x58cbbf02d230, 0;
v0x58cbbf02d230_1 .array/port v0x58cbbf02d230, 1;
v0x58cbbf02d230_2 .array/port v0x58cbbf02d230, 2;
E_0x58cbbf00db80/0 .event anyedge, v0x58cbbf02d840_0, v0x58cbbf02d230_0, v0x58cbbf02d230_1, v0x58cbbf02d230_2;
v0x58cbbf02d230_3 .array/port v0x58cbbf02d230, 3;
v0x58cbbf02d230_4 .array/port v0x58cbbf02d230, 4;
v0x58cbbf02d230_5 .array/port v0x58cbbf02d230, 5;
v0x58cbbf02d230_6 .array/port v0x58cbbf02d230, 6;
E_0x58cbbf00db80/1 .event anyedge, v0x58cbbf02d230_3, v0x58cbbf02d230_4, v0x58cbbf02d230_5, v0x58cbbf02d230_6;
v0x58cbbf02d230_7 .array/port v0x58cbbf02d230, 7;
v0x58cbbf02d230_8 .array/port v0x58cbbf02d230, 8;
v0x58cbbf02d230_9 .array/port v0x58cbbf02d230, 9;
v0x58cbbf02d230_10 .array/port v0x58cbbf02d230, 10;
E_0x58cbbf00db80/2 .event anyedge, v0x58cbbf02d230_7, v0x58cbbf02d230_8, v0x58cbbf02d230_9, v0x58cbbf02d230_10;
v0x58cbbf02d230_11 .array/port v0x58cbbf02d230, 11;
v0x58cbbf02d230_12 .array/port v0x58cbbf02d230, 12;
v0x58cbbf02d230_13 .array/port v0x58cbbf02d230, 13;
v0x58cbbf02d230_14 .array/port v0x58cbbf02d230, 14;
E_0x58cbbf00db80/3 .event anyedge, v0x58cbbf02d230_11, v0x58cbbf02d230_12, v0x58cbbf02d230_13, v0x58cbbf02d230_14;
v0x58cbbf02d230_15 .array/port v0x58cbbf02d230, 15;
v0x58cbbf02d230_16 .array/port v0x58cbbf02d230, 16;
v0x58cbbf02d230_17 .array/port v0x58cbbf02d230, 17;
v0x58cbbf02d230_18 .array/port v0x58cbbf02d230, 18;
E_0x58cbbf00db80/4 .event anyedge, v0x58cbbf02d230_15, v0x58cbbf02d230_16, v0x58cbbf02d230_17, v0x58cbbf02d230_18;
v0x58cbbf02d230_19 .array/port v0x58cbbf02d230, 19;
v0x58cbbf02d230_20 .array/port v0x58cbbf02d230, 20;
v0x58cbbf02d230_21 .array/port v0x58cbbf02d230, 21;
v0x58cbbf02d230_22 .array/port v0x58cbbf02d230, 22;
E_0x58cbbf00db80/5 .event anyedge, v0x58cbbf02d230_19, v0x58cbbf02d230_20, v0x58cbbf02d230_21, v0x58cbbf02d230_22;
v0x58cbbf02d230_23 .array/port v0x58cbbf02d230, 23;
v0x58cbbf02d230_24 .array/port v0x58cbbf02d230, 24;
v0x58cbbf02d230_25 .array/port v0x58cbbf02d230, 25;
v0x58cbbf02d230_26 .array/port v0x58cbbf02d230, 26;
E_0x58cbbf00db80/6 .event anyedge, v0x58cbbf02d230_23, v0x58cbbf02d230_24, v0x58cbbf02d230_25, v0x58cbbf02d230_26;
v0x58cbbf02d230_27 .array/port v0x58cbbf02d230, 27;
v0x58cbbf02d230_28 .array/port v0x58cbbf02d230, 28;
v0x58cbbf02d230_29 .array/port v0x58cbbf02d230, 29;
v0x58cbbf02d230_30 .array/port v0x58cbbf02d230, 30;
E_0x58cbbf00db80/7 .event anyedge, v0x58cbbf02d230_27, v0x58cbbf02d230_28, v0x58cbbf02d230_29, v0x58cbbf02d230_30;
v0x58cbbf02d230_31 .array/port v0x58cbbf02d230, 31;
E_0x58cbbf00db80/8 .event anyedge, v0x58cbbf02d230_31, v0x58cbbf02d920_0;
E_0x58cbbf00db80 .event/or E_0x58cbbf00db80/0, E_0x58cbbf00db80/1, E_0x58cbbf00db80/2, E_0x58cbbf00db80/3, E_0x58cbbf00db80/4, E_0x58cbbf00db80/5, E_0x58cbbf00db80/6, E_0x58cbbf00db80/7, E_0x58cbbf00db80/8;
E_0x58cbbf00dbc0 .event posedge, v0x58cbbf02d780_0;
    .scope S_0x58cbbefe1570;
T_0 ;
    %wait E_0x58cbbefff500;
    %pushi/vec4 0, 0, 1;
    %store/vec4 v0x58cbbf02ae40_0, 0, 1;
    %pushi/vec4 0, 0, 1;
    %store/vec4 v0x58cbbf02afc0_0, 0, 1;
    %pushi/vec4 0, 0, 1;
    %store/vec4 v0x58cbbf02b2c0_0, 0, 1;
    %pushi/vec4 0, 0, 2;
    %store/vec4 v0x58cbbeffef60_0, 0, 2;
    %pushi/vec4 0, 0, 1;
    %store/vec4 v0x58cbbf02b140_0, 0, 1;
    %pushi/vec4 0, 0, 1;
    %store/vec4 v0x58cbbf02ac70_0, 0, 1;
    %pushi/vec4 0, 0, 1;
    %store/vec4 v0x58cbbf02b440_0, 0, 1;
    %load/vec4 v0x58cbbf02b500_0;
    %dup/vec4;
    %pushi/vec4 51, 0, 7;
    %cmp/u;
    %jmp/1 T_0.0, 6;
    %dup/vec4;
    %pushi/vec4 19, 0, 7;
    %cmp/u;
    %jmp/1 T_0.1, 6;
    %dup/vec4;
    %pushi/vec4 3, 0, 7;
    %cmp/u;
    %jmp/1 T_0.2, 6;
    %dup/vec4;
    %pushi/vec4 35, 0, 7;
    %cmp/u;
    %jmp/1 T_0.3, 6;
    %dup/vec4;
    %pushi/vec4 99, 0, 7;
    %cmp/u;
    %jmp/1 T_0.4, 6;
    %dup/vec4;
    %pushi/vec4 111, 0, 7;
    %cmp/u;
    %jmp/1 T_0.5, 6;
    %dup/vec4;
    %pushi/vec4 103, 0, 7;
    %cmp/u;
    %jmp/1 T_0.6, 6;
    %dup/vec4;
    %pushi/vec4 55, 0, 7;
    %cmp/u;
    %jmp/1 T_0.7, 6;
    %dup/vec4;
    %pushi/vec4 23, 0, 7;
    %cmp/u;
    %jmp/1 T_0.8, 6;
    %jmp T_0.10;
T_0.0 ;
    %pushi/vec4 1, 0, 1;
    %store/vec4 v0x58cbbf02b440_0, 0, 1;
    %pushi/vec4 2, 0, 2;
    %store/vec4 v0x58cbbeffef60_0, 0, 2;
    %jmp T_0.10;
T_0.1 ;
    %pushi/vec4 1, 0, 1;
    %store/vec4 v0x58cbbf02b440_0, 0, 1;
    %pushi/vec4 1, 0, 1;
    %store/vec4 v0x58cbbf02ac70_0, 0, 1;
    %load/vec4 v0x58cbbf02b500_0;
    %cmpi/e 3, 0, 7;
    %flag_mov 8, 4;
    %jmp/0 T_0.11, 8;
    %pushi/vec4 1, 0, 2;
    %jmp/1 T_0.12, 8;
T_0.11 ; End of true expr.
    %pushi/vec4 0, 0, 2;
    %jmp/0 T_0.12, 8;
 ; End of false expr.
    %blend;
T_0.12;
    %pad/s 1;
    %store/vec4 v0x58cbbf02afc0_0, 0, 1;
    %load/vec4 v0x58cbbf02b500_0;
    %cmpi/e 3, 0, 7;
    %flag_mov 8, 4;
    %jmp/0 T_0.13, 8;
    %pushi/vec4 1, 0, 2;
    %jmp/1 T_0.14, 8;
T_0.13 ; End of true expr.
    %pushi/vec4 0, 0, 2;
    %jmp/0 T_0.14, 8;
 ; End of false expr.
    %blend;
T_0.14;
    %pad/s 1;
    %store/vec4 v0x58cbbf02b2c0_0, 0, 1;
    %pushi/vec4 0, 0, 2;
    %store/vec4 v0x58cbbeffef60_0, 0, 2;
    %jmp T_0.10;
T_0.2 ;
    %pushi/vec4 1, 0, 1;
    %store/vec4 v0x58cbbf02b440_0, 0, 1;
    %pushi/vec4 1, 0, 1;
    %store/vec4 v0x58cbbf02ac70_0, 0, 1;
    %load/vec4 v0x58cbbf02b500_0;
    %cmpi/e 3, 0, 7;
    %flag_mov 8, 4;
    %jmp/0 T_0.15, 8;
    %pushi/vec4 1, 0, 2;
    %jmp/1 T_0.16, 8;
T_0.15 ; End of true expr.
    %pushi/vec4 0, 0, 2;
    %jmp/0 T_0.16, 8;
 ; End of false expr.
    %blend;
T_0.16;
    %pad/s 1;
    %store/vec4 v0x58cbbf02afc0_0, 0, 1;
    %load/vec4 v0x58cbbf02b500_0;
    %cmpi/e 3, 0, 7;
    %flag_mov 8, 4;
    %jmp/0 T_0.17, 8;
    %pushi/vec4 1, 0, 2;
    %jmp/1 T_0.18, 8;
T_0.17 ; End of true expr.
    %pushi/vec4 0, 0, 2;
    %jmp/0 T_0.18, 8;
 ; End of false expr.
    %blend;
T_0.18;
    %pad/s 1;
    %store/vec4 v0x58cbbf02b2c0_0, 0, 1;
    %pushi/vec4 0, 0, 2;
    %store/vec4 v0x58cbbeffef60_0, 0, 2;
    %jmp T_0.10;
T_0.3 ;
    %pushi/vec4 1, 0, 1;
    %store/vec4 v0x58cbbf02b140_0, 0, 1;
    %pushi/vec4 1, 0, 1;
    %store/vec4 v0x58cbbf02ac70_0, 0, 1;
    %pushi/vec4 0, 0, 2;
    %store/vec4 v0x58cbbeffef60_0, 0, 2;
    %jmp T_0.10;
T_0.4 ;
    %pushi/vec4 1, 0, 1;
    %store/vec4 v0x58cbbf02ae40_0, 0, 1;
    %pushi/vec4 1, 0, 2;
    %store/vec4 v0x58cbbeffef60_0, 0, 2;
    %jmp T_0.10;
T_0.5 ;
    %pushi/vec4 1, 0, 1;
    %store/vec4 v0x58cbbf02b440_0, 0, 1;
    %pushi/vec4 1, 0, 1;
    %store/vec4 v0x58cbbf02ac70_0, 0, 1;
    %pushi/vec4 0, 0, 2;
    %store/vec4 v0x58cbbeffef60_0, 0, 2;
    %jmp T_0.10;
T_0.6 ;
    %pushi/vec4 1, 0, 1;
    %store/vec4 v0x58cbbf02b440_0, 0, 1;
    %pushi/vec4 1, 0, 1;
    %store/vec4 v0x58cbbf02ac70_0, 0, 1;
    %pushi/vec4 0, 0, 2;
    %store/vec4 v0x58cbbeffef60_0, 0, 2;
    %jmp T_0.10;
T_0.7 ;
    %pushi/vec4 1, 0, 1;
    %store/vec4 v0x58cbbf02b440_0, 0, 1;
    %pushi/vec4 1, 0, 1;
    %store/vec4 v0x58cbbf02ac70_0, 0, 1;
    %pushi/vec4 0, 0, 2;
    %store/vec4 v0x58cbbeffef60_0, 0, 2;
    %jmp T_0.10;
T_0.8 ;
    %pushi/vec4 1, 0, 1;
    %store/vec4 v0x58cbbf02b440_0, 0, 1;
    %pushi/vec4 1, 0, 1;
    %store/vec4 v0x58cbbf02ac70_0, 0, 1;
    %pushi/vec4 0, 0, 2;
    %store/vec4 v0x58cbbeffef60_0, 0, 2;
    %jmp T_0.10;
T_0.10 ;
    %pop/vec4 1;
    %jmp T_0;
    .thread T_0, $push;
    .scope S_0x58cbbefe1950;
T_1 ;
    %wait E_0x58cbbeffd3b0;
    %load/vec4 v0x58cbbf02b9c0_0;
    %dup/vec4;
    %pushi/vec4 19, 0, 7;
    %cmp/u;
    %jmp/1 T_1.0, 6;
    %dup/vec4;
    %pushi/vec4 3, 0, 7;
    %cmp/u;
    %jmp/1 T_1.1, 6;
    %dup/vec4;
    %pushi/vec4 103, 0, 7;
    %cmp/u;
    %jmp/1 T_1.2, 6;
    %dup/vec4;
    %pushi/vec4 35, 0, 7;
    %cmp/u;
    %jmp/1 T_1.3, 6;
    %dup/vec4;
    %pushi/vec4 99, 0, 7;
    %cmp/u;
    %jmp/1 T_1.4, 6;
    %dup/vec4;
    %pushi/vec4 55, 0, 7;
    %cmp/u;
    %jmp/1 T_1.5, 6;
    %dup/vec4;
    %pushi/vec4 23, 0, 7;
    %cmp/u;
    %jmp/1 T_1.6, 6;
    %dup/vec4;
    %pushi/vec4 111, 0, 7;
    %cmp/u;
    %jmp/1 T_1.7, 6;
    %pushi/vec4 0, 0, 64;
    %store/vec4 v0x58cbbf02b820_0, 0, 64;
    %jmp T_1.9;
T_1.0 ;
    %load/vec4 v0x58cbbf02b900_0;
    %parti/s 1, 31, 6;
    %replicate 52;
    %load/vec4 v0x58cbbf02b900_0;
    %parti/s 12, 20, 6;
    %concat/vec4; draw_concat_vec4
    %store/vec4 v0x58cbbf02b820_0, 0, 64;
    %jmp T_1.9;
T_1.1 ;
    %load/vec4 v0x58cbbf02b900_0;
    %parti/s 1, 31, 6;
    %replicate 52;
    %load/vec4 v0x58cbbf02b900_0;
    %parti/s 12, 20, 6;
    %concat/vec4; draw_concat_vec4
    %store/vec4 v0x58cbbf02b820_0, 0, 64;
    %jmp T_1.9;
T_1.2 ;
    %load/vec4 v0x58cbbf02b900_0;
    %parti/s 1, 31, 6;
    %replicate 52;
    %load/vec4 v0x58cbbf02b900_0;
    %parti/s 12, 20, 6;
    %concat/vec4; draw_concat_vec4
    %store/vec4 v0x58cbbf02b820_0, 0, 64;
    %jmp T_1.9;
T_1.3 ;
    %load/vec4 v0x58cbbf02b900_0;
    %parti/s 1, 31, 6;
    %replicate 52;
    %load/vec4 v0x58cbbf02b900_0;
    %parti/s 7, 25, 6;
    %concat/vec4; draw_concat_vec4
    %load/vec4 v0x58cbbf02b900_0;
    %parti/s 5, 7, 4;
    %concat/vec4; draw_concat_vec4
    %store/vec4 v0x58cbbf02b820_0, 0, 64;
    %jmp T_1.9;
T_1.4 ;
    %load/vec4 v0x58cbbf02b900_0;
    %parti/s 1, 31, 6;
    %replicate 51;
    %load/vec4 v0x58cbbf02b900_0;
    %parti/s 1, 31, 6;
    %concat/vec4; draw_concat_vec4
    %load/vec4 v0x58cbbf02b900_0;
    %parti/s 1, 7, 4;
    %concat/vec4; draw_concat_vec4
    %load/vec4 v0x58cbbf02b900_0;
    %parti/s 6, 25, 6;
    %concat/vec4; draw_concat_vec4
    %load/vec4 v0x58cbbf02b900_0;
    %parti/s 4, 8, 5;
    %concat/vec4; draw_concat_vec4
    %concati/vec4 0, 0, 1;
    %store/vec4 v0x58cbbf02b820_0, 0, 64;
    %jmp T_1.9;
T_1.5 ;
    %load/vec4 v0x58cbbf02b900_0;
    %parti/s 1, 31, 6;
    %replicate 32;
    %load/vec4 v0x58cbbf02b900_0;
    %parti/s 20, 12, 5;
    %concat/vec4; draw_concat_vec4
    %concati/vec4 0, 0, 12;
    %store/vec4 v0x58cbbf02b820_0, 0, 64;
    %jmp T_1.9;
T_1.6 ;
    %load/vec4 v0x58cbbf02b900_0;
    %parti/s 1, 31, 6;
    %replicate 32;
    %load/vec4 v0x58cbbf02b900_0;
    %parti/s 20, 12, 5;
    %concat/vec4; draw_concat_vec4
    %concati/vec4 0, 0, 12;
    %store/vec4 v0x58cbbf02b820_0, 0, 64;
    %jmp T_1.9;
T_1.7 ;
    %load/vec4 v0x58cbbf02b900_0;
    %parti/s 1, 31, 6;
    %replicate 43;
    %load/vec4 v0x58cbbf02b900_0;
    %parti/s 1, 31, 6;
    %concat/vec4; draw_concat_vec4
    %load/vec4 v0x58cbbf02b900_0;
    %parti/s 8, 12, 5;
    %concat/vec4; draw_concat_vec4
    %load/vec4 v0x58cbbf02b900_0;
    %parti/s 1, 20, 6;
    %concat/vec4; draw_concat_vec4
    %load/vec4 v0x58cbbf02b900_0;
    %parti/s 10, 21, 6;
    %concat/vec4; draw_concat_vec4
    %concati/vec4 0, 0, 1;
    %store/vec4 v0x58cbbf02b820_0, 0, 64;
    %jmp T_1.9;
T_1.9 ;
    %pop/vec4 1;
    %jmp T_1;
    .thread T_1, $push;
    .scope S_0x58cbbefe1d30;
T_2 ;
    %wait E_0x58cbbefd01d0;
    %load/vec4 v0x58cbbf02c080_0;
    %parti/s 7, 0, 2;
    %store/vec4 v0x58cbbf02c240_0, 0, 7;
    %pushi/vec4 0, 0, 5;
    %store/vec4 v0x58cbbf02c650_0, 0, 5;
    %pushi/vec4 0, 0, 5;
    %store/vec4 v0x58cbbf02c810_0, 0, 5;
    %pushi/vec4 0, 0, 5;
    %store/vec4 v0x58cbbf02c490_0, 0, 5;
    %pushi/vec4 0, 0, 3;
    %store/vec4 v0x58cbbf02bc40_0, 0, 3;
    %pushi/vec4 0, 0, 7;
    %store/vec4 v0x58cbbf02bde0_0, 0, 7;
    %pushi/vec4 0, 0, 32;
    %store/vec4 v0x58cbbf02bfa0_0, 0, 32;
    %load/vec4 v0x58cbbf02c240_0;
    %dup/vec4;
    %pushi/vec4 51, 0, 7;
    %cmp/u;
    %jmp/1 T_2.0, 6;
    %dup/vec4;
    %pushi/vec4 19, 0, 7;
    %cmp/u;
    %jmp/1 T_2.1, 6;
    %dup/vec4;
    %pushi/vec4 3, 0, 7;
    %cmp/u;
    %jmp/1 T_2.2, 6;
    %dup/vec4;
    %pushi/vec4 103, 0, 7;
    %cmp/u;
    %jmp/1 T_2.3, 6;
    %dup/vec4;
    %pushi/vec4 35, 0, 7;
    %cmp/u;
    %jmp/1 T_2.4, 6;
    %dup/vec4;
    %pushi/vec4 99, 0, 7;
    %cmp/u;
    %jmp/1 T_2.5, 6;
    %dup/vec4;
    %pushi/vec4 55, 0, 7;
    %cmp/u;
    %jmp/1 T_2.6, 6;
    %dup/vec4;
    %pushi/vec4 23, 0, 7;
    %cmp/u;
    %jmp/1 T_2.7, 6;
    %dup/vec4;
    %pushi/vec4 111, 0, 7;
    %cmp/u;
    %jmp/1 T_2.8, 6;
    %jmp T_2.10;
T_2.0 ;
    %load/vec4 v0x58cbbf02c080_0;
    %parti/s 5, 7, 4;
    %store/vec4 v0x58cbbf02c490_0, 0, 5;
    %load/vec4 v0x58cbbf02c080_0;
    %parti/s 5, 15, 5;
    %store/vec4 v0x58cbbf02c650_0, 0, 5;
    %load/vec4 v0x58cbbf02c080_0;
    %parti/s 5, 20, 6;
    %store/vec4 v0x58cbbf02c810_0, 0, 5;
    %load/vec4 v0x58cbbf02c080_0;
    %parti/s 3, 12, 5;
    %store/vec4 v0x58cbbf02bc40_0, 0, 3;
    %load/vec4 v0x58cbbf02c080_0;
    %parti/s 7, 25, 6;
    %store/vec4 v0x58cbbf02bde0_0, 0, 7;
    %jmp T_2.10;
T_2.1 ;
    %load/vec4 v0x58cbbf02c080_0;
    %parti/s 5, 7, 4;
    %store/vec4 v0x58cbbf02c490_0, 0, 5;
    %load/vec4 v0x58cbbf02c080_0;
    %parti/s 5, 15, 5;
    %store/vec4 v0x58cbbf02c650_0, 0, 5;
    %load/vec4 v0x58cbbf02c080_0;
    %parti/s 3, 12, 5;
    %store/vec4 v0x58cbbf02bc40_0, 0, 3;
    %load/vec4 v0x58cbbf02c080_0;
    %parti/s 1, 31, 6;
    %replicate 20;
    %load/vec4 v0x58cbbf02c080_0;
    %parti/s 12, 20, 6;
    %concat/vec4; draw_concat_vec4
    %store/vec4 v0x58cbbf02bfa0_0, 0, 32;
    %jmp T_2.10;
T_2.2 ;
    %load/vec4 v0x58cbbf02c080_0;
    %parti/s 5, 7, 4;
    %store/vec4 v0x58cbbf02c490_0, 0, 5;
    %load/vec4 v0x58cbbf02c080_0;
    %parti/s 5, 15, 5;
    %store/vec4 v0x58cbbf02c650_0, 0, 5;
    %load/vec4 v0x58cbbf02c080_0;
    %parti/s 3, 12, 5;
    %store/vec4 v0x58cbbf02bc40_0, 0, 3;
    %load/vec4 v0x58cbbf02c080_0;
    %parti/s 1, 31, 6;
    %replicate 20;
    %load/vec4 v0x58cbbf02c080_0;
    %parti/s 12, 20, 6;
    %concat/vec4; draw_concat_vec4
    %store/vec4 v0x58cbbf02bfa0_0, 0, 32;
    %jmp T_2.10;
T_2.3 ;
    %load/vec4 v0x58cbbf02c080_0;
    %parti/s 5, 7, 4;
    %store/vec4 v0x58cbbf02c490_0, 0, 5;
    %load/vec4 v0x58cbbf02c080_0;
    %parti/s 5, 15, 5;
    %store/vec4 v0x58cbbf02c650_0, 0, 5;
    %load/vec4 v0x58cbbf02c080_0;
    %parti/s 3, 12, 5;
    %store/vec4 v0x58cbbf02bc40_0, 0, 3;
    %load/vec4 v0x58cbbf02c080_0;
    %parti/s 1, 31, 6;
    %replicate 20;
    %load/vec4 v0x58cbbf02c080_0;
    %parti/s 12, 20, 6;
    %concat/vec4; draw_concat_vec4
    %store/vec4 v0x58cbbf02bfa0_0, 0, 32;
    %jmp T_2.10;
T_2.4 ;
    %load/vec4 v0x58cbbf02c080_0;
    %parti/s 5, 15, 5;
    %store/vec4 v0x58cbbf02c650_0, 0, 5;
    %load/vec4 v0x58cbbf02c080_0;
    %parti/s 5, 20, 6;
    %store/vec4 v0x58cbbf02c810_0, 0, 5;
    %load/vec4 v0x58cbbf02c080_0;
    %parti/s 3, 12, 5;
    %store/vec4 v0x58cbbf02bc40_0, 0, 3;
    %load/vec4 v0x58cbbf02c080_0;
    %parti/s 1, 31, 6;
    %replicate 20;
    %load/vec4 v0x58cbbf02c080_0;
    %parti/s 7, 25, 6;
    %concat/vec4; draw_concat_vec4
    %load/vec4 v0x58cbbf02c080_0;
    %parti/s 5, 7, 4;
    %concat/vec4; draw_concat_vec4
    %store/vec4 v0x58cbbf02bfa0_0, 0, 32;
    %jmp T_2.10;
T_2.5 ;
    %load/vec4 v0x58cbbf02c080_0;
    %parti/s 5, 15, 5;
    %store/vec4 v0x58cbbf02c650_0, 0, 5;
    %load/vec4 v0x58cbbf02c080_0;
    %parti/s 5, 20, 6;
    %store/vec4 v0x58cbbf02c810_0, 0, 5;
    %load/vec4 v0x58cbbf02c080_0;
    %parti/s 3, 12, 5;
    %store/vec4 v0x58cbbf02bc40_0, 0, 3;
    %load/vec4 v0x58cbbf02c080_0;
    %parti/s 1, 31, 6;
    %replicate 19;
    %load/vec4 v0x58cbbf02c080_0;
    %parti/s 1, 31, 6;
    %concat/vec4; draw_concat_vec4
    %load/vec4 v0x58cbbf02c080_0;
    %parti/s 1, 7, 4;
    %concat/vec4; draw_concat_vec4
    %load/vec4 v0x58cbbf02c080_0;
    %parti/s 6, 25, 6;
    %concat/vec4; draw_concat_vec4
    %load/vec4 v0x58cbbf02c080_0;
    %parti/s 4, 8, 5;
    %concat/vec4; draw_concat_vec4
    %concati/vec4 0, 0, 1;
    %store/vec4 v0x58cbbf02bfa0_0, 0, 32;
    %jmp T_2.10;
T_2.6 ;
    %load/vec4 v0x58cbbf02c080_0;
    %parti/s 5, 7, 4;
    %store/vec4 v0x58cbbf02c490_0, 0, 5;
    %load/vec4 v0x58cbbf02c080_0;
    %parti/s 20, 12, 5;
    %concati/vec4 0, 0, 12;
    %store/vec4 v0x58cbbf02bfa0_0, 0, 32;
    %jmp T_2.10;
T_2.7 ;
    %load/vec4 v0x58cbbf02c080_0;
    %parti/s 5, 7, 4;
    %store/vec4 v0x58cbbf02c490_0, 0, 5;
    %load/vec4 v0x58cbbf02c080_0;
    %parti/s 20, 12, 5;
    %concati/vec4 0, 0, 12;
    %store/vec4 v0x58cbbf02bfa0_0, 0, 32;
    %jmp T_2.10;
T_2.8 ;
    %load/vec4 v0x58cbbf02c080_0;
    %parti/s 5, 7, 4;
    %store/vec4 v0x58cbbf02c490_0, 0, 5;
    %load/vec4 v0x58cbbf02c080_0;
    %parti/s 1, 31, 6;
    %replicate 11;
    %load/vec4 v0x58cbbf02c080_0;
    %parti/s 1, 31, 6;
    %concat/vec4; draw_concat_vec4
    %load/vec4 v0x58cbbf02c080_0;
    %parti/s 8, 12, 5;
    %concat/vec4; draw_concat_vec4
    %load/vec4 v0x58cbbf02c080_0;
    %parti/s 1, 20, 6;
    %concat/vec4; draw_concat_vec4
    %load/vec4 v0x58cbbf02c080_0;
    %parti/s 10, 21, 6;
    %concat/vec4; draw_concat_vec4
    %concati/vec4 0, 0, 1;
    %store/vec4 v0x58cbbf02bfa0_0, 0, 32;
    %jmp T_2.10;
T_2.10 ;
    %pop/vec4 1;
    %jmp T_2;
    .thread T_2, $push;
    .scope S_0x58cbbefe0db0;
T_3 ;
    %wait E_0x58cbbf00dbc0;
    %pushi/vec4 0, 0, 32;
    %store/vec4 v0x58cbbf02cc50_0, 0, 32;
T_3.0 ;
    %load/vec4 v0x58cbbf02cc50_0;
    %cmpi/s 32, 0, 32;
    %jmp/0xz T_3.1, 5;
    %load/vec4 v0x58cbbf02cc50_0;
    %pad/s 64;
    %ix/getv/s 3, v0x58cbbf02cc50_0;
    %ix/load 4, 0, 0; Constant delay
    %assign/vec4/a/d v0x58cbbf02d230, 0, 4;
    %load/vec4 v0x58cbbf02cc50_0;
    %addi 1, 0, 32;
    %store/vec4 v0x58cbbf02cc50_0, 0, 32;
    %jmp T_3.0;
T_3.1 ;
    %jmp T_3;
    .thread T_3;
    .scope S_0x58cbbefe0db0;
T_4 ;
    %wait E_0x58cbbf00db80;
    %load/vec4 v0x58cbbf02d840_0;
    %cmpi/e 0, 0, 5;
    %flag_mov 8, 4;
    %jmp/0 T_4.0, 8;
    %pushi/vec4 0, 0, 64;
    %jmp/1 T_4.1, 8;
T_4.0 ; End of true expr.
    %load/vec4 v0x58cbbf02d840_0;
    %pad/u 7;
    %ix/vec4 4;
    %load/vec4a v0x58cbbf02d230, 4;
    %jmp/0 T_4.1, 8;
 ; End of false expr.
    %blend;
T_4.1;
    %store/vec4 v0x58cbbf02ced0_0, 0, 64;
    %load/vec4 v0x58cbbf02d920_0;
    %cmpi/e 0, 0, 5;
    %flag_mov 8, 4;
    %jmp/0 T_4.2, 8;
    %pushi/vec4 0, 0, 64;
    %jmp/1 T_4.3, 8;
T_4.2 ; End of true expr.
    %load/vec4 v0x58cbbf02d920_0;
    %pad/u 7;
    %ix/vec4 4;
    %load/vec4a v0x58cbbf02d230, 4;
    %jmp/0 T_4.3, 8;
 ; End of false expr.
    %blend;
T_4.3;
    %store/vec4 v0x58cbbf02d090_0, 0, 64;
    %jmp T_4;
    .thread T_4, $push;
    .scope S_0x58cbbefe0db0;
T_5 ;
    %wait E_0x58cbbf00d840;
    %load/vec4 v0x58cbbf02d170_0;
    %flag_set/vec4 9;
    %flag_get/vec4 9;
    %jmp/0 T_5.2, 9;
    %load/vec4 v0x58cbbf02cd30_0;
    %pushi/vec4 0, 0, 5;
    %cmp/ne;
    %flag_get/vec4 4;
    %and;
T_5.2;
    %flag_set/vec4 8;
    %jmp/0xz  T_5.0, 8;
    %load/vec4 v0x58cbbf02da00_0;
    %load/vec4 v0x58cbbf02cd30_0;
    %pad/u 7;
    %ix/vec4 3;
    %ix/load 4, 0, 0; Constant delay
    %assign/vec4/a/d v0x58cbbf02d230, 0, 4;
T_5.0 ;
    %jmp T_5;
    .thread T_5;
# The file index is used to find the file name in the following table.
:file_names 3;
    "N/A";
    "<interactive>";
    "instruction_decode.v";
