#! /usr/bin/vvp
:ivl_version "12.0 (stable)";
:ivl_delay_selection "TYPICAL";
:vpi_time_precision + 0;
:vpi_module "/usr/lib/x86_64-linux-gnu/ivl/system.vpi";
:vpi_module "/usr/lib/x86_64-linux-gnu/ivl/vhdl_sys.vpi";
:vpi_module "/usr/lib/x86_64-linux-gnu/ivl/vhdl_textio.vpi";
:vpi_module "/usr/lib/x86_64-linux-gnu/ivl/v2005_math.vpi";
:vpi_module "/usr/lib/x86_64-linux-gnu/ivl/va_math.vpi";
S_0x56cf39a74490 .scope module, "DataMemory" "DataMemory" 2 1;
 .timescale 0 0;
    .port_info 0 /INPUT 1 "clk";
    .port_info 1 /INPUT 1 "reset";
    .port_info 2 /INPUT 64 "address";
    .port_info 3 /INPUT 64 "writeData";
    .port_info 4 /INPUT 1 "MemWrite";
    .port_info 5 /INPUT 1 "MemRead";
    .port_info 6 /INPUT 1 "Zero";
    .port_info 7 /OUTPUT 64 "readData";
    .port_info 8 /OUTPUT 1 "BranchTaken";
    .port_info 9 /INPUT 1 "Branch";
o0x7f0034f72018 .functor BUFZ 1, C4<z>; HiZ drive
o0x7f0034f720d8 .functor BUFZ 1, C4<z>; HiZ drive
L_0x56cf39ac42a0 .functor AND 1, o0x7f0034f72018, o0x7f0034f720d8, C4<1>, C4<1>;
v0x56cf39a74840_0 .net "Branch", 0 0, o0x7f0034f72018;  0 drivers
v0x56cf39ac3410_0 .net "BranchTaken", 0 0, L_0x56cf39ac42a0;  1 drivers
o0x7f0034f72078 .functor BUFZ 1, C4<z>; HiZ drive
v0x56cf39ac34d0_0 .net "MemRead", 0 0, o0x7f0034f72078;  0 drivers
o0x7f0034f720a8 .functor BUFZ 1, C4<z>; HiZ drive
v0x56cf39ac3570_0 .net "MemWrite", 0 0, o0x7f0034f720a8;  0 drivers
v0x56cf39ac3630_0 .net "Zero", 0 0, o0x7f0034f720d8;  0 drivers
o0x7f0034f72108 .functor BUFZ 64, C4<zzzzzzzzzzzzzzzzzzzzzzzzzzzzzzzzzzzzzzzzzzzzzzzzzzzzzzzzzzzzzzzz>; HiZ drive
v0x56cf39ac3740_0 .net "address", 63 0, o0x7f0034f72108;  0 drivers
o0x7f0034f72138 .functor BUFZ 1, C4<z>; HiZ drive
v0x56cf39ac3820_0 .net "clk", 0 0, o0x7f0034f72138;  0 drivers
v0x56cf39ac38e0_0 .var/i "i", 31 0;
v0x56cf39ac39c0 .array "memory", 31 0, 63 0;
v0x56cf39ac3e80_0 .var "readData", 63 0;
o0x7f0034f727c8 .functor BUFZ 1, C4<z>; HiZ drive
v0x56cf39ac3f60_0 .net "reset", 0 0, o0x7f0034f727c8;  0 drivers
o0x7f0034f727f8 .functor BUFZ 64, C4<zzzzzzzzzzzzzzzzzzzzzzzzzzzzzzzzzzzzzzzzzzzzzzzzzzzzzzzzzzzzzzzz>; HiZ drive
v0x56cf39ac4020_0 .net "writeData", 63 0, o0x7f0034f727f8;  0 drivers
v0x56cf39ac39c0_0 .array/port v0x56cf39ac39c0, 0;
v0x56cf39ac39c0_1 .array/port v0x56cf39ac39c0, 1;
E_0x56cf39aae090/0 .event anyedge, v0x56cf39ac34d0_0, v0x56cf39ac3740_0, v0x56cf39ac39c0_0, v0x56cf39ac39c0_1;
v0x56cf39ac39c0_2 .array/port v0x56cf39ac39c0, 2;
v0x56cf39ac39c0_3 .array/port v0x56cf39ac39c0, 3;
v0x56cf39ac39c0_4 .array/port v0x56cf39ac39c0, 4;
v0x56cf39ac39c0_5 .array/port v0x56cf39ac39c0, 5;
E_0x56cf39aae090/1 .event anyedge, v0x56cf39ac39c0_2, v0x56cf39ac39c0_3, v0x56cf39ac39c0_4, v0x56cf39ac39c0_5;
v0x56cf39ac39c0_6 .array/port v0x56cf39ac39c0, 6;
v0x56cf39ac39c0_7 .array/port v0x56cf39ac39c0, 7;
v0x56cf39ac39c0_8 .array/port v0x56cf39ac39c0, 8;
v0x56cf39ac39c0_9 .array/port v0x56cf39ac39c0, 9;
E_0x56cf39aae090/2 .event anyedge, v0x56cf39ac39c0_6, v0x56cf39ac39c0_7, v0x56cf39ac39c0_8, v0x56cf39ac39c0_9;
v0x56cf39ac39c0_10 .array/port v0x56cf39ac39c0, 10;
v0x56cf39ac39c0_11 .array/port v0x56cf39ac39c0, 11;
v0x56cf39ac39c0_12 .array/port v0x56cf39ac39c0, 12;
v0x56cf39ac39c0_13 .array/port v0x56cf39ac39c0, 13;
E_0x56cf39aae090/3 .event anyedge, v0x56cf39ac39c0_10, v0x56cf39ac39c0_11, v0x56cf39ac39c0_12, v0x56cf39ac39c0_13;
v0x56cf39ac39c0_14 .array/port v0x56cf39ac39c0, 14;
v0x56cf39ac39c0_15 .array/port v0x56cf39ac39c0, 15;
v0x56cf39ac39c0_16 .array/port v0x56cf39ac39c0, 16;
v0x56cf39ac39c0_17 .array/port v0x56cf39ac39c0, 17;
E_0x56cf39aae090/4 .event anyedge, v0x56cf39ac39c0_14, v0x56cf39ac39c0_15, v0x56cf39ac39c0_16, v0x56cf39ac39c0_17;
v0x56cf39ac39c0_18 .array/port v0x56cf39ac39c0, 18;
v0x56cf39ac39c0_19 .array/port v0x56cf39ac39c0, 19;
v0x56cf39ac39c0_20 .array/port v0x56cf39ac39c0, 20;
v0x56cf39ac39c0_21 .array/port v0x56cf39ac39c0, 21;
E_0x56cf39aae090/5 .event anyedge, v0x56cf39ac39c0_18, v0x56cf39ac39c0_19, v0x56cf39ac39c0_20, v0x56cf39ac39c0_21;
v0x56cf39ac39c0_22 .array/port v0x56cf39ac39c0, 22;
v0x56cf39ac39c0_23 .array/port v0x56cf39ac39c0, 23;
v0x56cf39ac39c0_24 .array/port v0x56cf39ac39c0, 24;
v0x56cf39ac39c0_25 .array/port v0x56cf39ac39c0, 25;
E_0x56cf39aae090/6 .event anyedge, v0x56cf39ac39c0_22, v0x56cf39ac39c0_23, v0x56cf39ac39c0_24, v0x56cf39ac39c0_25;
v0x56cf39ac39c0_26 .array/port v0x56cf39ac39c0, 26;
v0x56cf39ac39c0_27 .array/port v0x56cf39ac39c0, 27;
v0x56cf39ac39c0_28 .array/port v0x56cf39ac39c0, 28;
v0x56cf39ac39c0_29 .array/port v0x56cf39ac39c0, 29;
E_0x56cf39aae090/7 .event anyedge, v0x56cf39ac39c0_26, v0x56cf39ac39c0_27, v0x56cf39ac39c0_28, v0x56cf39ac39c0_29;
v0x56cf39ac39c0_30 .array/port v0x56cf39ac39c0, 30;
v0x56cf39ac39c0_31 .array/port v0x56cf39ac39c0, 31;
E_0x56cf39aae090/8 .event anyedge, v0x56cf39ac39c0_30, v0x56cf39ac39c0_31;
E_0x56cf39aae090 .event/or E_0x56cf39aae090/0, E_0x56cf39aae090/1, E_0x56cf39aae090/2, E_0x56cf39aae090/3, E_0x56cf39aae090/4, E_0x56cf39aae090/5, E_0x56cf39aae090/6, E_0x56cf39aae090/7, E_0x56cf39aae090/8;
E_0x56cf39a74b40 .event posedge, v0x56cf39ac3f60_0, v0x56cf39ac3820_0;
    .scope S_0x56cf39a74490;
T_0 ;
    %wait E_0x56cf39a74b40;
    %load/vec4 v0x56cf39ac3f60_0;
    %flag_set/vec4 8;
    %jmp/0xz  T_0.0, 8;
    %pushi/vec4 0, 0, 32;
    %store/vec4 v0x56cf39ac38e0_0, 0, 32;
T_0.2 ;
    %load/vec4 v0x56cf39ac38e0_0;
    %cmpi/s 32, 0, 32;
    %jmp/0xz T_0.3, 5;
    %load/vec4 v0x56cf39ac38e0_0;
    %pad/s 64;
    %ix/getv/s 3, v0x56cf39ac38e0_0;
    %ix/load 4, 0, 0; Constant delay
    %assign/vec4/a/d v0x56cf39ac39c0, 0, 4;
    %load/vec4 v0x56cf39ac38e0_0;
    %addi 1, 0, 32;
    %store/vec4 v0x56cf39ac38e0_0, 0, 32;
    %jmp T_0.2;
T_0.3 ;
    %jmp T_0.1;
T_0.0 ;
    %load/vec4 v0x56cf39ac3570_0;
    %flag_set/vec4 8;
    %jmp/0xz  T_0.4, 8;
    %load/vec4 v0x56cf39ac4020_0;
    %load/vec4 v0x56cf39ac3740_0;
    %parti/s 6, 3, 3;
    %pad/u 7;
    %ix/vec4 3;
    %ix/load 4, 0, 0; Constant delay
    %assign/vec4/a/d v0x56cf39ac39c0, 0, 4;
T_0.4 ;
T_0.1 ;
    %jmp T_0;
    .thread T_0;
    .scope S_0x56cf39a74490;
T_1 ;
    %wait E_0x56cf39aae090;
    %load/vec4 v0x56cf39ac34d0_0;
    %flag_set/vec4 8;
    %jmp/0xz  T_1.0, 8;
    %load/vec4 v0x56cf39ac3740_0;
    %parti/s 6, 3, 3;
    %pad/u 7;
    %ix/vec4 4;
    %load/vec4a v0x56cf39ac39c0, 4;
    %store/vec4 v0x56cf39ac3e80_0, 0, 64;
    %jmp T_1.1;
T_1.0 ;
    %pushi/vec4 0, 0, 64;
    %store/vec4 v0x56cf39ac3e80_0, 0, 64;
T_1.1 ;
    %jmp T_1;
    .thread T_1, $push;
# The file index is used to find the file name in the following table.
:file_names 3;
    "N/A";
    "<interactive>";
    "mem.v";
