#! /usr/bin/vvp
:ivl_version "11.0 (stable)";
:ivl_delay_selection "TYPICAL";
:vpi_time_precision + 0;
:vpi_module "/usr/lib/x86_64-linux-gnu/ivl/system.vpi";
:vpi_module "/usr/lib/x86_64-linux-gnu/ivl/vhdl_sys.vpi";
:vpi_module "/usr/lib/x86_64-linux-gnu/ivl/vhdl_textio.vpi";
:vpi_module "/usr/lib/x86_64-linux-gnu/ivl/v2005_math.vpi";
:vpi_module "/usr/lib/x86_64-linux-gnu/ivl/va_math.vpi";
S_0x558592f98100 .scope module, "DataMemory_tb" "DataMemory_tb" 2 41;
 .timescale 0 0;
v0x558592fcb0d0_0 .var "MemRead", 0 0;
v0x558592fcb190_0 .var "MemWrite", 0 0;
v0x558592fcb230_0 .var "address", 63 0;
v0x558592fcb330_0 .var "clk", 0 0;
v0x558592fcb400_0 .net "readData", 63 0, v0x558592fcacb0_0;  1 drivers
v0x558592fcb4a0_0 .var "reset", 0 0;
v0x558592fcb570_0 .var "writeData", 63 0;
S_0x558592fa28a0 .scope module, "uut" "DataMemory" 2 52, 2 1 0, S_0x558592f98100;
 .timescale 0 0;
    .port_info 0 /INPUT 1 "clk";
    .port_info 1 /INPUT 1 "reset";
    .port_info 2 /INPUT 64 "address";
    .port_info 3 /INPUT 64 "writeData";
    .port_info 4 /INPUT 1 "MemWrite";
    .port_info 5 /INPUT 1 "MemRead";
    .port_info 6 /OUTPUT 64 "readData";
v0x558592f92990_0 .net "MemRead", 0 0, v0x558592fcb0d0_0;  1 drivers
v0x558592f92a30_0 .net "MemWrite", 0 0, v0x558592fcb190_0;  1 drivers
L_0x7f23b03d7018 .functor BUFT 1, C4<0000000000000000000000000000000000000000000000000010000000000000>, C4<0>, C4<0>, C4<0>;
v0x558592fca860_0 .net/2u *"_ivl_0", 63 0, L_0x7f23b03d7018;  1 drivers
v0x558592fca920_0 .net "address", 63 0, v0x558592fcb230_0;  1 drivers
v0x558592fcaa00_0 .net "clk", 0 0, v0x558592fcb330_0;  1 drivers
v0x558592fcab10_0 .var/i "i", 31 0;
v0x558592fcabf0 .array "memory", 1023 0, 63 0;
v0x558592fcacb0_0 .var "readData", 63 0;
v0x558592fcad90_0 .net "reset", 0 0, v0x558592fcb4a0_0;  1 drivers
v0x558592fcae50_0 .net "valid_address", 0 0, L_0x558592fdb6d0;  1 drivers
v0x558592fcaf10_0 .net "writeData", 63 0, v0x558592fcb570_0;  1 drivers
E_0x558592f9de00 .event posedge, v0x558592fcaa00_0;
E_0x558592f9e780 .event posedge, v0x558592fcad90_0, v0x558592fcaa00_0;
L_0x558592fdb6d0 .cmp/gt 64, L_0x7f23b03d7018, v0x558592fcb230_0;
    .scope S_0x558592fa28a0;
T_0 ;
    %wait E_0x558592f9e780;
    %load/vec4 v0x558592fcad90_0;
    %flag_set/vec4 8;
    %jmp/0xz  T_0.0, 8;
    %pushi/vec4 0, 0, 32;
    %store/vec4 v0x558592fcab10_0, 0, 32;
T_0.2 ;
    %load/vec4 v0x558592fcab10_0;
    %cmpi/s 1024, 0, 32;
    %jmp/0xz T_0.3, 5;
    %pushi/vec4 0, 0, 64;
    %ix/getv/s 3, v0x558592fcab10_0;
    %ix/load 4, 0, 0; Constant delay
    %assign/vec4/a/d v0x558592fcabf0, 0, 4;
    %load/vec4 v0x558592fcab10_0;
    %addi 1, 0, 32;
    %store/vec4 v0x558592fcab10_0, 0, 32;
    %jmp T_0.2;
T_0.3 ;
    %jmp T_0.1;
T_0.0 ;
    %load/vec4 v0x558592f92a30_0;
    %load/vec4 v0x558592fcae50_0;
    %and;
    %flag_set/vec4 8;
    %jmp/0xz  T_0.4, 8;
    %load/vec4 v0x558592fcaf10_0;
    %load/vec4 v0x558592fca920_0;
    %parti/s 10, 3, 3;
    %pad/u 12;
    %ix/vec4 3;
    %ix/load 4, 0, 0; Constant delay
    %assign/vec4/a/d v0x558592fcabf0, 0, 4;
T_0.4 ;
T_0.1 ;
    %jmp T_0;
    .thread T_0;
    .scope S_0x558592fa28a0;
T_1 ;
    %wait E_0x558592f9de00;
    %load/vec4 v0x558592f92990_0;
    %load/vec4 v0x558592fcae50_0;
    %and;
    %flag_set/vec4 8;
    %jmp/0xz  T_1.0, 8;
    %load/vec4 v0x558592fca920_0;
    %parti/s 10, 3, 3;
    %pad/u 12;
    %ix/vec4 4;
    %load/vec4a v0x558592fcabf0, 4;
    %assign/vec4 v0x558592fcacb0_0, 0;
    %jmp T_1.1;
T_1.0 ;
    %pushi/vec4 0, 0, 64;
    %assign/vec4 v0x558592fcacb0_0, 0;
T_1.1 ;
    %jmp T_1;
    .thread T_1;
    .scope S_0x558592f98100;
T_2 ;
    %delay 5, 0;
    %load/vec4 v0x558592fcb330_0;
    %inv;
    %store/vec4 v0x558592fcb330_0, 0, 1;
    %jmp T_2;
    .thread T_2;
    .scope S_0x558592f98100;
T_3 ;
    %pushi/vec4 0, 0, 1;
    %store/vec4 v0x558592fcb330_0, 0, 1;
    %pushi/vec4 1, 0, 1;
    %store/vec4 v0x558592fcb4a0_0, 0, 1;
    %pushi/vec4 0, 0, 64;
    %store/vec4 v0x558592fcb230_0, 0, 64;
    %pushi/vec4 0, 0, 64;
    %store/vec4 v0x558592fcb570_0, 0, 64;
    %pushi/vec4 0, 0, 1;
    %store/vec4 v0x558592fcb190_0, 0, 1;
    %pushi/vec4 0, 0, 1;
    %store/vec4 v0x558592fcb0d0_0, 0, 1;
    %delay 10, 0;
    %pushi/vec4 0, 0, 1;
    %store/vec4 v0x558592fcb4a0_0, 0, 1;
    %delay 10, 0;
    %pushi/vec4 32, 0, 64;
    %store/vec4 v0x558592fcb230_0, 0, 64;
    %pushi/vec4 2443359172, 0, 35;
    %concati/vec4 448585456, 0, 29;
    %store/vec4 v0x558592fcb570_0, 0, 64;
    %pushi/vec4 1, 0, 1;
    %store/vec4 v0x558592fcb190_0, 0, 1;
    %delay 10, 0;
    %pushi/vec4 0, 0, 1;
    %store/vec4 v0x558592fcb190_0, 0, 1;
    %delay 10, 0;
    %pushi/vec4 1, 0, 1;
    %store/vec4 v0x558592fcb0d0_0, 0, 1;
    %delay 10, 0;
    %load/vec4 v0x558592fcb400_0;
    %pushi/vec4 2443359172, 0, 35;
    %concati/vec4 448585456, 0, 29;
    %cmp/e;
    %jmp/0xz  T_3.0, 6;
    %vpi_call 2 92 "$display", "[PASS] Write to Address 0x20: Data = %h", v0x558592fcb400_0 {0 0 0};
    %jmp T_3.1;
T_3.0 ;
    %vpi_call 2 94 "$display", "[FAIL] Write to Address 0x20: Data = %h (Expected: 123456789ABCDEF0)", v0x558592fcb400_0 {0 0 0};
T_3.1 ;
    %pushi/vec4 0, 0, 1;
    %store/vec4 v0x558592fcb0d0_0, 0, 1;
    %delay 10, 0;
    %pushi/vec4 64, 0, 64;
    %store/vec4 v0x558592fcb230_0, 0, 64;
    %pushi/vec4 4275878552, 0, 32;
    %concati/vec4 1985229328, 0, 32;
    %store/vec4 v0x558592fcb570_0, 0, 64;
    %pushi/vec4 1, 0, 1;
    %store/vec4 v0x558592fcb190_0, 0, 1;
    %delay 10, 0;
    %pushi/vec4 0, 0, 1;
    %store/vec4 v0x558592fcb190_0, 0, 1;
    %delay 10, 0;
    %pushi/vec4 1, 0, 1;
    %store/vec4 v0x558592fcb0d0_0, 0, 1;
    %delay 10, 0;
    %load/vec4 v0x558592fcb400_0;
    %pushi/vec4 4275878552, 0, 32;
    %concati/vec4 1985229328, 0, 32;
    %cmp/e;
    %jmp/0xz  T_3.2, 6;
    %vpi_call 2 111 "$display", "[PASS] Write to Address 0x40: Data = %h", v0x558592fcb400_0 {0 0 0};
    %jmp T_3.3;
T_3.2 ;
    %vpi_call 2 113 "$display", "[FAIL] Write to Address 0x40: Data = %h (Expected: FEDCBA9876543210)", v0x558592fcb400_0 {0 0 0};
T_3.3 ;
    %pushi/vec4 0, 0, 1;
    %store/vec4 v0x558592fcb0d0_0, 0, 1;
    %delay 10, 0;
    %pushi/vec4 0, 0, 64;
    %store/vec4 v0x558592fcb230_0, 0, 64;
    %pushi/vec4 3735928559, 0, 32;
    %concati/vec4 3405691582, 0, 32;
    %store/vec4 v0x558592fcb570_0, 0, 64;
    %pushi/vec4 1, 0, 1;
    %store/vec4 v0x558592fcb190_0, 0, 1;
    %delay 10, 0;
    %pushi/vec4 0, 0, 1;
    %store/vec4 v0x558592fcb190_0, 0, 1;
    %delay 10, 0;
    %pushi/vec4 1, 0, 1;
    %store/vec4 v0x558592fcb0d0_0, 0, 1;
    %delay 10, 0;
    %load/vec4 v0x558592fcb400_0;
    %pushi/vec4 3735928559, 0, 32;
    %concati/vec4 3405691582, 0, 32;
    %cmp/e;
    %jmp/0xz  T_3.4, 6;
    %vpi_call 2 130 "$display", "[PASS] Write to First Memory Location: Data = %h", v0x558592fcb400_0 {0 0 0};
    %jmp T_3.5;
T_3.4 ;
    %vpi_call 2 132 "$display", "[FAIL] Write to First Memory Location: Data = %h (Expected: DEADBEEFCAFEBABE)", v0x558592fcb400_0 {0 0 0};
T_3.5 ;
    %pushi/vec4 0, 0, 1;
    %store/vec4 v0x558592fcb0d0_0, 0, 1;
    %delay 10, 0;
    %pushi/vec4 2040, 0, 64;
    %store/vec4 v0x558592fcb230_0, 0, 64;
    %pushi/vec4 2864434397, 0, 32;
    %concati/vec4 4009689105, 0, 32;
    %store/vec4 v0x558592fcb570_0, 0, 64;
    %pushi/vec4 1, 0, 1;
    %store/vec4 v0x558592fcb190_0, 0, 1;
    %delay 10, 0;
    %pushi/vec4 0, 0, 1;
    %store/vec4 v0x558592fcb190_0, 0, 1;
    %delay 10, 0;
    %pushi/vec4 1, 0, 1;
    %store/vec4 v0x558592fcb0d0_0, 0, 1;
    %delay 10, 0;
    %load/vec4 v0x558592fcb400_0;
    %pushi/vec4 2864434397, 0, 32;
    %concati/vec4 4009689105, 0, 32;
    %cmp/e;
    %jmp/0xz  T_3.6, 6;
    %vpi_call 2 149 "$display", "[PASS] Write to Last Memory Location: Data = %h", v0x558592fcb400_0 {0 0 0};
    %jmp T_3.7;
T_3.6 ;
    %vpi_call 2 151 "$display", "[FAIL] Write to Last Memory Location: Data = %h (Expected: AABBCCDDEEFF0011)", v0x558592fcb400_0 {0 0 0};
T_3.7 ;
    %pushi/vec4 0, 0, 1;
    %store/vec4 v0x558592fcb0d0_0, 0, 1;
    %delay 10, 0;
    %pushi/vec4 8192, 0, 64;
    %store/vec4 v0x558592fcb230_0, 0, 64;
    %pushi/vec4 3134959034, 0, 32;
    %concati/vec4 3685595867, 0, 32;
    %store/vec4 v0x558592fcb570_0, 0, 64;
    %pushi/vec4 1, 0, 1;
    %store/vec4 v0x558592fcb190_0, 0, 1;
    %delay 10, 0;
    %pushi/vec4 0, 0, 1;
    %store/vec4 v0x558592fcb190_0, 0, 1;
    %delay 10, 0;
    %pushi/vec4 1, 0, 1;
    %store/vec4 v0x558592fcb0d0_0, 0, 1;
    %delay 10, 0;
    %load/vec4 v0x558592fcb400_0;
    %cmpi/e 0, 0, 64;
    %jmp/0xz  T_3.8, 6;
    %vpi_call 2 168 "$display", "[PASS] Out-of-bounds write correctly ignored." {0 0 0};
    %jmp T_3.9;
T_3.8 ;
    %vpi_call 2 170 "$display", v0x558592fcb400_0 {0 0 0};
    %vpi_call 2 171 "$display", v0x558592fcae50_0 {0 0 0};
    %vpi_call 2 172 "$display", "[FAIL] Out-of-bounds write incorrectly enabled." {0 0 0};
T_3.9 ;
    %pushi/vec4 0, 0, 1;
    %store/vec4 v0x558592fcb0d0_0, 0, 1;
    %delay 10, 0;
    %pushi/vec4 32, 0, 64;
    %store/vec4 v0x558592fcb230_0, 0, 64;
    %pushi/vec4 1, 0, 1;
    %store/vec4 v0x558592fcb0d0_0, 0, 1;
    %delay 10, 0;
    %load/vec4 v0x558592fcb400_0;
    %pushi/vec4 2443359172, 0, 35;
    %concati/vec4 448585456, 0, 29;
    %cmp/e;
    %jmp/0xz  T_3.10, 6;
    %vpi_call 2 184 "$display", "[PASS] Address 0x20 still holds correct value: %h", v0x558592fcb400_0 {0 0 0};
    %jmp T_3.11;
T_3.10 ;
    %vpi_call 2 186 "$display", "[FAIL] Address 0x20 corrupted: %h (Expected: 123456789ABCDEF0)", v0x558592fcb400_0 {0 0 0};
T_3.11 ;
    %pushi/vec4 0, 0, 1;
    %store/vec4 v0x558592fcb0d0_0, 0, 1;
    %delay 20, 0;
    %vpi_call 2 191 "$finish" {0 0 0};
    %end;
    .thread T_3;
# The file index is used to find the file name in the following table.
:file_names 3;
    "N/A";
    "<interactive>";
    "data_memory.v";
