#! /usr/bin/vvp
:ivl_version "11.0 (stable)";
:ivl_delay_selection "TYPICAL";
:vpi_time_precision + 0;
:vpi_module "/usr/lib/x86_64-linux-gnu/ivl/system.vpi";
:vpi_module "/usr/lib/x86_64-linux-gnu/ivl/vhdl_sys.vpi";
:vpi_module "/usr/lib/x86_64-linux-gnu/ivl/vhdl_textio.vpi";
:vpi_module "/usr/lib/x86_64-linux-gnu/ivl/v2005_math.vpi";
:vpi_module "/usr/lib/x86_64-linux-gnu/ivl/va_math.vpi";
S_0x562af6309c00 .scope module, "ControlUnit" "ControlUnit" 2 183;
 .timescale 0 0;
    .port_info 0 /INPUT 7 "opcode";
    .port_info 1 /OUTPUT 1 "Branch";
    .port_info 2 /OUTPUT 1 "MemRead";
    .port_info 3 /OUTPUT 1 "MemtoReg";
    .port_info 4 /OUTPUT 2 "ALUOp";
    .port_info 5 /OUTPUT 1 "MemWrite";
    .port_info 6 /OUTPUT 1 "ALUSrc";
    .port_info 7 /OUTPUT 1 "RegWrite";
L_0x562af6356290 .functor BUFZ 1, v0x562af63534d0_0, C4<0>, C4<0>, C4<0>;
L_0x562af6356320 .functor BUFZ 1, v0x562af6353650_0, C4<0>, C4<0>, C4<0>;
L_0x562af63563c0 .functor BUFZ 1, v0x562af6353950_0, C4<0>, C4<0>, C4<0>;
L_0x562af6356490 .functor BUFZ 2, v0x562af63531d0_0, C4<00>, C4<00>, C4<00>;
L_0x562af6356590 .functor BUFZ 1, v0x562af63537d0_0, C4<0>, C4<0>, C4<0>;
L_0x562af6356660 .functor BUFZ 1, v0x562af6353350_0, C4<0>, C4<0>, C4<0>;
L_0x562af6356770 .functor BUFZ 1, v0x562af6353ad0_0, C4<0>, C4<0>, C4<0>;
v0x562af6332c20_0 .net "ALUOp", 1 0, L_0x562af6356490;  1 drivers
v0x562af63531d0_0 .var "ALUOp_reg", 1 0;
v0x562af63532b0_0 .net "ALUSrc", 0 0, L_0x562af6356660;  1 drivers
v0x562af6353350_0 .var "ALUSrc_reg", 0 0;
v0x562af6353410_0 .net "Branch", 0 0, L_0x562af6356290;  1 drivers
v0x562af63534d0_0 .var "Branch_reg", 0 0;
v0x562af6353590_0 .net "MemRead", 0 0, L_0x562af6356320;  1 drivers
v0x562af6353650_0 .var "MemRead_reg", 0 0;
v0x562af6353710_0 .net "MemWrite", 0 0, L_0x562af6356590;  1 drivers
v0x562af63537d0_0 .var "MemWrite_reg", 0 0;
v0x562af6353890_0 .net "MemtoReg", 0 0, L_0x562af63563c0;  1 drivers
v0x562af6353950_0 .var "MemtoReg_reg", 0 0;
v0x562af6353a10_0 .net "RegWrite", 0 0, L_0x562af6356770;  1 drivers
v0x562af6353ad0_0 .var "RegWrite_reg", 0 0;
o0x7fec896e42b8 .functor BUFZ 7, C4<zzzzzzz>; HiZ drive
v0x562af6353b90_0 .net "opcode", 6 0, o0x7fec896e42b8;  0 drivers
E_0x562af6325fa0 .event edge, v0x562af6353b90_0;
S_0x562af6309fe0 .scope module, "ImmGen" "ImmGen" 2 142;
 .timescale 0 0;
    .port_info 0 /INPUT 32 "instruction";
    .port_info 1 /INPUT 7 "opcode";
    .port_info 2 /OUTPUT 64 "imm";
L_0x562af6356810 .functor BUFZ 64, v0x562af6353eb0_0, C4<0000000000000000000000000000000000000000000000000000000000000000>, C4<0000000000000000000000000000000000000000000000000000000000000000>, C4<0000000000000000000000000000000000000000000000000000000000000000>;
v0x562af6353db0_0 .net "imm", 63 0, L_0x562af6356810;  1 drivers
v0x562af6353eb0_0 .var "imm_reg", 63 0;
o0x7fec896e44c8 .functor BUFZ 32, C4<zzzzzzzzzzzzzzzzzzzzzzzzzzzzzzzz>; HiZ drive
v0x562af6353f90_0 .net "instruction", 31 0, o0x7fec896e44c8;  0 drivers
o0x7fec896e44f8 .functor BUFZ 7, C4<zzzzzzz>; HiZ drive
v0x562af6354050_0 .net "opcode", 6 0, o0x7fec896e44f8;  0 drivers
E_0x562af62f89b0 .event edge, v0x562af6354050_0, v0x562af6353f90_0;
S_0x562af630a3c0 .scope module, "InstructionDecoder" "InstructionDecoder" 2 1;
 .timescale 0 0;
    .port_info 0 /INPUT 32 "instruction";
    .port_info 1 /OUTPUT 7 "opcode";
    .port_info 2 /OUTPUT 5 "rs1";
    .port_info 3 /OUTPUT 5 "rs2";
    .port_info 4 /OUTPUT 5 "rd";
    .port_info 5 /OUTPUT 3 "funct3";
    .port_info 6 /OUTPUT 7 "funct7";
    .port_info 7 /OUTPUT 32 "imm";
L_0x562af63568e0 .functor BUFZ 7, v0x562af63548d0_0, C4<0000000>, C4<0000000>, C4<0000000>;
L_0x562af63569b0 .functor BUFZ 5, v0x562af6354ce0_0, C4<00000>, C4<00000>, C4<00000>;
L_0x562af6356a80 .functor BUFZ 5, v0x562af6354ea0_0, C4<00000>, C4<00000>, C4<00000>;
L_0x562af6356b50 .functor BUFZ 5, v0x562af6354b20_0, C4<00000>, C4<00000>, C4<00000>;
L_0x562af6356c50 .functor BUFZ 3, v0x562af63542d0_0, C4<000>, C4<000>, C4<000>;
L_0x562af6356d20 .functor BUFZ 7, v0x562af6354470_0, C4<0000000>, C4<0000000>, C4<0000000>;
L_0x562af6356e30 .functor BUFZ 32, v0x562af6354630_0, C4<00000000000000000000000000000000>, C4<00000000000000000000000000000000>, C4<00000000000000000000000000000000>;
v0x562af63541d0_0 .net "funct3", 2 0, L_0x562af6356c50;  1 drivers
v0x562af63542d0_0 .var "funct3_reg", 2 0;
v0x562af63543b0_0 .net "funct7", 6 0, L_0x562af6356d20;  1 drivers
v0x562af6354470_0 .var "funct7_reg", 6 0;
v0x562af6354550_0 .net "imm", 31 0, L_0x562af6356e30;  1 drivers
v0x562af6354630_0 .var "imm_reg", 31 0;
o0x7fec896e46d8 .functor BUFZ 32, C4<zzzzzzzzzzzzzzzzzzzzzzzzzzzzzzzz>; HiZ drive
v0x562af6354710_0 .net "instruction", 31 0, o0x7fec896e46d8;  0 drivers
v0x562af63547f0_0 .net "opcode", 6 0, L_0x562af63568e0;  1 drivers
v0x562af63548d0_0 .var "opcode_reg", 6 0;
v0x562af6354a40_0 .net "rd", 4 0, L_0x562af6356b50;  1 drivers
v0x562af6354b20_0 .var "rd_reg", 4 0;
v0x562af6354c00_0 .net "rs1", 4 0, L_0x562af63569b0;  1 drivers
v0x562af6354ce0_0 .var "rs1_reg", 4 0;
v0x562af6354dc0_0 .net "rs2", 4 0, L_0x562af6356a80;  1 drivers
v0x562af6354ea0_0 .var "rs2_reg", 4 0;
E_0x562af6333f90 .event edge, v0x562af6354710_0, v0x562af63548d0_0;
S_0x562af6309440 .scope module, "RegisterFile" "RegisterFile" 2 101;
 .timescale 0 0;
    .port_info 0 /INPUT 1 "clk";
    .port_info 1 /INPUT 1 "reset";
    .port_info 2 /INPUT 1 "regWrite";
    .port_info 3 /INPUT 5 "rs1";
    .port_info 4 /INPUT 5 "rs2";
    .port_info 5 /INPUT 5 "rd";
    .port_info 6 /INPUT 64 "writeData";
    .port_info 7 /OUTPUT 64 "readData1";
    .port_info 8 /OUTPUT 64 "readData2";
L_0x562af6356ed0 .functor BUFZ 64, v0x562af6355560_0, C4<0000000000000000000000000000000000000000000000000000000000000000>, C4<0000000000000000000000000000000000000000000000000000000000000000>, C4<0000000000000000000000000000000000000000000000000000000000000000>;
L_0x562af6356fa0 .functor BUFZ 64, v0x562af6355720_0, C4<0000000000000000000000000000000000000000000000000000000000000000>, C4<0000000000000000000000000000000000000000000000000000000000000000>, C4<0000000000000000000000000000000000000000000000000000000000000000>;
o0x7fec896e4a08 .functor BUFZ 1, C4<z>; HiZ drive
v0x562af6355200_0 .net "clk", 0 0, o0x7fec896e4a08;  0 drivers
v0x562af63552e0_0 .var/i "i", 31 0;
o0x7fec896e4a68 .functor BUFZ 5, C4<zzzzz>; HiZ drive
v0x562af63553c0_0 .net "rd", 4 0, o0x7fec896e4a68;  0 drivers
v0x562af6355480_0 .net "readData1", 63 0, L_0x562af6356ed0;  1 drivers
v0x562af6355560_0 .var "readData1_reg", 63 0;
v0x562af6355640_0 .net "readData2", 63 0, L_0x562af6356fa0;  1 drivers
v0x562af6355720_0 .var "readData2_reg", 63 0;
o0x7fec896e4b58 .functor BUFZ 1, C4<z>; HiZ drive
v0x562af6355800_0 .net "regWrite", 0 0, o0x7fec896e4b58;  0 drivers
v0x562af63558c0 .array "registers", 31 0, 63 0;
o0x7fec896e5188 .functor BUFZ 1, C4<z>; HiZ drive
v0x562af6355e10_0 .net "reset", 0 0, o0x7fec896e5188;  0 drivers
o0x7fec896e51b8 .functor BUFZ 5, C4<zzzzz>; HiZ drive
v0x562af6355ed0_0 .net "rs1", 4 0, o0x7fec896e51b8;  0 drivers
o0x7fec896e51e8 .functor BUFZ 5, C4<zzzzz>; HiZ drive
v0x562af6355fb0_0 .net "rs2", 4 0, o0x7fec896e51e8;  0 drivers
o0x7fec896e5218 .functor BUFZ 64, C4<zzzzzzzzzzzzzzzzzzzzzzzzzzzzzzzzzzzzzzzzzzzzzzzzzzzzzzzzzzzzzzzz>; HiZ drive
v0x562af6356090_0 .net "writeData", 63 0, o0x7fec896e5218;  0 drivers
E_0x562af63363a0 .event negedge, v0x562af6355200_0;
v0x562af63558c0_0 .array/port v0x562af63558c0, 0;
v0x562af63558c0_1 .array/port v0x562af63558c0, 1;
v0x562af63558c0_2 .array/port v0x562af63558c0, 2;
E_0x562af63366e0/0 .event edge, v0x562af6355ed0_0, v0x562af63558c0_0, v0x562af63558c0_1, v0x562af63558c0_2;
v0x562af63558c0_3 .array/port v0x562af63558c0, 3;
v0x562af63558c0_4 .array/port v0x562af63558c0, 4;
v0x562af63558c0_5 .array/port v0x562af63558c0, 5;
v0x562af63558c0_6 .array/port v0x562af63558c0, 6;
E_0x562af63366e0/1 .event edge, v0x562af63558c0_3, v0x562af63558c0_4, v0x562af63558c0_5, v0x562af63558c0_6;
v0x562af63558c0_7 .array/port v0x562af63558c0, 7;
v0x562af63558c0_8 .array/port v0x562af63558c0, 8;
v0x562af63558c0_9 .array/port v0x562af63558c0, 9;
v0x562af63558c0_10 .array/port v0x562af63558c0, 10;
E_0x562af63366e0/2 .event edge, v0x562af63558c0_7, v0x562af63558c0_8, v0x562af63558c0_9, v0x562af63558c0_10;
v0x562af63558c0_11 .array/port v0x562af63558c0, 11;
v0x562af63558c0_12 .array/port v0x562af63558c0, 12;
v0x562af63558c0_13 .array/port v0x562af63558c0, 13;
v0x562af63558c0_14 .array/port v0x562af63558c0, 14;
E_0x562af63366e0/3 .event edge, v0x562af63558c0_11, v0x562af63558c0_12, v0x562af63558c0_13, v0x562af63558c0_14;
v0x562af63558c0_15 .array/port v0x562af63558c0, 15;
v0x562af63558c0_16 .array/port v0x562af63558c0, 16;
v0x562af63558c0_17 .array/port v0x562af63558c0, 17;
v0x562af63558c0_18 .array/port v0x562af63558c0, 18;
E_0x562af63366e0/4 .event edge, v0x562af63558c0_15, v0x562af63558c0_16, v0x562af63558c0_17, v0x562af63558c0_18;
v0x562af63558c0_19 .array/port v0x562af63558c0, 19;
v0x562af63558c0_20 .array/port v0x562af63558c0, 20;
v0x562af63558c0_21 .array/port v0x562af63558c0, 21;
v0x562af63558c0_22 .array/port v0x562af63558c0, 22;
E_0x562af63366e0/5 .event edge, v0x562af63558c0_19, v0x562af63558c0_20, v0x562af63558c0_21, v0x562af63558c0_22;
v0x562af63558c0_23 .array/port v0x562af63558c0, 23;
v0x562af63558c0_24 .array/port v0x562af63558c0, 24;
v0x562af63558c0_25 .array/port v0x562af63558c0, 25;
v0x562af63558c0_26 .array/port v0x562af63558c0, 26;
E_0x562af63366e0/6 .event edge, v0x562af63558c0_23, v0x562af63558c0_24, v0x562af63558c0_25, v0x562af63558c0_26;
v0x562af63558c0_27 .array/port v0x562af63558c0, 27;
v0x562af63558c0_28 .array/port v0x562af63558c0, 28;
v0x562af63558c0_29 .array/port v0x562af63558c0, 29;
v0x562af63558c0_30 .array/port v0x562af63558c0, 30;
E_0x562af63366e0/7 .event edge, v0x562af63558c0_27, v0x562af63558c0_28, v0x562af63558c0_29, v0x562af63558c0_30;
v0x562af63558c0_31 .array/port v0x562af63558c0, 31;
E_0x562af63366e0/8 .event edge, v0x562af63558c0_31, v0x562af6355fb0_0;
E_0x562af63366e0 .event/or E_0x562af63366e0/0, E_0x562af63366e0/1, E_0x562af63366e0/2, E_0x562af63366e0/3, E_0x562af63366e0/4, E_0x562af63366e0/5, E_0x562af63366e0/6, E_0x562af63366e0/7, E_0x562af63366e0/8;
E_0x562af6336720 .event posedge, v0x562af6355e10_0;
    .scope S_0x562af6309c00;
T_0 ;
    %wait E_0x562af6325fa0;
    %pushi/vec4 0, 0, 1;
    %store/vec4 v0x562af63534d0_0, 0, 1;
    %pushi/vec4 0, 0, 1;
    %store/vec4 v0x562af6353650_0, 0, 1;
    %pushi/vec4 0, 0, 1;
    %store/vec4 v0x562af6353950_0, 0, 1;
    %pushi/vec4 0, 0, 2;
    %store/vec4 v0x562af63531d0_0, 0, 2;
    %pushi/vec4 0, 0, 1;
    %store/vec4 v0x562af63537d0_0, 0, 1;
    %pushi/vec4 0, 0, 1;
    %store/vec4 v0x562af6353350_0, 0, 1;
    %pushi/vec4 0, 0, 1;
    %store/vec4 v0x562af6353ad0_0, 0, 1;
    %load/vec4 v0x562af6353b90_0;
    %dup/vec4;
    %pushi/vec4 51, 0, 7;
    %cmp/u;
    %jmp/1 T_0.0, 6;
    %dup/vec4;
    %pushi/vec4 19, 0, 7;
    %cmp/u;
    %jmp/1 T_0.1, 6;
    %dup/vec4;
    %pushi/vec4 3, 0, 7;
    %cmp/u;
    %jmp/1 T_0.2, 6;
    %dup/vec4;
    %pushi/vec4 35, 0, 7;
    %cmp/u;
    %jmp/1 T_0.3, 6;
    %dup/vec4;
    %pushi/vec4 99, 0, 7;
    %cmp/u;
    %jmp/1 T_0.4, 6;
    %dup/vec4;
    %pushi/vec4 111, 0, 7;
    %cmp/u;
    %jmp/1 T_0.5, 6;
    %dup/vec4;
    %pushi/vec4 103, 0, 7;
    %cmp/u;
    %jmp/1 T_0.6, 6;
    %dup/vec4;
    %pushi/vec4 55, 0, 7;
    %cmp/u;
    %jmp/1 T_0.7, 6;
    %dup/vec4;
    %pushi/vec4 23, 0, 7;
    %cmp/u;
    %jmp/1 T_0.8, 6;
    %jmp T_0.10;
T_0.0 ;
    %pushi/vec4 1, 0, 1;
    %store/vec4 v0x562af6353ad0_0, 0, 1;
    %pushi/vec4 2, 0, 2;
    %store/vec4 v0x562af63531d0_0, 0, 2;
    %jmp T_0.10;
T_0.1 ;
    %pushi/vec4 1, 0, 1;
    %store/vec4 v0x562af6353ad0_0, 0, 1;
    %pushi/vec4 1, 0, 1;
    %store/vec4 v0x562af6353350_0, 0, 1;
    %load/vec4 v0x562af6353b90_0;
    %cmpi/e 3, 0, 7;
    %flag_mov 8, 4;
    %jmp/0 T_0.11, 8;
    %pushi/vec4 1, 0, 2;
    %jmp/1 T_0.12, 8;
T_0.11 ; End of true expr.
    %pushi/vec4 0, 0, 2;
    %jmp/0 T_0.12, 8;
 ; End of false expr.
    %blend;
T_0.12;
    %pad/s 1;
    %store/vec4 v0x562af6353650_0, 0, 1;
    %load/vec4 v0x562af6353b90_0;
    %cmpi/e 3, 0, 7;
    %flag_mov 8, 4;
    %jmp/0 T_0.13, 8;
    %pushi/vec4 1, 0, 2;
    %jmp/1 T_0.14, 8;
T_0.13 ; End of true expr.
    %pushi/vec4 0, 0, 2;
    %jmp/0 T_0.14, 8;
 ; End of false expr.
    %blend;
T_0.14;
    %pad/s 1;
    %store/vec4 v0x562af6353950_0, 0, 1;
    %pushi/vec4 0, 0, 2;
    %store/vec4 v0x562af63531d0_0, 0, 2;
    %jmp T_0.10;
T_0.2 ;
    %pushi/vec4 1, 0, 1;
    %store/vec4 v0x562af6353ad0_0, 0, 1;
    %pushi/vec4 1, 0, 1;
    %store/vec4 v0x562af6353350_0, 0, 1;
    %load/vec4 v0x562af6353b90_0;
    %cmpi/e 3, 0, 7;
    %flag_mov 8, 4;
    %jmp/0 T_0.15, 8;
    %pushi/vec4 1, 0, 2;
    %jmp/1 T_0.16, 8;
T_0.15 ; End of true expr.
    %pushi/vec4 0, 0, 2;
    %jmp/0 T_0.16, 8;
 ; End of false expr.
    %blend;
T_0.16;
    %pad/s 1;
    %store/vec4 v0x562af6353650_0, 0, 1;
    %load/vec4 v0x562af6353b90_0;
    %cmpi/e 3, 0, 7;
    %flag_mov 8, 4;
    %jmp/0 T_0.17, 8;
    %pushi/vec4 1, 0, 2;
    %jmp/1 T_0.18, 8;
T_0.17 ; End of true expr.
    %pushi/vec4 0, 0, 2;
    %jmp/0 T_0.18, 8;
 ; End of false expr.
    %blend;
T_0.18;
    %pad/s 1;
    %store/vec4 v0x562af6353950_0, 0, 1;
    %pushi/vec4 0, 0, 2;
    %store/vec4 v0x562af63531d0_0, 0, 2;
    %jmp T_0.10;
T_0.3 ;
    %pushi/vec4 1, 0, 1;
    %store/vec4 v0x562af63537d0_0, 0, 1;
    %pushi/vec4 1, 0, 1;
    %store/vec4 v0x562af6353350_0, 0, 1;
    %pushi/vec4 0, 0, 2;
    %store/vec4 v0x562af63531d0_0, 0, 2;
    %jmp T_0.10;
T_0.4 ;
    %pushi/vec4 1, 0, 1;
    %store/vec4 v0x562af63534d0_0, 0, 1;
    %pushi/vec4 1, 0, 2;
    %store/vec4 v0x562af63531d0_0, 0, 2;
    %jmp T_0.10;
T_0.5 ;
    %pushi/vec4 1, 0, 1;
    %store/vec4 v0x562af6353ad0_0, 0, 1;
    %pushi/vec4 1, 0, 1;
    %store/vec4 v0x562af6353350_0, 0, 1;
    %pushi/vec4 0, 0, 2;
    %store/vec4 v0x562af63531d0_0, 0, 2;
    %jmp T_0.10;
T_0.6 ;
    %pushi/vec4 1, 0, 1;
    %store/vec4 v0x562af6353ad0_0, 0, 1;
    %pushi/vec4 1, 0, 1;
    %store/vec4 v0x562af6353350_0, 0, 1;
    %pushi/vec4 0, 0, 2;
    %store/vec4 v0x562af63531d0_0, 0, 2;
    %jmp T_0.10;
T_0.7 ;
    %pushi/vec4 1, 0, 1;
    %store/vec4 v0x562af6353ad0_0, 0, 1;
    %pushi/vec4 1, 0, 1;
    %store/vec4 v0x562af6353350_0, 0, 1;
    %pushi/vec4 0, 0, 2;
    %store/vec4 v0x562af63531d0_0, 0, 2;
    %jmp T_0.10;
T_0.8 ;
    %pushi/vec4 1, 0, 1;
    %store/vec4 v0x562af6353ad0_0, 0, 1;
    %pushi/vec4 1, 0, 1;
    %store/vec4 v0x562af6353350_0, 0, 1;
    %pushi/vec4 0, 0, 2;
    %store/vec4 v0x562af63531d0_0, 0, 2;
    %jmp T_0.10;
T_0.10 ;
    %pop/vec4 1;
    %jmp T_0;
    .thread T_0, $push;
    .scope S_0x562af6309fe0;
T_1 ;
    %wait E_0x562af62f89b0;
    %load/vec4 v0x562af6354050_0;
    %dup/vec4;
    %pushi/vec4 19, 0, 7;
    %cmp/u;
    %jmp/1 T_1.0, 6;
    %dup/vec4;
    %pushi/vec4 3, 0, 7;
    %cmp/u;
    %jmp/1 T_1.1, 6;
    %dup/vec4;
    %pushi/vec4 103, 0, 7;
    %cmp/u;
    %jmp/1 T_1.2, 6;
    %dup/vec4;
    %pushi/vec4 35, 0, 7;
    %cmp/u;
    %jmp/1 T_1.3, 6;
    %dup/vec4;
    %pushi/vec4 99, 0, 7;
    %cmp/u;
    %jmp/1 T_1.4, 6;
    %dup/vec4;
    %pushi/vec4 55, 0, 7;
    %cmp/u;
    %jmp/1 T_1.5, 6;
    %dup/vec4;
    %pushi/vec4 23, 0, 7;
    %cmp/u;
    %jmp/1 T_1.6, 6;
    %dup/vec4;
    %pushi/vec4 111, 0, 7;
    %cmp/u;
    %jmp/1 T_1.7, 6;
    %pushi/vec4 0, 0, 64;
    %store/vec4 v0x562af6353eb0_0, 0, 64;
    %jmp T_1.9;
T_1.0 ;
    %load/vec4 v0x562af6353f90_0;
    %parti/s 1, 31, 6;
    %replicate 52;
    %load/vec4 v0x562af6353f90_0;
    %parti/s 12, 20, 6;
    %concat/vec4; draw_concat_vec4
    %store/vec4 v0x562af6353eb0_0, 0, 64;
    %jmp T_1.9;
T_1.1 ;
    %load/vec4 v0x562af6353f90_0;
    %parti/s 1, 31, 6;
    %replicate 52;
    %load/vec4 v0x562af6353f90_0;
    %parti/s 12, 20, 6;
    %concat/vec4; draw_concat_vec4
    %store/vec4 v0x562af6353eb0_0, 0, 64;
    %jmp T_1.9;
T_1.2 ;
    %load/vec4 v0x562af6353f90_0;
    %parti/s 1, 31, 6;
    %replicate 52;
    %load/vec4 v0x562af6353f90_0;
    %parti/s 12, 20, 6;
    %concat/vec4; draw_concat_vec4
    %store/vec4 v0x562af6353eb0_0, 0, 64;
    %jmp T_1.9;
T_1.3 ;
    %load/vec4 v0x562af6353f90_0;
    %parti/s 1, 31, 6;
    %replicate 52;
    %load/vec4 v0x562af6353f90_0;
    %parti/s 7, 25, 6;
    %concat/vec4; draw_concat_vec4
    %load/vec4 v0x562af6353f90_0;
    %parti/s 5, 7, 4;
    %concat/vec4; draw_concat_vec4
    %store/vec4 v0x562af6353eb0_0, 0, 64;
    %jmp T_1.9;
T_1.4 ;
    %load/vec4 v0x562af6353f90_0;
    %parti/s 1, 31, 6;
    %replicate 51;
    %load/vec4 v0x562af6353f90_0;
    %parti/s 1, 31, 6;
    %concat/vec4; draw_concat_vec4
    %load/vec4 v0x562af6353f90_0;
    %parti/s 1, 7, 4;
    %concat/vec4; draw_concat_vec4
    %load/vec4 v0x562af6353f90_0;
    %parti/s 6, 25, 6;
    %concat/vec4; draw_concat_vec4
    %load/vec4 v0x562af6353f90_0;
    %parti/s 4, 8, 5;
    %concat/vec4; draw_concat_vec4
    %concati/vec4 0, 0, 1;
    %store/vec4 v0x562af6353eb0_0, 0, 64;
    %jmp T_1.9;
T_1.5 ;
    %load/vec4 v0x562af6353f90_0;
    %parti/s 1, 31, 6;
    %replicate 32;
    %load/vec4 v0x562af6353f90_0;
    %parti/s 20, 12, 5;
    %concat/vec4; draw_concat_vec4
    %concati/vec4 0, 0, 12;
    %store/vec4 v0x562af6353eb0_0, 0, 64;
    %jmp T_1.9;
T_1.6 ;
    %load/vec4 v0x562af6353f90_0;
    %parti/s 1, 31, 6;
    %replicate 32;
    %load/vec4 v0x562af6353f90_0;
    %parti/s 20, 12, 5;
    %concat/vec4; draw_concat_vec4
    %concati/vec4 0, 0, 12;
    %store/vec4 v0x562af6353eb0_0, 0, 64;
    %jmp T_1.9;
T_1.7 ;
    %load/vec4 v0x562af6353f90_0;
    %parti/s 1, 31, 6;
    %replicate 43;
    %load/vec4 v0x562af6353f90_0;
    %parti/s 1, 31, 6;
    %concat/vec4; draw_concat_vec4
    %load/vec4 v0x562af6353f90_0;
    %parti/s 8, 12, 5;
    %concat/vec4; draw_concat_vec4
    %load/vec4 v0x562af6353f90_0;
    %parti/s 1, 20, 6;
    %concat/vec4; draw_concat_vec4
    %load/vec4 v0x562af6353f90_0;
    %parti/s 10, 21, 6;
    %concat/vec4; draw_concat_vec4
    %concati/vec4 0, 0, 1;
    %store/vec4 v0x562af6353eb0_0, 0, 64;
    %jmp T_1.9;
T_1.9 ;
    %pop/vec4 1;
    %jmp T_1;
    .thread T_1, $push;
    .scope S_0x562af630a3c0;
T_2 ;
    %wait E_0x562af6333f90;
    %load/vec4 v0x562af6354710_0;
    %parti/s 7, 0, 2;
    %store/vec4 v0x562af63548d0_0, 0, 7;
    %pushi/vec4 0, 0, 5;
    %store/vec4 v0x562af6354ce0_0, 0, 5;
    %pushi/vec4 0, 0, 5;
    %store/vec4 v0x562af6354ea0_0, 0, 5;
    %pushi/vec4 0, 0, 5;
    %store/vec4 v0x562af6354b20_0, 0, 5;
    %pushi/vec4 0, 0, 3;
    %store/vec4 v0x562af63542d0_0, 0, 3;
    %pushi/vec4 0, 0, 7;
    %store/vec4 v0x562af6354470_0, 0, 7;
    %pushi/vec4 0, 0, 32;
    %store/vec4 v0x562af6354630_0, 0, 32;
    %load/vec4 v0x562af63548d0_0;
    %dup/vec4;
    %pushi/vec4 51, 0, 7;
    %cmp/u;
    %jmp/1 T_2.0, 6;
    %dup/vec4;
    %pushi/vec4 19, 0, 7;
    %cmp/u;
    %jmp/1 T_2.1, 6;
    %dup/vec4;
    %pushi/vec4 3, 0, 7;
    %cmp/u;
    %jmp/1 T_2.2, 6;
    %dup/vec4;
    %pushi/vec4 103, 0, 7;
    %cmp/u;
    %jmp/1 T_2.3, 6;
    %dup/vec4;
    %pushi/vec4 35, 0, 7;
    %cmp/u;
    %jmp/1 T_2.4, 6;
    %dup/vec4;
    %pushi/vec4 99, 0, 7;
    %cmp/u;
    %jmp/1 T_2.5, 6;
    %dup/vec4;
    %pushi/vec4 55, 0, 7;
    %cmp/u;
    %jmp/1 T_2.6, 6;
    %dup/vec4;
    %pushi/vec4 23, 0, 7;
    %cmp/u;
    %jmp/1 T_2.7, 6;
    %dup/vec4;
    %pushi/vec4 111, 0, 7;
    %cmp/u;
    %jmp/1 T_2.8, 6;
    %jmp T_2.10;
T_2.0 ;
    %load/vec4 v0x562af6354710_0;
    %parti/s 5, 7, 4;
    %store/vec4 v0x562af6354b20_0, 0, 5;
    %load/vec4 v0x562af6354710_0;
    %parti/s 5, 15, 5;
    %store/vec4 v0x562af6354ce0_0, 0, 5;
    %load/vec4 v0x562af6354710_0;
    %parti/s 5, 20, 6;
    %store/vec4 v0x562af6354ea0_0, 0, 5;
    %load/vec4 v0x562af6354710_0;
    %parti/s 3, 12, 5;
    %store/vec4 v0x562af63542d0_0, 0, 3;
    %load/vec4 v0x562af6354710_0;
    %parti/s 7, 25, 6;
    %store/vec4 v0x562af6354470_0, 0, 7;
    %jmp T_2.10;
T_2.1 ;
    %load/vec4 v0x562af6354710_0;
    %parti/s 5, 7, 4;
    %store/vec4 v0x562af6354b20_0, 0, 5;
    %load/vec4 v0x562af6354710_0;
    %parti/s 5, 15, 5;
    %store/vec4 v0x562af6354ce0_0, 0, 5;
    %load/vec4 v0x562af6354710_0;
    %parti/s 3, 12, 5;
    %store/vec4 v0x562af63542d0_0, 0, 3;
    %load/vec4 v0x562af6354710_0;
    %parti/s 1, 31, 6;
    %replicate 20;
    %load/vec4 v0x562af6354710_0;
    %parti/s 12, 20, 6;
    %concat/vec4; draw_concat_vec4
    %store/vec4 v0x562af6354630_0, 0, 32;
    %jmp T_2.10;
T_2.2 ;
    %load/vec4 v0x562af6354710_0;
    %parti/s 5, 7, 4;
    %store/vec4 v0x562af6354b20_0, 0, 5;
    %load/vec4 v0x562af6354710_0;
    %parti/s 5, 15, 5;
    %store/vec4 v0x562af6354ce0_0, 0, 5;
    %load/vec4 v0x562af6354710_0;
    %parti/s 3, 12, 5;
    %store/vec4 v0x562af63542d0_0, 0, 3;
    %load/vec4 v0x562af6354710_0;
    %parti/s 1, 31, 6;
    %replicate 20;
    %load/vec4 v0x562af6354710_0;
    %parti/s 12, 20, 6;
    %concat/vec4; draw_concat_vec4
    %store/vec4 v0x562af6354630_0, 0, 32;
    %jmp T_2.10;
T_2.3 ;
    %load/vec4 v0x562af6354710_0;
    %parti/s 5, 7, 4;
    %store/vec4 v0x562af6354b20_0, 0, 5;
    %load/vec4 v0x562af6354710_0;
    %parti/s 5, 15, 5;
    %store/vec4 v0x562af6354ce0_0, 0, 5;
    %load/vec4 v0x562af6354710_0;
    %parti/s 3, 12, 5;
    %store/vec4 v0x562af63542d0_0, 0, 3;
    %load/vec4 v0x562af6354710_0;
    %parti/s 1, 31, 6;
    %replicate 20;
    %load/vec4 v0x562af6354710_0;
    %parti/s 12, 20, 6;
    %concat/vec4; draw_concat_vec4
    %store/vec4 v0x562af6354630_0, 0, 32;
    %jmp T_2.10;
T_2.4 ;
    %load/vec4 v0x562af6354710_0;
    %parti/s 5, 15, 5;
    %store/vec4 v0x562af6354ce0_0, 0, 5;
    %load/vec4 v0x562af6354710_0;
    %parti/s 5, 20, 6;
    %store/vec4 v0x562af6354ea0_0, 0, 5;
    %load/vec4 v0x562af6354710_0;
    %parti/s 3, 12, 5;
    %store/vec4 v0x562af63542d0_0, 0, 3;
    %load/vec4 v0x562af6354710_0;
    %parti/s 1, 31, 6;
    %replicate 20;
    %load/vec4 v0x562af6354710_0;
    %parti/s 7, 25, 6;
    %concat/vec4; draw_concat_vec4
    %load/vec4 v0x562af6354710_0;
    %parti/s 5, 7, 4;
    %concat/vec4; draw_concat_vec4
    %store/vec4 v0x562af6354630_0, 0, 32;
    %jmp T_2.10;
T_2.5 ;
    %load/vec4 v0x562af6354710_0;
    %parti/s 5, 15, 5;
    %store/vec4 v0x562af6354ce0_0, 0, 5;
    %load/vec4 v0x562af6354710_0;
    %parti/s 5, 20, 6;
    %store/vec4 v0x562af6354ea0_0, 0, 5;
    %load/vec4 v0x562af6354710_0;
    %parti/s 3, 12, 5;
    %store/vec4 v0x562af63542d0_0, 0, 3;
    %load/vec4 v0x562af6354710_0;
    %parti/s 1, 31, 6;
    %replicate 19;
    %load/vec4 v0x562af6354710_0;
    %parti/s 1, 31, 6;
    %concat/vec4; draw_concat_vec4
    %load/vec4 v0x562af6354710_0;
    %parti/s 1, 7, 4;
    %concat/vec4; draw_concat_vec4
    %load/vec4 v0x562af6354710_0;
    %parti/s 6, 25, 6;
    %concat/vec4; draw_concat_vec4
    %load/vec4 v0x562af6354710_0;
    %parti/s 4, 8, 5;
    %concat/vec4; draw_concat_vec4
    %concati/vec4 0, 0, 1;
    %store/vec4 v0x562af6354630_0, 0, 32;
    %jmp T_2.10;
T_2.6 ;
    %load/vec4 v0x562af6354710_0;
    %parti/s 5, 7, 4;
    %store/vec4 v0x562af6354b20_0, 0, 5;
    %load/vec4 v0x562af6354710_0;
    %parti/s 20, 12, 5;
    %concati/vec4 0, 0, 12;
    %store/vec4 v0x562af6354630_0, 0, 32;
    %jmp T_2.10;
T_2.7 ;
    %load/vec4 v0x562af6354710_0;
    %parti/s 5, 7, 4;
    %store/vec4 v0x562af6354b20_0, 0, 5;
    %load/vec4 v0x562af6354710_0;
    %parti/s 20, 12, 5;
    %concati/vec4 0, 0, 12;
    %store/vec4 v0x562af6354630_0, 0, 32;
    %jmp T_2.10;
T_2.8 ;
    %load/vec4 v0x562af6354710_0;
    %parti/s 5, 7, 4;
    %store/vec4 v0x562af6354b20_0, 0, 5;
    %load/vec4 v0x562af6354710_0;
    %parti/s 1, 31, 6;
    %replicate 11;
    %load/vec4 v0x562af6354710_0;
    %parti/s 1, 31, 6;
    %concat/vec4; draw_concat_vec4
    %load/vec4 v0x562af6354710_0;
    %parti/s 8, 12, 5;
    %concat/vec4; draw_concat_vec4
    %load/vec4 v0x562af6354710_0;
    %parti/s 1, 20, 6;
    %concat/vec4; draw_concat_vec4
    %load/vec4 v0x562af6354710_0;
    %parti/s 10, 21, 6;
    %concat/vec4; draw_concat_vec4
    %concati/vec4 0, 0, 1;
    %store/vec4 v0x562af6354630_0, 0, 32;
    %jmp T_2.10;
T_2.10 ;
    %pop/vec4 1;
    %jmp T_2;
    .thread T_2, $push;
    .scope S_0x562af6309440;
T_3 ;
    %wait E_0x562af6336720;
    %pushi/vec4 0, 0, 32;
    %store/vec4 v0x562af63552e0_0, 0, 32;
T_3.0 ;
    %load/vec4 v0x562af63552e0_0;
    %cmpi/s 32, 0, 32;
    %jmp/0xz T_3.1, 5;
    %load/vec4 v0x562af63552e0_0;
    %pad/s 64;
    %ix/getv/s 3, v0x562af63552e0_0;
    %ix/load 4, 0, 0; Constant delay
    %assign/vec4/a/d v0x562af63558c0, 0, 4;
    %load/vec4 v0x562af63552e0_0;
    %addi 1, 0, 32;
    %store/vec4 v0x562af63552e0_0, 0, 32;
    %jmp T_3.0;
T_3.1 ;
    %jmp T_3;
    .thread T_3;
    .scope S_0x562af6309440;
T_4 ;
    %wait E_0x562af63366e0;
    %load/vec4 v0x562af6355ed0_0;
    %cmpi/e 0, 0, 5;
    %flag_mov 8, 4;
    %jmp/0 T_4.0, 8;
    %pushi/vec4 0, 0, 64;
    %jmp/1 T_4.1, 8;
T_4.0 ; End of true expr.
    %load/vec4 v0x562af6355ed0_0;
    %pad/u 7;
    %ix/vec4 4;
    %load/vec4a v0x562af63558c0, 4;
    %jmp/0 T_4.1, 8;
 ; End of false expr.
    %blend;
T_4.1;
    %store/vec4 v0x562af6355560_0, 0, 64;
    %load/vec4 v0x562af6355fb0_0;
    %cmpi/e 0, 0, 5;
    %flag_mov 8, 4;
    %jmp/0 T_4.2, 8;
    %pushi/vec4 0, 0, 64;
    %jmp/1 T_4.3, 8;
T_4.2 ; End of true expr.
    %load/vec4 v0x562af6355fb0_0;
    %pad/u 7;
    %ix/vec4 4;
    %load/vec4a v0x562af63558c0, 4;
    %jmp/0 T_4.3, 8;
 ; End of false expr.
    %blend;
T_4.3;
    %store/vec4 v0x562af6355720_0, 0, 64;
    %jmp T_4;
    .thread T_4, $push;
    .scope S_0x562af6309440;
T_5 ;
    %wait E_0x562af63363a0;
    %load/vec4 v0x562af6355800_0;
    %load/vec4 v0x562af63553c0_0;
    %pushi/vec4 0, 0, 5;
    %cmp/ne;
    %flag_get/vec4 4;
    %and;
    %flag_set/vec4 8;
    %jmp/0xz  T_5.0, 8;
    %load/vec4 v0x562af6356090_0;
    %load/vec4 v0x562af63553c0_0;
    %pad/u 7;
    %ix/vec4 3;
    %ix/load 4, 0, 0; Constant delay
    %assign/vec4/a/d v0x562af63558c0, 0, 4;
T_5.0 ;
    %jmp T_5;
    .thread T_5;
# The file index is used to find the file name in the following table.
:file_names 3;
    "N/A";
    "<interactive>";
    "instruction_decode.v";
